[0.116s] Invoking command in '/home/safwan/krishi_cobot_ws/build/pymoveit2': CMAKE_PREFIX_PATH=${CMAKE_PREFIX_PATH}:/opt/ros/humble /usr/bin/cmake --build /home/safwan/krishi_cobot_ws/build/pymoveit2 -- -j4 -l4
[0.478s] [  3%] Built target pymoveit2__cpp
[0.634s] [  3%] Built target ament_cmake_python_symlink_pymoveit2
[0.736s] [ 12%] Built target pymoveit2__rosidl_typesupport_fastrtps_cpp
[0.836s] [ 22%] Built target pymoveit2__rosidl_typesupport_introspection_cpp
[1.458s] running egg_info
[1.461s] writing pymoveit2.egg-info/PKG-INFO
[1.461s] writing dependency_links to pymoveit2.egg-info/dependency_links.txt
[1.462s] writing top-level names to pymoveit2.egg-info/top_level.txt
[1.467s] reading manifest file 'pymoveit2.egg-info/SOURCES.txt'
[1.469s] writing manifest file 'pymoveit2.egg-info/SOURCES.txt'
[1.514s] [ 22%] Built target ament_cmake_python_build_pymoveit2_egg
[1.555s] [ 32%] Built target pymoveit2__rosidl_typesupport_cpp
[1.597s] [ 41%] Built target pymoveit2__rosidl_generator_c
[1.637s] [ 51%] Built target pymoveit2__rosidl_typesupport_fastrtps_c
[1.677s] [ 61%] Built target pymoveit2__rosidl_typesupport_c
[1.716s] [ 70%] Built target pymoveit2__rosidl_typesupport_introspection_c
[1.753s] [ 70%] Built target pymoveit2
[1.800s] [ 74%] Built target pymoveit2__py
[1.864s] [ 80%] Built target pymoveit2__rosidl_generator_py
[1.923s] [ 87%] Built target pymoveit2__rosidl_typesupport_fastrtps_c__pyext
[1.980s] [ 93%] Built target pymoveit2__rosidl_typesupport_c__pyext
[2.025s] [100%] Built target pymoveit2__rosidl_typesupport_introspection_c__pyext
[2.054s] Invoked command in '/home/safwan/krishi_cobot_ws/build/pymoveit2' returned '0': CMAKE_PREFIX_PATH=${CMAKE_PREFIX_PATH}:/opt/ros/humble /usr/bin/cmake --build /home/safwan/krishi_cobot_ws/build/pymoveit2 -- -j4 -l4
[2.058s] Invoking command in '/home/safwan/krishi_cobot_ws/build/pymoveit2': CMAKE_PREFIX_PATH=${CMAKE_PREFIX_PATH}:/opt/ros/humble /usr/bin/cmake --install /home/safwan/krishi_cobot_ws/build/pymoveit2
[2.079s] -- Install configuration: ""
[2.081s] -- Execute custom install script
[2.081s] -- Up-to-date symlink: /home/safwan/krishi_cobot_ws/install/pymoveit2/share/ament_index/resource_index/rosidl_interfaces/pymoveit2
[2.082s] -- Up-to-date symlink: /home/safwan/krishi_cobot_ws/install/pymoveit2/include/pymoveit2/pymoveit2/msg/rosidl_generator_c__visibility_control.h
[2.083s] -- Up-to-date symlink: /home/safwan/krishi_cobot_ws/install/pymoveit2/include/pymoveit2/pymoveit2/srv/detail/move_to_pose__functions.h
[2.083s] -- Up-to-date symlink: /home/safwan/krishi_cobot_ws/install/pymoveit2/include/pymoveit2/pymoveit2/srv/detail/move_to_pose__struct.h
[2.083s] -- Up-to-date symlink: /home/safwan/krishi_cobot_ws/install/pymoveit2/include/pymoveit2/pymoveit2/srv/detail/move_to_pose__type_support.h
[2.084s] -- Up-to-date symlink: /home/safwan/krishi_cobot_ws/install/pymoveit2/include/pymoveit2/pymoveit2/srv/move_to_pose.h
[2.084s] -- Up-to-date symlink: /home/safwan/krishi_cobot_ws/install/pymoveit2/share/pymoveit2/environment/library_path.sh
[2.085s] -- Up-to-date symlink: /home/safwan/krishi_cobot_ws/install/pymoveit2/share/pymoveit2/environment/library_path.dsv
[2.086s] -- Up-to-date symlink: /home/safwan/krishi_cobot_ws/install/pymoveit2/include/pymoveit2/pymoveit2/msg/rosidl_typesupport_fastrtps_c__visibility_control.h
[2.086s] -- Up-to-date symlink: /home/safwan/krishi_cobot_ws/install/pymoveit2/include/pymoveit2/pymoveit2/srv/detail/move_to_pose__rosidl_typesupport_fastrtps_c.h
[2.087s] -- Up-to-date symlink: /home/safwan/krishi_cobot_ws/install/pymoveit2/include/pymoveit2/pymoveit2/msg/rosidl_generator_cpp__visibility_control.hpp
[2.088s] -- Up-to-date symlink: /home/safwan/krishi_cobot_ws/install/pymoveit2/include/pymoveit2/pymoveit2/srv/detail/move_to_pose__builder.hpp
[2.088s] -- Up-to-date symlink: /home/safwan/krishi_cobot_ws/install/pymoveit2/include/pymoveit2/pymoveit2/srv/detail/move_to_pose__struct.hpp
[2.088s] -- Up-to-date symlink: /home/safwan/krishi_cobot_ws/install/pymoveit2/include/pymoveit2/pymoveit2/srv/detail/move_to_pose__traits.hpp
[2.089s] -- Up-to-date symlink: /home/safwan/krishi_cobot_ws/install/pymoveit2/include/pymoveit2/pymoveit2/srv/detail/move_to_pose__type_support.hpp
[2.089s] -- Up-to-date symlink: /home/safwan/krishi_cobot_ws/install/pymoveit2/include/pymoveit2/pymoveit2/srv/move_to_pose.hpp
[2.090s] -- Up-to-date symlink: /home/safwan/krishi_cobot_ws/install/pymoveit2/include/pymoveit2/pymoveit2/msg/rosidl_typesupport_fastrtps_cpp__visibility_control.h
[2.091s] -- Up-to-date symlink: /home/safwan/krishi_cobot_ws/install/pymoveit2/include/pymoveit2/pymoveit2/srv/detail/move_to_pose__rosidl_typesupport_fastrtps_cpp.hpp
[2.092s] -- Up-to-date symlink: /home/safwan/krishi_cobot_ws/install/pymoveit2/include/pymoveit2/pymoveit2/msg/rosidl_typesupport_introspection_c__visibility_control.h
[2.092s] -- Up-to-date symlink: /home/safwan/krishi_cobot_ws/install/pymoveit2/include/pymoveit2/pymoveit2/srv/detail/move_to_pose__rosidl_typesupport_introspection_c.h
[2.097s] -- Up-to-date symlink: /home/safwan/krishi_cobot_ws/install/pymoveit2/include/pymoveit2/pymoveit2/srv/detail/move_to_pose__rosidl_typesupport_introspection_cpp.hpp
[2.098s] -- Up-to-date symlink: /home/safwan/krishi_cobot_ws/install/pymoveit2/share/pymoveit2/environment/pythonpath.sh
[2.098s] -- Up-to-date symlink: /home/safwan/krishi_cobot_ws/install/pymoveit2/share/pymoveit2/environment/pythonpath.dsv
[2.098s] -- Up-to-date symlink: /home/safwan/krishi_cobot_ws/install/pymoveit2/local/lib/python3.10/dist-packages/pymoveit2-2.1.0-py3.10.egg-info/PKG-INFO
[2.099s] -- Up-to-date symlink: /home/safwan/krishi_cobot_ws/install/pymoveit2/local/lib/python3.10/dist-packages/pymoveit2-2.1.0-py3.10.egg-info/SOURCES.txt
[2.099s] -- Up-to-date symlink: /home/safwan/krishi_cobot_ws/install/pymoveit2/local/lib/python3.10/dist-packages/pymoveit2-2.1.0-py3.10.egg-info/dependency_links.txt
[2.099s] -- Up-to-date symlink: /home/safwan/krishi_cobot_ws/install/pymoveit2/local/lib/python3.10/dist-packages/pymoveit2-2.1.0-py3.10.egg-info/top_level.txt
[2.101s] -- Up-to-date symlink: /home/safwan/krishi_cobot_ws/install/pymoveit2/local/lib/python3.10/dist-packages/pymoveit2/__init__.py
[2.102s] -- Up-to-date symlink: /home/safwan/krishi_cobot_ws/install/pymoveit2/local/lib/python3.10/dist-packages/pymoveit2/_pymoveit2_s.ep.rosidl_typesupport_c.c
[2.102s] -- Up-to-date symlink: /home/safwan/krishi_cobot_ws/install/pymoveit2/local/lib/python3.10/dist-packages/pymoveit2/_pymoveit2_s.ep.rosidl_typesupport_fastrtps_c.c
[2.103s] -- Up-to-date symlink: /home/safwan/krishi_cobot_ws/install/pymoveit2/local/lib/python3.10/dist-packages/pymoveit2/_pymoveit2_s.ep.rosidl_typesupport_introspection_c.c
[2.104s] -- Up-to-date symlink: /home/safwan/krishi_cobot_ws/install/pymoveit2/local/lib/python3.10/dist-packages/pymoveit2/libpymoveit2__rosidl_generator_py.so
[2.104s] -- Up-to-date symlink: /home/safwan/krishi_cobot_ws/install/pymoveit2/local/lib/python3.10/dist-packages/pymoveit2/pymoveit2_s__rosidl_typesupport_c.cpython-310-x86_64-linux-gnu.so
[2.104s] -- Up-to-date symlink: /home/safwan/krishi_cobot_ws/install/pymoveit2/local/lib/python3.10/dist-packages/pymoveit2/pymoveit2_s__rosidl_typesupport_fastrtps_c.cpython-310-x86_64-linux-gnu.so
[2.104s] -- Up-to-date symlink: /home/safwan/krishi_cobot_ws/install/pymoveit2/local/lib/python3.10/dist-packages/pymoveit2/pymoveit2_s__rosidl_typesupport_introspection_c.cpython-310-x86_64-linux-gnu.so
[2.104s] -- Up-to-date symlink: /home/safwan/krishi_cobot_ws/install/pymoveit2/local/lib/python3.10/dist-packages/pymoveit2/srv/__init__.py
[2.105s] -- Up-to-date symlink: /home/safwan/krishi_cobot_ws/install/pymoveit2/local/lib/python3.10/dist-packages/pymoveit2/srv/_move_to_pose.py
[2.105s] -- Up-to-date symlink: /home/safwan/krishi_cobot_ws/install/pymoveit2/local/lib/python3.10/dist-packages/pymoveit2/srv/_move_to_pose_s.c
[2.106s] -- Up-to-date symlink: /home/safwan/krishi_cobot_ws/install/pymoveit2/local/lib/python3.10/dist-packages/pymoveit2/pymoveit2_s__rosidl_typesupport_fastrtps_c.cpython-310-x86_64-linux-gnu.so
[2.107s] -- Up-to-date symlink: /home/safwan/krishi_cobot_ws/install/pymoveit2/local/lib/python3.10/dist-packages/pymoveit2/pymoveit2_s__rosidl_typesupport_introspection_c.cpython-310-x86_64-linux-gnu.so
[2.108s] -- Up-to-date symlink: /home/safwan/krishi_cobot_ws/install/pymoveit2/local/lib/python3.10/dist-packages/pymoveit2/pymoveit2_s__rosidl_typesupport_c.cpython-310-x86_64-linux-gnu.so
[2.109s] -- Up-to-date symlink: /home/safwan/krishi_cobot_ws/install/pymoveit2/share/pymoveit2/srv/MoveToPose.idl
[2.110s] -- Up-to-date symlink: /home/safwan/krishi_cobot_ws/install/pymoveit2/share/pymoveit2/srv/MoveToPose.srv
[2.111s] -- Up-to-date symlink: /home/safwan/krishi_cobot_ws/install/pymoveit2/share/pymoveit2/srv/MoveToPose_Request.msg
[2.112s] -- Up-to-date symlink: /home/safwan/krishi_cobot_ws/install/pymoveit2/share/pymoveit2/srv/MoveToPose_Response.msg
[2.113s] -- Up-to-date symlink: /home/safwan/krishi_cobot_ws/install/pymoveit2/lib/pymoveit2/twist_servo_cal.py
[2.113s] -- Up-to-date symlink: /home/safwan/krishi_cobot_ws/install/pymoveit2/lib/pymoveit2/kdl_parser_py.py
[2.114s] -- Up-to-date symlink: /home/safwan/krishi_cobot_ws/install/pymoveit2/share/pymoveit2/ur5_arm.urdf
[2.115s] -- Up-to-date symlink: /home/safwan/krishi_cobot_ws/install/pymoveit2/share/pymoveit2/srv/MoveToPose.srv
[2.116s] -- Up-to-date symlink: /home/safwan/krishi_cobot_ws/install/pymoveit2/share/ament_index/resource_index/package_run_dependencies/pymoveit2
[2.117s] -- Up-to-date symlink: /home/safwan/krishi_cobot_ws/install/pymoveit2/share/ament_index/resource_index/parent_prefix_path/pymoveit2
[2.117s] -- Up-to-date symlink: /home/safwan/krishi_cobot_ws/install/pymoveit2/share/pymoveit2/environment/ament_prefix_path.sh
[2.118s] -- Up-to-date symlink: /home/safwan/krishi_cobot_ws/install/pymoveit2/share/pymoveit2/environment/ament_prefix_path.dsv
[2.119s] -- Up-to-date symlink: /home/safwan/krishi_cobot_ws/install/pymoveit2/share/pymoveit2/environment/path.sh
[2.120s] -- Up-to-date symlink: /home/safwan/krishi_cobot_ws/install/pymoveit2/share/pymoveit2/environment/path.dsv
[2.120s] -- Up-to-date symlink: /home/safwan/krishi_cobot_ws/install/pymoveit2/share/pymoveit2/local_setup.bash
[2.126s] -- Up-to-date symlink: /home/safwan/krishi_cobot_ws/install/pymoveit2/share/pymoveit2/local_setup.sh
[2.126s] -- Up-to-date symlink: /home/safwan/krishi_cobot_ws/install/pymoveit2/share/pymoveit2/local_setup.zsh
[2.126s] -- Up-to-date symlink: /home/safwan/krishi_cobot_ws/install/pymoveit2/share/pymoveit2/local_setup.dsv
[2.126s] -- Symlinking: /home/safwan/krishi_cobot_ws/install/pymoveit2/share/pymoveit2/package.dsv
[2.158s] -- Up-to-date symlink: /home/safwan/krishi_cobot_ws/install/pymoveit2/share/ament_index/resource_index/packages/pymoveit2
[2.158s] -- Up-to-date symlink: /home/safwan/krishi_cobot_ws/install/pymoveit2/share/pymoveit2/cmake/rosidl_cmake-extras.cmake
[2.159s] -- Up-to-date symlink: /home/safwan/krishi_cobot_ws/install/pymoveit2/share/pymoveit2/cmake/ament_cmake_export_include_directories-extras.cmake
[2.159s] -- Up-to-date symlink: /home/safwan/krishi_cobot_ws/install/pymoveit2/share/pymoveit2/cmake/ament_cmake_export_libraries-extras.cmake
[2.164s] -- Up-to-date symlink: /home/safwan/krishi_cobot_ws/install/pymoveit2/share/pymoveit2/cmake/ament_cmake_export_targets-extras.cmake
[2.164s] -- Up-to-date symlink: /home/safwan/krishi_cobot_ws/install/pymoveit2/share/pymoveit2/cmake/rosidl_cmake_export_typesupport_targets-extras.cmake
[2.165s] -- Up-to-date symlink: /home/safwan/krishi_cobot_ws/install/pymoveit2/share/pymoveit2/cmake/ament_cmake_export_dependencies-extras.cmake
[2.165s] -- Up-to-date symlink: /home/safwan/krishi_cobot_ws/install/pymoveit2/share/pymoveit2/cmake/rosidl_cmake_export_typesupport_libraries-extras.cmake
[2.166s] -- Up-to-date symlink: /home/safwan/krishi_cobot_ws/install/pymoveit2/share/pymoveit2/cmake/pymoveit2Config.cmake
[2.166s] -- Up-to-date symlink: /home/safwan/krishi_cobot_ws/install/pymoveit2/share/pymoveit2/cmake/pymoveit2Config-version.cmake
[2.167s] -- Up-to-date symlink: /home/safwan/krishi_cobot_ws/install/pymoveit2/share/pymoveit2/package.xml
[2.169s] -- Up-to-date: /home/safwan/krishi_cobot_ws/install/pymoveit2/lib/libpymoveit2__rosidl_generator_c.so
[2.172s] -- Up-to-date: /home/safwan/krishi_cobot_ws/install/pymoveit2/lib/libpymoveit2__rosidl_typesupport_fastrtps_c.so
[2.173s] -- Up-to-date: /home/safwan/krishi_cobot_ws/install/pymoveit2/lib/libpymoveit2__rosidl_typesupport_fastrtps_cpp.so
[2.179s] -- Up-to-date: /home/safwan/krishi_cobot_ws/install/pymoveit2/lib/libpymoveit2__rosidl_typesupport_introspection_c.so
[2.179s] -- Up-to-date: /home/safwan/krishi_cobot_ws/install/pymoveit2/lib/libpymoveit2__rosidl_typesupport_c.so
[2.181s] -- Up-to-date: /home/safwan/krishi_cobot_ws/install/pymoveit2/lib/libpymoveit2__rosidl_typesupport_introspection_cpp.so
[2.183s] -- Up-to-date: /home/safwan/krishi_cobot_ws/install/pymoveit2/lib/libpymoveit2__rosidl_typesupport_cpp.so
[2.265s] Listing '/home/safwan/krishi_cobot_ws/install/pymoveit2/local/lib/python3.10/dist-packages/pymoveit2'...
[2.265s] Listing '/home/safwan/krishi_cobot_ws/install/pymoveit2/local/lib/python3.10/dist-packages/pymoveit2/srv'...
[2.282s] -- Up-to-date: /home/safwan/krishi_cobot_ws/install/pymoveit2/lib/libpymoveit2__rosidl_generator_py.so
[2.282s] -- Up-to-date: /home/safwan/krishi_cobot_ws/install/pymoveit2/share/pymoveit2/cmake/export_pymoveit2__rosidl_generator_cExport.cmake
[2.282s] -- Up-to-date: /home/safwan/krishi_cobot_ws/install/pymoveit2/share/pymoveit2/cmake/export_pymoveit2__rosidl_generator_cExport-noconfig.cmake
[2.283s] -- Up-to-date: /home/safwan/krishi_cobot_ws/install/pymoveit2/share/pymoveit2/cmake/export_pymoveit2__rosidl_typesupport_fastrtps_cExport.cmake
[2.283s] -- Up-to-date: /home/safwan/krishi_cobot_ws/install/pymoveit2/share/pymoveit2/cmake/export_pymoveit2__rosidl_typesupport_fastrtps_cExport-noconfig.cmake
[2.284s] -- Up-to-date: /home/safwan/krishi_cobot_ws/install/pymoveit2/share/pymoveit2/cmake/export_pymoveit2__rosidl_generator_cppExport.cmake
[2.285s] -- Up-to-date: /home/safwan/krishi_cobot_ws/install/pymoveit2/share/pymoveit2/cmake/export_pymoveit2__rosidl_typesupport_fastrtps_cppExport.cmake
[2.285s] -- Up-to-date: /home/safwan/krishi_cobot_ws/install/pymoveit2/share/pymoveit2/cmake/export_pymoveit2__rosidl_typesupport_fastrtps_cppExport-noconfig.cmake
[2.286s] -- Up-to-date: /home/safwan/krishi_cobot_ws/install/pymoveit2/share/pymoveit2/cmake/pymoveit2__rosidl_typesupport_introspection_cExport.cmake
[2.286s] -- Up-to-date: /home/safwan/krishi_cobot_ws/install/pymoveit2/share/pymoveit2/cmake/pymoveit2__rosidl_typesupport_introspection_cExport-noconfig.cmake
[2.287s] -- Up-to-date: /home/safwan/krishi_cobot_ws/install/pymoveit2/share/pymoveit2/cmake/pymoveit2__rosidl_typesupport_cExport.cmake
[2.287s] -- Up-to-date: /home/safwan/krishi_cobot_ws/install/pymoveit2/share/pymoveit2/cmake/pymoveit2__rosidl_typesupport_cExport-noconfig.cmake
[2.288s] -- Up-to-date: /home/safwan/krishi_cobot_ws/install/pymoveit2/share/pymoveit2/cmake/pymoveit2__rosidl_typesupport_introspection_cppExport.cmake
[2.289s] -- Up-to-date: /home/safwan/krishi_cobot_ws/install/pymoveit2/share/pymoveit2/cmake/pymoveit2__rosidl_typesupport_introspection_cppExport-noconfig.cmake
[2.292s] -- Up-to-date: /home/safwan/krishi_cobot_ws/install/pymoveit2/share/pymoveit2/cmake/pymoveit2__rosidl_typesupport_cppExport.cmake
[2.292s] -- Up-to-date: /home/safwan/krishi_cobot_ws/install/pymoveit2/share/pymoveit2/cmake/pymoveit2__rosidl_typesupport_cppExport-noconfig.cmake
[2.293s] -- Up-to-date: /home/safwan/krishi_cobot_ws/install/pymoveit2/share/pymoveit2/cmake/export_pymoveit2__rosidl_generator_pyExport.cmake
[2.293s] -- Up-to-date: /home/safwan/krishi_cobot_ws/install/pymoveit2/share/pymoveit2/cmake/export_pymoveit2__rosidl_generator_pyExport-noconfig.cmake
[2.302s] Invoked command in '/home/safwan/krishi_cobot_ws/build/pymoveit2' returned '0': CMAKE_PREFIX_PATH=${CMAKE_PREFIX_PATH}:/opt/ros/humble /usr/bin/cmake --install /home/safwan/krishi_cobot_ws/build/pymoveit2
