[0.081s] Invoking command in '/home/safwan/krishi_cobot_ws/build/ebot_description': CMAKE_PREFIX_PATH=${CMAKE_PREFIX_PATH}:/opt/ros/humble /usr/bin/cmake /home/safwan/krishi_cobot_ws/src/eyrc-25-26-krishi-cobot/ebot_description -DAMENT_CMAKE_SYMLINK_INSTALL=1 -DCMAKE_INSTALL_PREFIX=/home/safwan/krishi_cobot_ws/install/ebot_description
[0.479s] -- The C compiler identification is GNU 11.4.0
[0.768s] -- The CXX compiler identification is GNU 11.4.0
[0.797s] -- Detecting C compiler ABI info
[1.248s] -- Detecting C compiler ABI info - done
[1.313s] -- Check for working C compiler: /usr/bin/cc - skipped
[1.313s] -- Detecting C compile features
[1.317s] -- Detecting C compile features - done
[1.329s] -- Detecting CXX compiler ABI info
[1.866s] -- Detecting CXX compiler ABI info - done
[1.920s] -- Check for working CXX compiler: /usr/bin/c++ - skipped
[1.920s] -- Detecting CXX compile features
[1.925s] -- Detecting CXX compile features - done
[1.932s] -- Found ament_cmake: 1.3.12 (/opt/ros/humble/share/ament_cmake/cmake)
[2.841s] -- Found Python3: /usr/bin/python3 (found version "3.10.12") found components: Interpreter 
[3.126s] -- Override CMake install command with custom implementation using symlinks instead of copying resources
[3.254s] -- Found rclcpp: 16.0.14 (/opt/ros/humble/share/rclcpp/cmake)
[3.468s] -- Found rosidl_generator_c: 3.1.7 (/opt/ros/humble/share/rosidl_generator_c/cmake)
[3.491s] -- Found rosidl_adapter: 3.1.7 (/opt/ros/humble/share/rosidl_adapter/cmake)
[3.525s] -- Found rosidl_generator_cpp: 3.1.7 (/opt/ros/humble/share/rosidl_generator_cpp/cmake)
[3.595s] -- Using all available rosidl_typesupport_c: rosidl_typesupport_fastrtps_c;rosidl_typesupport_introspection_c
[3.666s] -- Using all available rosidl_typesupport_cpp: rosidl_typesupport_fastrtps_cpp;rosidl_typesupport_introspection_cpp
[3.878s] -- Found rmw_implementation_cmake: 6.1.2 (/opt/ros/humble/share/rmw_implementation_cmake/cmake)
[3.899s] -- Found rmw_fastrtps_cpp: 6.2.8 (/opt/ros/humble/share/rmw_fastrtps_cpp/cmake)
[4.509s] -- Found OpenSSL: /usr/lib/x86_64-linux-gnu/libcrypto.so (found version "3.0.2")  
[4.650s] -- Found FastRTPS: /opt/ros/humble/include  
[4.981s] -- Using RMW implementation 'rmw_fastrtps_cpp' as default
[5.068s] -- Looking for pthread.h
[5.549s] -- Looking for pthread.h - found
[5.551s] -- Performing Test CMAKE_HAVE_LIBC_PTHREAD
[6.111s] -- Performing Test CMAKE_HAVE_LIBC_PTHREAD - Success
[6.117s] -- Found Threads: TRUE  
[6.415s] -- Found rclpy: 3.3.17 (/opt/ros/humble/share/rclpy/cmake)
[6.421s] -- Found urdf: 2.6.1 (/opt/ros/humble/share/urdf/cmake)
[6.559s] -- Found xacro: 2.1.1 (/opt/ros/humble/share/xacro/cmake)
[6.565s] -- Found ament_lint_auto: 0.12.14 (/opt/ros/humble/share/ament_lint_auto/cmake)
[7.089s] -- Added test 'flake8' to check Python code syntax and style conventions
[7.097s] -- Added test 'lint_cmake' to check CMake code style
[7.101s] -- Added test 'pep257' to check Python code against some of the docstring style conventions in PEP 257
[7.125s] -- Added test 'xmllint' to check XML markup files
[7.150s] -- Configuring done
[7.183s] -- Generating done
[7.198s] -- Build files have been written to: /home/safwan/krishi_cobot_ws/build/ebot_description
[7.292s] Invoked command in '/home/safwan/krishi_cobot_ws/build/ebot_description' returned '0': CMAKE_PREFIX_PATH=${CMAKE_PREFIX_PATH}:/opt/ros/humble /usr/bin/cmake /home/safwan/krishi_cobot_ws/src/eyrc-25-26-krishi-cobot/ebot_description -DAMENT_CMAKE_SYMLINK_INSTALL=1 -DCMAKE_INSTALL_PREFIX=/home/safwan/krishi_cobot_ws/install/ebot_description
[7.294s] Invoking command in '/home/safwan/krishi_cobot_ws/build/ebot_description': CMAKE_PREFIX_PATH=${CMAKE_PREFIX_PATH}:/opt/ros/humble /usr/bin/cmake --build /home/safwan/krishi_cobot_ws/build/ebot_description -- -j4 -l4
[7.558s] Invoked command in '/home/safwan/krishi_cobot_ws/build/ebot_description' returned '0': CMAKE_PREFIX_PATH=${CMAKE_PREFIX_PATH}:/opt/ros/humble /usr/bin/cmake --build /home/safwan/krishi_cobot_ws/build/ebot_description -- -j4 -l4
[7.565s] Invoking command in '/home/safwan/krishi_cobot_ws/build/ebot_description': CMAKE_PREFIX_PATH=${CMAKE_PREFIX_PATH}:/opt/ros/humble /usr/bin/cmake --install /home/safwan/krishi_cobot_ws/build/ebot_description
[7.603s] -- Install configuration: ""
[7.604s] -- Execute custom install script
[7.606s] -- Symlinking: /home/safwan/krishi_cobot_ws/install/ebot_description/share/ebot_description//launch/spawn_ebot.launch.py
[7.644s] -- Symlinking: /home/safwan/krishi_cobot_ws/install/ebot_description/share/ebot_description//worlds/empty.world
[7.683s] -- Symlinking: /home/safwan/krishi_cobot_ws/install/ebot_description/share/ebot_description//models/ebot/ebot.gazebo
[7.740s] -- Symlinking: /home/safwan/krishi_cobot_ws/install/ebot_description/share/ebot_description//models/ebot/ebot_description.xacro
[7.833s] -- Symlinking: /home/safwan/krishi_cobot_ws/install/ebot_description/share/ebot_description//meshes/FUS1.STL
[7.900s] -- Symlinking: /home/safwan/krishi_cobot_ws/install/ebot_description/share/ebot_description//meshes/FUS2.STL
[7.932s] -- Symlinking: /home/safwan/krishi_cobot_ws/install/ebot_description/share/ebot_description//meshes/FUS3.STL
[7.972s] -- Symlinking: /home/safwan/krishi_cobot_ws/install/ebot_description/share/ebot_description//meshes/FUS4.STL
[8.029s] -- Symlinking: /home/safwan/krishi_cobot_ws/install/ebot_description/share/ebot_description//meshes/FWL.STL
[8.095s] -- Symlinking: /home/safwan/krishi_cobot_ws/install/ebot_description/share/ebot_description//meshes/FWR.STL
[8.174s] -- Symlinking: /home/safwan/krishi_cobot_ws/install/ebot_description/share/ebot_description//meshes/LHUS10.STL
[8.206s] -- Symlinking: /home/safwan/krishi_cobot_ws/install/ebot_description/share/ebot_description//meshes/LHUS9.STL
[8.233s] -- Symlinking: /home/safwan/krishi_cobot_ws/install/ebot_description/share/ebot_description//meshes/RHUS7.STL
[8.267s] -- Symlinking: /home/safwan/krishi_cobot_ws/install/ebot_description/share/ebot_description//meshes/RHUS9.STL
[8.295s] -- Symlinking: /home/safwan/krishi_cobot_ws/install/ebot_description/share/ebot_description//meshes/RUS5.STL
[8.324s] -- Symlinking: /home/safwan/krishi_cobot_ws/install/ebot_description/share/ebot_description//meshes/RUS6.STL
[8.371s] -- Symlinking: /home/safwan/krishi_cobot_ws/install/ebot_description/share/ebot_description//meshes/RWL.STL
[8.424s] -- Symlinking: /home/safwan/krishi_cobot_ws/install/ebot_description/share/ebot_description//meshes/RWR.STL
[8.469s] -- Symlinking: /home/safwan/krishi_cobot_ws/install/ebot_description/share/ebot_description//meshes/aruco_tag.jpg.001.jpg
[8.506s] -- Symlinking: /home/safwan/krishi_cobot_ws/install/ebot_description/share/ebot_description//meshes/chassis.dae
[8.532s] -- Symlinking: /home/safwan/krishi_cobot_ws/install/ebot_description/share/ebot_description//meshes/chassis_modified.dae
[8.558s] -- Symlinking: /home/safwan/krishi_cobot_ws/install/ebot_description/share/ebot_description//meshes/robot_base.stl
[8.609s] -- Symlinking: /home/safwan/krishi_cobot_ws/install/ebot_description/share/ebot_description//plugins/libgazebo_collision_sensor.so
[8.660s] -- Symlinking: /home/safwan/krishi_cobot_ws/install/ebot_description/share/ebot_description//plugins/libgazebo_ros_vacuum_gripper.so
[8.723s] -- Symlinking: /home/safwan/krishi_cobot_ws/install/ebot_description/share/ebot_description//config/bridge.yaml
[8.797s] -- Symlinking: /home/safwan/krishi_cobot_ws/install/ebot_description/share/ebot_description//config/controller.yaml
[8.892s] -- Symlinking: /home/safwan/krishi_cobot_ws/install/ebot_description/lib/ebot_description/pyarmor_runtime_000000/__init__.py
[8.952s] -- Symlinking: /home/safwan/krishi_cobot_ws/install/ebot_description/lib/ebot_description/pyarmor_runtime_000000/pyarmor_runtime.so
[9.006s] -- Symlinking: /home/safwan/krishi_cobot_ws/install/ebot_description/lib/ebot_description/pyarmor_runtime_000000/__init__.py
[9.060s] -- Symlinking: /home/safwan/krishi_cobot_ws/install/ebot_description/lib/ebot_description/pyarmor_runtime_000000/pyarmor_runtime.so
[9.103s] -- Symlinking: /home/safwan/krishi_cobot_ws/install/ebot_description/lib/ebot_description/payload.py
[9.161s] -- Symlinking: /home/safwan/krishi_cobot_ws/install/ebot_description/lib/ebot_description/spawner.py
[9.194s] -- Symlinking: /home/safwan/krishi_cobot_ws/install/ebot_description/share/ament_index/resource_index/package_run_dependencies/ebot_description
[9.232s] -- Symlinking: /home/safwan/krishi_cobot_ws/install/ebot_description/share/ament_index/resource_index/parent_prefix_path/ebot_description
[9.293s] -- Symlinking: /home/safwan/krishi_cobot_ws/install/ebot_description/share/ebot_description/environment/ament_prefix_path.sh
[9.364s] -- Symlinking: /home/safwan/krishi_cobot_ws/install/ebot_description/share/ebot_description/environment/ament_prefix_path.dsv
[9.396s] -- Symlinking: /home/safwan/krishi_cobot_ws/install/ebot_description/share/ebot_description/environment/path.sh
[9.464s] -- Symlinking: /home/safwan/krishi_cobot_ws/install/ebot_description/share/ebot_description/environment/path.dsv
[9.494s] -- Symlinking: /home/safwan/krishi_cobot_ws/install/ebot_description/share/ebot_description/local_setup.bash
[9.534s] -- Symlinking: /home/safwan/krishi_cobot_ws/install/ebot_description/share/ebot_description/local_setup.sh
[9.575s] -- Symlinking: /home/safwan/krishi_cobot_ws/install/ebot_description/share/ebot_description/local_setup.zsh
[9.622s] -- Symlinking: /home/safwan/krishi_cobot_ws/install/ebot_description/share/ebot_description/local_setup.dsv
[9.652s] -- Symlinking: /home/safwan/krishi_cobot_ws/install/ebot_description/share/ebot_description/package.dsv
[9.686s] -- Symlinking: /home/safwan/krishi_cobot_ws/install/ebot_description/share/ament_index/resource_index/packages/ebot_description
[9.738s] -- Symlinking: /home/safwan/krishi_cobot_ws/install/ebot_description/share/ebot_description/cmake/ebot_descriptionConfig.cmake
[9.785s] -- Symlinking: /home/safwan/krishi_cobot_ws/install/ebot_description/share/ebot_description/cmake/ebot_descriptionConfig-version.cmake
[9.839s] -- Symlinking: /home/safwan/krishi_cobot_ws/install/ebot_description/share/ebot_description/package.xml
[9.927s] Invoked command in '/home/safwan/krishi_cobot_ws/build/ebot_description' returned '0': CMAKE_PREFIX_PATH=${CMAKE_PREFIX_PATH}:/opt/ros/humble /usr/bin/cmake --install /home/safwan/krishi_cobot_ws/build/ebot_description
