-- Found ament_cmake: 1.3.12 (/opt/ros/humble/share/ament_cmake/cmake)
-- Override CMake install command with custom implementation using symlinks instead of copying resources
-- Found rclcpp: 16.0.14 (/opt/ros/humble/share/rclcpp/cmake)
-- Found rosidl_generator_c: 3.1.7 (/opt/ros/humble/share/rosidl_generator_c/cmake)
-- Found rosidl_adapter: 3.1.7 (/opt/ros/humble/share/rosidl_adapter/cmake)
-- Found rosidl_generator_cpp: 3.1.7 (/opt/ros/humble/share/rosidl_generator_cpp/cmake)
-- Using all available rosidl_typesupport_c: rosidl_typesupport_fastrtps_c;rosidl_typesupport_introspection_c
-- Using all available rosidl_typesupport_cpp: rosidl_typesupport_fastrtps_cpp;rosidl_typesupport_introspection_cpp
-- Found rmw_implementation_cmake: 6.1.2 (/opt/ros/humble/share/rmw_implementation_cmake/cmake)
-- Found rmw_fastrtps_cpp: 6.2.8 (/opt/ros/humble/share/rmw_fastrtps_cpp/cmake)
-- Using RMW implementation 'rmw_fastrtps_cpp' as default
-- Found sensor_msgs: 4.9.0 (/opt/ros/humble/share/sensor_msgs/cmake)
-- Found trajectory_msgs: 4.9.0 (/opt/ros/humble/share/trajectory_msgs/cmake)
-- Found kdl_parser: 2.6.4 (/opt/ros/humble/share/kdl_parser/cmake)
-- Found eigen3_cmake_module: 0.1.1 (/opt/ros/humble/share/eigen3_cmake_module/cmake)
-- Ensuring Eigen3 include directory is part of orocos-kdl CMake target
-- Found urdf: 2.6.1 (/opt/ros/humble/share/urdf/cmake)
-- Found rosidl_default_generators: 1.2.0 (/opt/ros/humble/share/rosidl_default_generators/cmake)
-- Found ament_cmake_ros: 0.10.0 (/opt/ros/humble/share/ament_cmake_ros/cmake)
-- Using all available rosidl_typesupport_c: rosidl_typesupport_fastrtps_c;rosidl_typesupport_introspection_c
-- Using all available rosidl_typesupport_cpp: rosidl_typesupport_fastrtps_cpp;rosidl_typesupport_introspection_cpp
-- Found python_cmake_module: 0.10.0 (/opt/ros/humble/share/python_cmake_module/cmake)
-- Using PYTHON_EXECUTABLE: /usr/bin/python3
-- Using PYTHON_INCLUDE_DIRS: /usr/include/python3.10
-- Using PYTHON_LIBRARIES: /usr/lib/x86_64-linux-gnu/libpython3.10.so
-- Configuring done
-- Generating done
-- Build files have been written to: /home/safwan/krishi_cobot_ws/build/pymoveit2
[  3%] Built target pymoveit2__cpp
[  3%] Built target ament_cmake_python_symlink_pymoveit2
[35m[1mConsolidate compiler generated dependencies of target pymoveit2__rosidl_typesupport_fastrtps_cpp[0m
[ 12%] Built target pymoveit2__rosidl_typesupport_fastrtps_cpp
[35m[1mConsolidate compiler generated dependencies of target pymoveit2__rosidl_typesupport_introspection_cpp[0m
[ 22%] Built target pymoveit2__rosidl_typesupport_introspection_cpp
running egg_info
writing pymoveit2.egg-info/PKG-INFO
writing dependency_links to pymoveit2.egg-info/dependency_links.txt
writing top-level names to pymoveit2.egg-info/top_level.txt
reading manifest file 'pymoveit2.egg-info/SOURCES.txt'
writing manifest file 'pymoveit2.egg-info/SOURCES.txt'
[ 22%] Built target ament_cmake_python_build_pymoveit2_egg
[35m[1mConsolidate compiler generated dependencies of target pymoveit2__rosidl_typesupport_cpp[0m
[ 32%] Built target pymoveit2__rosidl_typesupport_cpp
[35m[1mConsolidate compiler generated dependencies of target pymoveit2__rosidl_generator_c[0m
[ 41%] Built target pymoveit2__rosidl_generator_c
[35m[1mConsolidate compiler generated dependencies of target pymoveit2__rosidl_typesupport_fastrtps_c[0m
[ 51%] Built target pymoveit2__rosidl_typesupport_fastrtps_c
[35m[1mConsolidate compiler generated dependencies of target pymoveit2__rosidl_typesupport_c[0m
[ 61%] Built target pymoveit2__rosidl_typesupport_c
[35m[1mConsolidate compiler generated dependencies of target pymoveit2__rosidl_typesupport_introspection_c[0m
[ 70%] Built target pymoveit2__rosidl_typesupport_introspection_c
[ 70%] Built target pymoveit2
[ 74%] Built target pymoveit2__py
[35m[1mConsolidate compiler generated dependencies of target pymoveit2__rosidl_generator_py[0m
[ 80%] Built target pymoveit2__rosidl_generator_py
[35m[1mConsolidate compiler generated dependencies of target pymoveit2__rosidl_typesupport_fastrtps_c__pyext[0m
[ 87%] Built target pymoveit2__rosidl_typesupport_fastrtps_c__pyext
[35m[1mConsolidate compiler generated dependencies of target pymoveit2__rosidl_typesupport_c__pyext[0m
[ 93%] Built target pymoveit2__rosidl_typesupport_c__pyext
[35m[1mConsolidate compiler generated dependencies of target pymoveit2__rosidl_typesupport_introspection_c__pyext[0m
[100%] Built target pymoveit2__rosidl_typesupport_introspection_c__pyext
-- Install configuration: ""
-- Execute custom install script
-- Up-to-date symlink: /home/safwan/krishi_cobot_ws/install/pymoveit2/share/ament_index/resource_index/rosidl_interfaces/pymoveit2
-- Up-to-date symlink: /home/safwan/krishi_cobot_ws/install/pymoveit2/include/pymoveit2/pymoveit2/msg/rosidl_generator_c__visibility_control.h
-- Up-to-date symlink: /home/safwan/krishi_cobot_ws/install/pymoveit2/include/pymoveit2/pymoveit2/srv/detail/move_to_pose__functions.h
-- Up-to-date symlink: /home/safwan/krishi_cobot_ws/install/pymoveit2/include/pymoveit2/pymoveit2/srv/detail/move_to_pose__struct.h
-- Up-to-date symlink: /home/safwan/krishi_cobot_ws/install/pymoveit2/include/pymoveit2/pymoveit2/srv/detail/move_to_pose__type_support.h
-- Up-to-date symlink: /home/safwan/krishi_cobot_ws/install/pymoveit2/include/pymoveit2/pymoveit2/srv/move_to_pose.h
-- Up-to-date symlink: /home/safwan/krishi_cobot_ws/install/pymoveit2/share/pymoveit2/environment/library_path.sh
-- Up-to-date symlink: /home/safwan/krishi_cobot_ws/install/pymoveit2/share/pymoveit2/environment/library_path.dsv
-- Up-to-date symlink: /home/safwan/krishi_cobot_ws/install/pymoveit2/include/pymoveit2/pymoveit2/msg/rosidl_typesupport_fastrtps_c__visibility_control.h
-- Up-to-date symlink: /home/safwan/krishi_cobot_ws/install/pymoveit2/include/pymoveit2/pymoveit2/srv/detail/move_to_pose__rosidl_typesupport_fastrtps_c.h
-- Up-to-date symlink: /home/safwan/krishi_cobot_ws/install/pymoveit2/include/pymoveit2/pymoveit2/msg/rosidl_generator_cpp__visibility_control.hpp
-- Up-to-date symlink: /home/safwan/krishi_cobot_ws/install/pymoveit2/include/pymoveit2/pymoveit2/srv/detail/move_to_pose__builder.hpp
-- Up-to-date symlink: /home/safwan/krishi_cobot_ws/install/pymoveit2/include/pymoveit2/pymoveit2/srv/detail/move_to_pose__struct.hpp
-- Up-to-date symlink: /home/safwan/krishi_cobot_ws/install/pymoveit2/include/pymoveit2/pymoveit2/srv/detail/move_to_pose__traits.hpp
-- Up-to-date symlink: /home/safwan/krishi_cobot_ws/install/pymoveit2/include/pymoveit2/pymoveit2/srv/detail/move_to_pose__type_support.hpp
-- Up-to-date symlink: /home/safwan/krishi_cobot_ws/install/pymoveit2/include/pymoveit2/pymoveit2/srv/move_to_pose.hpp
-- Up-to-date symlink: /home/safwan/krishi_cobot_ws/install/pymoveit2/include/pymoveit2/pymoveit2/msg/rosidl_typesupport_fastrtps_cpp__visibility_control.h
-- Up-to-date symlink: /home/safwan/krishi_cobot_ws/install/pymoveit2/include/pymoveit2/pymoveit2/srv/detail/move_to_pose__rosidl_typesupport_fastrtps_cpp.hpp
-- Up-to-date symlink: /home/safwan/krishi_cobot_ws/install/pymoveit2/include/pymoveit2/pymoveit2/msg/rosidl_typesupport_introspection_c__visibility_control.h
-- Up-to-date symlink: /home/safwan/krishi_cobot_ws/install/pymoveit2/include/pymoveit2/pymoveit2/srv/detail/move_to_pose__rosidl_typesupport_introspection_c.h
-- Up-to-date symlink: /home/safwan/krishi_cobot_ws/install/pymoveit2/include/pymoveit2/pymoveit2/srv/detail/move_to_pose__rosidl_typesupport_introspection_cpp.hpp
-- Up-to-date symlink: /home/safwan/krishi_cobot_ws/install/pymoveit2/share/pymoveit2/environment/pythonpath.sh
-- Up-to-date symlink: /home/safwan/krishi_cobot_ws/install/pymoveit2/share/pymoveit2/environment/pythonpath.dsv
-- Up-to-date symlink: /home/safwan/krishi_cobot_ws/install/pymoveit2/local/lib/python3.10/dist-packages/pymoveit2-2.1.0-py3.10.egg-info/PKG-INFO
-- Up-to-date symlink: /home/safwan/krishi_cobot_ws/install/pymoveit2/local/lib/python3.10/dist-packages/pymoveit2-2.1.0-py3.10.egg-info/SOURCES.txt
-- Up-to-date symlink: /home/safwan/krishi_cobot_ws/install/pymoveit2/local/lib/python3.10/dist-packages/pymoveit2-2.1.0-py3.10.egg-info/dependency_links.txt
-- Up-to-date symlink: /home/safwan/krishi_cobot_ws/install/pymoveit2/local/lib/python3.10/dist-packages/pymoveit2-2.1.0-py3.10.egg-info/top_level.txt
-- Up-to-date symlink: /home/safwan/krishi_cobot_ws/install/pymoveit2/local/lib/python3.10/dist-packages/pymoveit2/__init__.py
-- Up-to-date symlink: /home/safwan/krishi_cobot_ws/install/pymoveit2/local/lib/python3.10/dist-packages/pymoveit2/_pymoveit2_s.ep.rosidl_typesupport_c.c
-- Up-to-date symlink: /home/safwan/krishi_cobot_ws/install/pymoveit2/local/lib/python3.10/dist-packages/pymoveit2/_pymoveit2_s.ep.rosidl_typesupport_fastrtps_c.c
-- Up-to-date symlink: /home/safwan/krishi_cobot_ws/install/pymoveit2/local/lib/python3.10/dist-packages/pymoveit2/_pymoveit2_s.ep.rosidl_typesupport_introspection_c.c
-- Up-to-date symlink: /home/safwan/krishi_cobot_ws/install/pymoveit2/local/lib/python3.10/dist-packages/pymoveit2/libpymoveit2__rosidl_generator_py.so
-- Up-to-date symlink: /home/safwan/krishi_cobot_ws/install/pymoveit2/local/lib/python3.10/dist-packages/pymoveit2/pymoveit2_s__rosidl_typesupport_c.cpython-310-x86_64-linux-gnu.so
-- Up-to-date symlink: /home/safwan/krishi_cobot_ws/install/pymoveit2/local/lib/python3.10/dist-packages/pymoveit2/pymoveit2_s__rosidl_typesupport_fastrtps_c.cpython-310-x86_64-linux-gnu.so
-- Up-to-date symlink: /home/safwan/krishi_cobot_ws/install/pymoveit2/local/lib/python3.10/dist-packages/pymoveit2/pymoveit2_s__rosidl_typesupport_introspection_c.cpython-310-x86_64-linux-gnu.so
-- Up-to-date symlink: /home/safwan/krishi_cobot_ws/install/pymoveit2/local/lib/python3.10/dist-packages/pymoveit2/srv/__init__.py
-- Up-to-date symlink: /home/safwan/krishi_cobot_ws/install/pymoveit2/local/lib/python3.10/dist-packages/pymoveit2/srv/_move_to_pose.py
-- Up-to-date symlink: /home/safwan/krishi_cobot_ws/install/pymoveit2/local/lib/python3.10/dist-packages/pymoveit2/srv/_move_to_pose_s.c
-- Up-to-date symlink: /home/safwan/krishi_cobot_ws/install/pymoveit2/local/lib/python3.10/dist-packages/pymoveit2/pymoveit2_s__rosidl_typesupport_fastrtps_c.cpython-310-x86_64-linux-gnu.so
-- Up-to-date symlink: /home/safwan/krishi_cobot_ws/install/pymoveit2/local/lib/python3.10/dist-packages/pymoveit2/pymoveit2_s__rosidl_typesupport_introspection_c.cpython-310-x86_64-linux-gnu.so
-- Up-to-date symlink: /home/safwan/krishi_cobot_ws/install/pymoveit2/local/lib/python3.10/dist-packages/pymoveit2/pymoveit2_s__rosidl_typesupport_c.cpython-310-x86_64-linux-gnu.so
-- Up-to-date symlink: /home/safwan/krishi_cobot_ws/install/pymoveit2/share/pymoveit2/srv/MoveToPose.idl
-- Up-to-date symlink: /home/safwan/krishi_cobot_ws/install/pymoveit2/share/pymoveit2/srv/MoveToPose.srv
-- Up-to-date symlink: /home/safwan/krishi_cobot_ws/install/pymoveit2/share/pymoveit2/srv/MoveToPose_Request.msg
-- Up-to-date symlink: /home/safwan/krishi_cobot_ws/install/pymoveit2/share/pymoveit2/srv/MoveToPose_Response.msg
-- Up-to-date symlink: /home/safwan/krishi_cobot_ws/install/pymoveit2/lib/pymoveit2/twist_servo_cal.py
-- Up-to-date symlink: /home/safwan/krishi_cobot_ws/install/pymoveit2/lib/pymoveit2/kdl_parser_py.py
-- Up-to-date symlink: /home/safwan/krishi_cobot_ws/install/pymoveit2/share/pymoveit2/ur5_arm.urdf
-- Up-to-date symlink: /home/safwan/krishi_cobot_ws/install/pymoveit2/share/pymoveit2/srv/MoveToPose.srv
-- Up-to-date symlink: /home/safwan/krishi_cobot_ws/install/pymoveit2/share/ament_index/resource_index/package_run_dependencies/pymoveit2
-- Up-to-date symlink: /home/safwan/krishi_cobot_ws/install/pymoveit2/share/ament_index/resource_index/parent_prefix_path/pymoveit2
-- Up-to-date symlink: /home/safwan/krishi_cobot_ws/install/pymoveit2/share/pymoveit2/environment/ament_prefix_path.sh
-- Up-to-date symlink: /home/safwan/krishi_cobot_ws/install/pymoveit2/share/pymoveit2/environment/ament_prefix_path.dsv
-- Up-to-date symlink: /home/safwan/krishi_cobot_ws/install/pymoveit2/share/pymoveit2/environment/path.sh
-- Up-to-date symlink: /home/safwan/krishi_cobot_ws/install/pymoveit2/share/pymoveit2/environment/path.dsv
-- Up-to-date symlink: /home/safwan/krishi_cobot_ws/install/pymoveit2/share/pymoveit2/local_setup.bash
-- Up-to-date symlink: /home/safwan/krishi_cobot_ws/install/pymoveit2/share/pymoveit2/local_setup.sh
-- Up-to-date symlink: /home/safwan/krishi_cobot_ws/install/pymoveit2/share/pymoveit2/local_setup.zsh
-- Up-to-date symlink: /home/safwan/krishi_cobot_ws/install/pymoveit2/share/pymoveit2/local_setup.dsv
-- Symlinking: /home/safwan/krishi_cobot_ws/install/pymoveit2/share/pymoveit2/package.dsv
-- Up-to-date symlink: /home/safwan/krishi_cobot_ws/install/pymoveit2/share/ament_index/resource_index/packages/pymoveit2
-- Up-to-date symlink: /home/safwan/krishi_cobot_ws/install/pymoveit2/share/pymoveit2/cmake/rosidl_cmake-extras.cmake
-- Up-to-date symlink: /home/safwan/krishi_cobot_ws/install/pymoveit2/share/pymoveit2/cmake/ament_cmake_export_include_directories-extras.cmake
-- Up-to-date symlink: /home/safwan/krishi_cobot_ws/install/pymoveit2/share/pymoveit2/cmake/ament_cmake_export_libraries-extras.cmake
-- Up-to-date symlink: /home/safwan/krishi_cobot_ws/install/pymoveit2/share/pymoveit2/cmake/ament_cmake_export_targets-extras.cmake
-- Up-to-date symlink: /home/safwan/krishi_cobot_ws/install/pymoveit2/share/pymoveit2/cmake/rosidl_cmake_export_typesupport_targets-extras.cmake
-- Up-to-date symlink: /home/safwan/krishi_cobot_ws/install/pymoveit2/share/pymoveit2/cmake/ament_cmake_export_dependencies-extras.cmake
-- Up-to-date symlink: /home/safwan/krishi_cobot_ws/install/pymoveit2/share/pymoveit2/cmake/rosidl_cmake_export_typesupport_libraries-extras.cmake
-- Up-to-date symlink: /home/safwan/krishi_cobot_ws/install/pymoveit2/share/pymoveit2/cmake/pymoveit2Config.cmake
-- Up-to-date symlink: /home/safwan/krishi_cobot_ws/install/pymoveit2/share/pymoveit2/cmake/pymoveit2Config-version.cmake
-- Up-to-date symlink: /home/safwan/krishi_cobot_ws/install/pymoveit2/share/pymoveit2/package.xml
-- Up-to-date: /home/safwan/krishi_cobot_ws/install/pymoveit2/lib/libpymoveit2__rosidl_generator_c.so
-- Up-to-date: /home/safwan/krishi_cobot_ws/install/pymoveit2/lib/libpymoveit2__rosidl_typesupport_fastrtps_c.so
-- Up-to-date: /home/safwan/krishi_cobot_ws/install/pymoveit2/lib/libpymoveit2__rosidl_typesupport_fastrtps_cpp.so
-- Up-to-date: /home/safwan/krishi_cobot_ws/install/pymoveit2/lib/libpymoveit2__rosidl_typesupport_introspection_c.so
-- Up-to-date: /home/safwan/krishi_cobot_ws/install/pymoveit2/lib/libpymoveit2__rosidl_typesupport_c.so
-- Up-to-date: /home/safwan/krishi_cobot_ws/install/pymoveit2/lib/libpymoveit2__rosidl_typesupport_introspection_cpp.so
-- Up-to-date: /home/safwan/krishi_cobot_ws/install/pymoveit2/lib/libpymoveit2__rosidl_typesupport_cpp.so
Listing '/home/safwan/krishi_cobot_ws/install/pymoveit2/local/lib/python3.10/dist-packages/pymoveit2'...
Compiling '/home/safwan/krishi_cobot_ws/install/pymoveit2/local/lib/python3.10/dist-packages/pymoveit2/__init__.py'...
Listing '/home/safwan/krishi_cobot_ws/install/pymoveit2/local/lib/python3.10/dist-packages/pymoveit2/srv'...
-- Up-to-date: /home/safwan/krishi_cobot_ws/install/pymoveit2/lib/libpymoveit2__rosidl_generator_py.so
-- Up-to-date: /home/safwan/krishi_cobot_ws/install/pymoveit2/share/pymoveit2/cmake/export_pymoveit2__rosidl_generator_cExport.cmake
-- Up-to-date: /home/safwan/krishi_cobot_ws/install/pymoveit2/share/pymoveit2/cmake/export_pymoveit2__rosidl_generator_cExport-noconfig.cmake
-- Up-to-date: /home/safwan/krishi_cobot_ws/install/pymoveit2/share/pymoveit2/cmake/export_pymoveit2__rosidl_typesupport_fastrtps_cExport.cmake
-- Up-to-date: /home/safwan/krishi_cobot_ws/install/pymoveit2/share/pymoveit2/cmake/export_pymoveit2__rosidl_typesupport_fastrtps_cExport-noconfig.cmake
-- Up-to-date: /home/safwan/krishi_cobot_ws/install/pymoveit2/share/pymoveit2/cmake/export_pymoveit2__rosidl_generator_cppExport.cmake
-- Up-to-date: /home/safwan/krishi_cobot_ws/install/pymoveit2/share/pymoveit2/cmake/export_pymoveit2__rosidl_typesupport_fastrtps_cppExport.cmake
-- Up-to-date: /home/safwan/krishi_cobot_ws/install/pymoveit2/share/pymoveit2/cmake/export_pymoveit2__rosidl_typesupport_fastrtps_cppExport-noconfig.cmake
-- Up-to-date: /home/safwan/krishi_cobot_ws/install/pymoveit2/share/pymoveit2/cmake/pymoveit2__rosidl_typesupport_introspection_cExport.cmake
-- Up-to-date: /home/safwan/krishi_cobot_ws/install/pymoveit2/share/pymoveit2/cmake/pymoveit2__rosidl_typesupport_introspection_cExport-noconfig.cmake
-- Up-to-date: /home/safwan/krishi_cobot_ws/install/pymoveit2/share/pymoveit2/cmake/pymoveit2__rosidl_typesupport_cExport.cmake
-- Up-to-date: /home/safwan/krishi_cobot_ws/install/pymoveit2/share/pymoveit2/cmake/pymoveit2__rosidl_typesupport_cExport-noconfig.cmake
-- Up-to-date: /home/safwan/krishi_cobot_ws/install/pymoveit2/share/pymoveit2/cmake/pymoveit2__rosidl_typesupport_introspection_cppExport.cmake
-- Up-to-date: /home/safwan/krishi_cobot_ws/install/pymoveit2/share/pymoveit2/cmake/pymoveit2__rosidl_typesupport_introspection_cppExport-noconfig.cmake
-- Up-to-date: /home/safwan/krishi_cobot_ws/install/pymoveit2/share/pymoveit2/cmake/pymoveit2__rosidl_typesupport_cppExport.cmake
-- Up-to-date: /home/safwan/krishi_cobot_ws/install/pymoveit2/share/pymoveit2/cmake/pymoveit2__rosidl_typesupport_cppExport-noconfig.cmake
-- Up-to-date: /home/safwan/krishi_cobot_ws/install/pymoveit2/share/pymoveit2/cmake/export_pymoveit2__rosidl_generator_pyExport.cmake
-- Up-to-date: /home/safwan/krishi_cobot_ws/install/pymoveit2/share/pymoveit2/cmake/export_pymoveit2__rosidl_generator_pyExport-noconfig.cmake
