[0.106s] Invoking command in '/home/safwan/krishi_cobot_ws/build/pymoveit2': CMAKE_PREFIX_PATH=/opt/ros/humble /usr/bin/cmake /home/safwan/krishi_cobot_ws/src/eyrc-25-26-krishi-cobot/pymoveit2 -DCMAKE_INSTALL_PREFIX=/home/safwan/krishi_cobot_ws/install/pymoveit2
[0.216s] -- Found ament_cmake: 1.3.12 (/opt/ros/humble/share/ament_cmake/cmake)
[0.891s] -- Override CMake install command with custom implementation using symlinks instead of copying resources
[0.918s] -- Found rclcpp: 16.0.14 (/opt/ros/humble/share/rclcpp/cmake)
[1.056s] -- Found rosidl_generator_c: 3.1.7 (/opt/ros/humble/share/rosidl_generator_c/cmake)
[1.076s] -- Found rosidl_adapter: 3.1.7 (/opt/ros/humble/share/rosidl_adapter/cmake)
[1.119s] -- Found rosidl_generator_cpp: 3.1.7 (/opt/ros/humble/share/rosidl_generator_cpp/cmake)
[1.152s] -- Using all available rosidl_typesupport_c: rosidl_typesupport_fastrtps_c;rosidl_typesupport_introspection_c
[1.184s] -- Using all available rosidl_typesupport_cpp: rosidl_typesupport_fastrtps_cpp;rosidl_typesupport_introspection_cpp
[1.331s] -- Found rmw_implementation_cmake: 6.1.2 (/opt/ros/humble/share/rmw_implementation_cmake/cmake)
[1.335s] -- Found rmw_fastrtps_cpp: 6.2.8 (/opt/ros/humble/share/rmw_fastrtps_cpp/cmake)
[1.794s] -- Using RMW implementation 'rmw_fastrtps_cpp' as default
[2.026s] -- Found sensor_msgs: 4.9.0 (/opt/ros/humble/share/sensor_msgs/cmake)
[2.112s] -- Found trajectory_msgs: 4.9.0 (/opt/ros/humble/share/trajectory_msgs/cmake)
[2.173s] -- Found kdl_parser: 2.6.4 (/opt/ros/humble/share/kdl_parser/cmake)
[2.176s] -- Found eigen3_cmake_module: 0.1.1 (/opt/ros/humble/share/eigen3_cmake_module/cmake)
[2.178s] -- Ensuring Eigen3 include directory is part of orocos-kdl CMake target
[2.201s] -- Found urdf: 2.6.1 (/opt/ros/humble/share/urdf/cmake)
[2.415s] -- Found rosidl_default_generators: 1.2.0 (/opt/ros/humble/share/rosidl_default_generators/cmake)
[3.589s] -- Found ament_cmake_ros: 0.10.0 (/opt/ros/humble/share/ament_cmake_ros/cmake)
[4.553s] -- Using all available rosidl_typesupport_c: rosidl_typesupport_fastrtps_c;rosidl_typesupport_introspection_c
[4.942s] -- Using all available rosidl_typesupport_cpp: rosidl_typesupport_fastrtps_cpp;rosidl_typesupport_introspection_cpp
[5.048s] -- Found python_cmake_module: 0.10.0 (/opt/ros/humble/share/python_cmake_module/cmake)
[5.118s] -- Using PYTHON_EXECUTABLE: /usr/bin/python3
[5.118s] -- Using PYTHON_INCLUDE_DIRS: /usr/include/python3.10
[5.118s] -- Using PYTHON_LIBRARIES: /usr/lib/x86_64-linux-gnu/libpython3.10.so
[5.197s] -- Configuring done
[5.372s] -- Generating done
[5.413s] -- Build files have been written to: /home/safwan/krishi_cobot_ws/build/pymoveit2
[5.449s] Invoked command in '/home/safwan/krishi_cobot_ws/build/pymoveit2' returned '0': CMAKE_PREFIX_PATH=/opt/ros/humble /usr/bin/cmake /home/safwan/krishi_cobot_ws/src/eyrc-25-26-krishi-cobot/pymoveit2 -DCMAKE_INSTALL_PREFIX=/home/safwan/krishi_cobot_ws/install/pymoveit2
[5.450s] Invoking command in '/home/safwan/krishi_cobot_ws/build/pymoveit2': CMAKE_PREFIX_PATH=/opt/ros/humble /usr/bin/cmake --build /home/safwan/krishi_cobot_ws/build/pymoveit2 -- -j4 -l4
[5.575s] [  3%] Built target pymoveit2__cpp
[5.639s] [  3%] Built target ament_cmake_python_symlink_pymoveit2
[5.684s] [35m[1mConsolidate compiler generated dependencies of target pymoveit2__rosidl_typesupport_fastrtps_cpp[0m
[5.737s] [ 12%] Built target pymoveit2__rosidl_typesupport_fastrtps_cpp
[5.773s] [35m[1mConsolidate compiler generated dependencies of target pymoveit2__rosidl_typesupport_introspection_cpp[0m
[5.812s] [ 22%] Built target pymoveit2__rosidl_typesupport_introspection_cpp
[6.661s] running egg_info
[6.662s] writing pymoveit2.egg-info/PKG-INFO
[6.663s] writing dependency_links to pymoveit2.egg-info/dependency_links.txt
[6.663s] writing top-level names to pymoveit2.egg-info/top_level.txt
[6.668s] reading manifest file 'pymoveit2.egg-info/SOURCES.txt'
[6.670s] writing manifest file 'pymoveit2.egg-info/SOURCES.txt'
[6.754s] [ 22%] Built target ament_cmake_python_build_pymoveit2_egg
[6.810s] [35m[1mConsolidate compiler generated dependencies of target pymoveit2__rosidl_typesupport_cpp[0m
[6.846s] [ 32%] Built target pymoveit2__rosidl_typesupport_cpp
[6.880s] [35m[1mConsolidate compiler generated dependencies of target pymoveit2__rosidl_generator_c[0m
[6.913s] [ 41%] Built target pymoveit2__rosidl_generator_c
[6.943s] [35m[1mConsolidate compiler generated dependencies of target pymoveit2__rosidl_typesupport_fastrtps_c[0m
[6.975s] [ 51%] Built target pymoveit2__rosidl_typesupport_fastrtps_c
[6.998s] [35m[1mConsolidate compiler generated dependencies of target pymoveit2__rosidl_typesupport_c[0m
[7.024s] [ 61%] Built target pymoveit2__rosidl_typesupport_c
[7.049s] [35m[1mConsolidate compiler generated dependencies of target pymoveit2__rosidl_typesupport_introspection_c[0m
[7.074s] [ 70%] Built target pymoveit2__rosidl_typesupport_introspection_c
[7.145s] [ 70%] Built target pymoveit2
[7.218s] [ 74%] Built target pymoveit2__py
[7.247s] [35m[1mConsolidate compiler generated dependencies of target pymoveit2__rosidl_generator_py[0m
[7.287s] [ 80%] Built target pymoveit2__rosidl_generator_py
[7.317s] [35m[1mConsolidate compiler generated dependencies of target pymoveit2__rosidl_typesupport_fastrtps_c__pyext[0m
[7.349s] [ 87%] Built target pymoveit2__rosidl_typesupport_fastrtps_c__pyext
[7.372s] [35m[1mConsolidate compiler generated dependencies of target pymoveit2__rosidl_typesupport_c__pyext[0m
[7.398s] [ 93%] Built target pymoveit2__rosidl_typesupport_c__pyext
[7.424s] [35m[1mConsolidate compiler generated dependencies of target pymoveit2__rosidl_typesupport_introspection_c__pyext[0m
[7.452s] [100%] Built target pymoveit2__rosidl_typesupport_introspection_c__pyext
[7.486s] Invoked command in '/home/safwan/krishi_cobot_ws/build/pymoveit2' returned '0': CMAKE_PREFIX_PATH=/opt/ros/humble /usr/bin/cmake --build /home/safwan/krishi_cobot_ws/build/pymoveit2 -- -j4 -l4
[7.499s] Invoking command in '/home/safwan/krishi_cobot_ws/build/pymoveit2': CMAKE_PREFIX_PATH=/opt/ros/humble /usr/bin/cmake --install /home/safwan/krishi_cobot_ws/build/pymoveit2
[7.538s] -- Install configuration: ""
[7.538s] -- Execute custom install script
[7.539s] -- Up-to-date symlink: /home/safwan/krishi_cobot_ws/install/pymoveit2/share/ament_index/resource_index/rosidl_interfaces/pymoveit2
[7.539s] -- Up-to-date symlink: /home/safwan/krishi_cobot_ws/install/pymoveit2/include/pymoveit2/pymoveit2/msg/rosidl_generator_c__visibility_control.h
[7.539s] -- Up-to-date symlink: /home/safwan/krishi_cobot_ws/install/pymoveit2/include/pymoveit2/pymoveit2/srv/detail/move_to_pose__functions.h
[7.540s] -- Up-to-date symlink: /home/safwan/krishi_cobot_ws/install/pymoveit2/include/pymoveit2/pymoveit2/srv/detail/move_to_pose__struct.h
[7.540s] -- Up-to-date symlink: /home/safwan/krishi_cobot_ws/install/pymoveit2/include/pymoveit2/pymoveit2/srv/detail/move_to_pose__type_support.h
[7.540s] -- Up-to-date symlink: /home/safwan/krishi_cobot_ws/install/pymoveit2/include/pymoveit2/pymoveit2/srv/move_to_pose.h
[7.542s] -- Up-to-date symlink: /home/safwan/krishi_cobot_ws/install/pymoveit2/share/pymoveit2/environment/library_path.sh
[7.543s] -- Up-to-date symlink: /home/safwan/krishi_cobot_ws/install/pymoveit2/share/pymoveit2/environment/library_path.dsv
[7.544s] -- Up-to-date symlink: /home/safwan/krishi_cobot_ws/install/pymoveit2/include/pymoveit2/pymoveit2/msg/rosidl_typesupport_fastrtps_c__visibility_control.h
[7.545s] -- Up-to-date symlink: /home/safwan/krishi_cobot_ws/install/pymoveit2/include/pymoveit2/pymoveit2/srv/detail/move_to_pose__rosidl_typesupport_fastrtps_c.h
[7.546s] -- Up-to-date symlink: /home/safwan/krishi_cobot_ws/install/pymoveit2/include/pymoveit2/pymoveit2/msg/rosidl_generator_cpp__visibility_control.hpp
[7.546s] -- Up-to-date symlink: /home/safwan/krishi_cobot_ws/install/pymoveit2/include/pymoveit2/pymoveit2/srv/detail/move_to_pose__builder.hpp
[7.546s] -- Up-to-date symlink: /home/safwan/krishi_cobot_ws/install/pymoveit2/include/pymoveit2/pymoveit2/srv/detail/move_to_pose__struct.hpp
[7.548s] -- Up-to-date symlink: /home/safwan/krishi_cobot_ws/install/pymoveit2/include/pymoveit2/pymoveit2/srv/detail/move_to_pose__traits.hpp
[7.552s] -- Up-to-date symlink: /home/safwan/krishi_cobot_ws/install/pymoveit2/include/pymoveit2/pymoveit2/srv/detail/move_to_pose__type_support.hpp
[7.554s] -- Up-to-date symlink: /home/safwan/krishi_cobot_ws/install/pymoveit2/include/pymoveit2/pymoveit2/srv/move_to_pose.hpp
[7.554s] -- Up-to-date symlink: /home/safwan/krishi_cobot_ws/install/pymoveit2/include/pymoveit2/pymoveit2/msg/rosidl_typesupport_fastrtps_cpp__visibility_control.h
[7.556s] -- Up-to-date symlink: /home/safwan/krishi_cobot_ws/install/pymoveit2/include/pymoveit2/pymoveit2/srv/detail/move_to_pose__rosidl_typesupport_fastrtps_cpp.hpp
[7.556s] -- Up-to-date symlink: /home/safwan/krishi_cobot_ws/install/pymoveit2/include/pymoveit2/pymoveit2/msg/rosidl_typesupport_introspection_c__visibility_control.h
[7.556s] -- Up-to-date symlink: /home/safwan/krishi_cobot_ws/install/pymoveit2/include/pymoveit2/pymoveit2/srv/detail/move_to_pose__rosidl_typesupport_introspection_c.h
[7.556s] -- Up-to-date symlink: /home/safwan/krishi_cobot_ws/install/pymoveit2/include/pymoveit2/pymoveit2/srv/detail/move_to_pose__rosidl_typesupport_introspection_cpp.hpp
[7.557s] -- Up-to-date symlink: /home/safwan/krishi_cobot_ws/install/pymoveit2/share/pymoveit2/environment/pythonpath.sh
[7.558s] -- Up-to-date symlink: /home/safwan/krishi_cobot_ws/install/pymoveit2/share/pymoveit2/environment/pythonpath.dsv
[7.559s] -- Up-to-date symlink: /home/safwan/krishi_cobot_ws/install/pymoveit2/local/lib/python3.10/dist-packages/pymoveit2-2.1.0-py3.10.egg-info/PKG-INFO
[7.559s] -- Up-to-date symlink: /home/safwan/krishi_cobot_ws/install/pymoveit2/local/lib/python3.10/dist-packages/pymoveit2-2.1.0-py3.10.egg-info/SOURCES.txt
[7.559s] -- Up-to-date symlink: /home/safwan/krishi_cobot_ws/install/pymoveit2/local/lib/python3.10/dist-packages/pymoveit2-2.1.0-py3.10.egg-info/dependency_links.txt
[7.559s] -- Up-to-date symlink: /home/safwan/krishi_cobot_ws/install/pymoveit2/local/lib/python3.10/dist-packages/pymoveit2-2.1.0-py3.10.egg-info/top_level.txt
[7.561s] -- Up-to-date symlink: /home/safwan/krishi_cobot_ws/install/pymoveit2/local/lib/python3.10/dist-packages/pymoveit2/__init__.py
[7.561s] -- Up-to-date symlink: /home/safwan/krishi_cobot_ws/install/pymoveit2/local/lib/python3.10/dist-packages/pymoveit2/_pymoveit2_s.ep.rosidl_typesupport_c.c
[7.562s] -- Up-to-date symlink: /home/safwan/krishi_cobot_ws/install/pymoveit2/local/lib/python3.10/dist-packages/pymoveit2/_pymoveit2_s.ep.rosidl_typesupport_fastrtps_c.c
[7.562s] -- Up-to-date symlink: /home/safwan/krishi_cobot_ws/install/pymoveit2/local/lib/python3.10/dist-packages/pymoveit2/_pymoveit2_s.ep.rosidl_typesupport_introspection_c.c
[7.562s] -- Up-to-date symlink: /home/safwan/krishi_cobot_ws/install/pymoveit2/local/lib/python3.10/dist-packages/pymoveit2/libpymoveit2__rosidl_generator_py.so
[7.562s] -- Up-to-date symlink: /home/safwan/krishi_cobot_ws/install/pymoveit2/local/lib/python3.10/dist-packages/pymoveit2/pymoveit2_s__rosidl_typesupport_c.cpython-310-x86_64-linux-gnu.so
[7.563s] -- Up-to-date symlink: /home/safwan/krishi_cobot_ws/install/pymoveit2/local/lib/python3.10/dist-packages/pymoveit2/pymoveit2_s__rosidl_typesupport_fastrtps_c.cpython-310-x86_64-linux-gnu.so
[7.563s] -- Up-to-date symlink: /home/safwan/krishi_cobot_ws/install/pymoveit2/local/lib/python3.10/dist-packages/pymoveit2/pymoveit2_s__rosidl_typesupport_introspection_c.cpython-310-x86_64-linux-gnu.so
[7.563s] -- Up-to-date symlink: /home/safwan/krishi_cobot_ws/install/pymoveit2/local/lib/python3.10/dist-packages/pymoveit2/srv/__init__.py
[7.564s] -- Up-to-date symlink: /home/safwan/krishi_cobot_ws/install/pymoveit2/local/lib/python3.10/dist-packages/pymoveit2/srv/_move_to_pose.py
[7.564s] -- Up-to-date symlink: /home/safwan/krishi_cobot_ws/install/pymoveit2/local/lib/python3.10/dist-packages/pymoveit2/srv/_move_to_pose_s.c
[7.565s] -- Up-to-date symlink: /home/safwan/krishi_cobot_ws/install/pymoveit2/local/lib/python3.10/dist-packages/pymoveit2/pymoveit2_s__rosidl_typesupport_fastrtps_c.cpython-310-x86_64-linux-gnu.so
[7.567s] -- Up-to-date symlink: /home/safwan/krishi_cobot_ws/install/pymoveit2/local/lib/python3.10/dist-packages/pymoveit2/pymoveit2_s__rosidl_typesupport_introspection_c.cpython-310-x86_64-linux-gnu.so
[7.567s] -- Up-to-date symlink: /home/safwan/krishi_cobot_ws/install/pymoveit2/local/lib/python3.10/dist-packages/pymoveit2/pymoveit2_s__rosidl_typesupport_c.cpython-310-x86_64-linux-gnu.so
[7.568s] -- Up-to-date symlink: /home/safwan/krishi_cobot_ws/install/pymoveit2/share/pymoveit2/srv/MoveToPose.idl
[7.570s] -- Up-to-date symlink: /home/safwan/krishi_cobot_ws/install/pymoveit2/share/pymoveit2/srv/MoveToPose.srv
[7.573s] -- Up-to-date symlink: /home/safwan/krishi_cobot_ws/install/pymoveit2/share/pymoveit2/srv/MoveToPose_Request.msg
[7.577s] -- Up-to-date symlink: /home/safwan/krishi_cobot_ws/install/pymoveit2/share/pymoveit2/srv/MoveToPose_Response.msg
[7.581s] -- Up-to-date symlink: /home/safwan/krishi_cobot_ws/install/pymoveit2/lib/pymoveit2/twist_servo_cal.py
[7.582s] -- Up-to-date symlink: /home/safwan/krishi_cobot_ws/install/pymoveit2/lib/pymoveit2/kdl_parser_py.py
[7.583s] -- Up-to-date symlink: /home/safwan/krishi_cobot_ws/install/pymoveit2/share/pymoveit2/ur5_arm.urdf
[7.583s] -- Up-to-date symlink: /home/safwan/krishi_cobot_ws/install/pymoveit2/share/pymoveit2/srv/MoveToPose.srv
[7.583s] -- Up-to-date symlink: /home/safwan/krishi_cobot_ws/install/pymoveit2/share/ament_index/resource_index/package_run_dependencies/pymoveit2
[7.584s] -- Up-to-date symlink: /home/safwan/krishi_cobot_ws/install/pymoveit2/share/ament_index/resource_index/parent_prefix_path/pymoveit2
[7.584s] -- Up-to-date symlink: /home/safwan/krishi_cobot_ws/install/pymoveit2/share/pymoveit2/environment/ament_prefix_path.sh
[7.587s] -- Up-to-date symlink: /home/safwan/krishi_cobot_ws/install/pymoveit2/share/pymoveit2/environment/ament_prefix_path.dsv
[7.588s] -- Up-to-date symlink: /home/safwan/krishi_cobot_ws/install/pymoveit2/share/pymoveit2/environment/path.sh
[7.589s] -- Up-to-date symlink: /home/safwan/krishi_cobot_ws/install/pymoveit2/share/pymoveit2/environment/path.dsv
[7.590s] -- Up-to-date symlink: /home/safwan/krishi_cobot_ws/install/pymoveit2/share/pymoveit2/local_setup.bash
[7.590s] -- Up-to-date symlink: /home/safwan/krishi_cobot_ws/install/pymoveit2/share/pymoveit2/local_setup.sh
[7.591s] -- Up-to-date symlink: /home/safwan/krishi_cobot_ws/install/pymoveit2/share/pymoveit2/local_setup.zsh
[7.595s] -- Up-to-date symlink: /home/safwan/krishi_cobot_ws/install/pymoveit2/share/pymoveit2/local_setup.dsv
[7.596s] -- Symlinking: /home/safwan/krishi_cobot_ws/install/pymoveit2/share/pymoveit2/package.dsv
[7.618s] -- Up-to-date symlink: /home/safwan/krishi_cobot_ws/install/pymoveit2/share/ament_index/resource_index/packages/pymoveit2
[7.619s] -- Up-to-date symlink: /home/safwan/krishi_cobot_ws/install/pymoveit2/share/pymoveit2/cmake/rosidl_cmake-extras.cmake
[7.619s] -- Up-to-date symlink: /home/safwan/krishi_cobot_ws/install/pymoveit2/share/pymoveit2/cmake/ament_cmake_export_include_directories-extras.cmake
[7.621s] -- Up-to-date symlink: /home/safwan/krishi_cobot_ws/install/pymoveit2/share/pymoveit2/cmake/ament_cmake_export_libraries-extras.cmake
[7.621s] -- Up-to-date symlink: /home/safwan/krishi_cobot_ws/install/pymoveit2/share/pymoveit2/cmake/ament_cmake_export_targets-extras.cmake
[7.622s] -- Up-to-date symlink: /home/safwan/krishi_cobot_ws/install/pymoveit2/share/pymoveit2/cmake/rosidl_cmake_export_typesupport_targets-extras.cmake
[7.623s] -- Up-to-date symlink: /home/safwan/krishi_cobot_ws/install/pymoveit2/share/pymoveit2/cmake/ament_cmake_export_dependencies-extras.cmake
[7.624s] -- Up-to-date symlink: /home/safwan/krishi_cobot_ws/install/pymoveit2/share/pymoveit2/cmake/rosidl_cmake_export_typesupport_libraries-extras.cmake
[7.626s] -- Up-to-date symlink: /home/safwan/krishi_cobot_ws/install/pymoveit2/share/pymoveit2/cmake/pymoveit2Config.cmake
[7.628s] -- Up-to-date symlink: /home/safwan/krishi_cobot_ws/install/pymoveit2/share/pymoveit2/cmake/pymoveit2Config-version.cmake
[7.629s] -- Up-to-date symlink: /home/safwan/krishi_cobot_ws/install/pymoveit2/share/pymoveit2/package.xml
[7.629s] -- Up-to-date: /home/safwan/krishi_cobot_ws/install/pymoveit2/lib/libpymoveit2__rosidl_generator_c.so
[7.632s] -- Up-to-date: /home/safwan/krishi_cobot_ws/install/pymoveit2/lib/libpymoveit2__rosidl_typesupport_fastrtps_c.so
[7.634s] -- Up-to-date: /home/safwan/krishi_cobot_ws/install/pymoveit2/lib/libpymoveit2__rosidl_typesupport_fastrtps_cpp.so
[7.637s] -- Up-to-date: /home/safwan/krishi_cobot_ws/install/pymoveit2/lib/libpymoveit2__rosidl_typesupport_introspection_c.so
[7.638s] -- Up-to-date: /home/safwan/krishi_cobot_ws/install/pymoveit2/lib/libpymoveit2__rosidl_typesupport_c.so
[7.640s] -- Up-to-date: /home/safwan/krishi_cobot_ws/install/pymoveit2/lib/libpymoveit2__rosidl_typesupport_introspection_cpp.so
[7.643s] -- Up-to-date: /home/safwan/krishi_cobot_ws/install/pymoveit2/lib/libpymoveit2__rosidl_typesupport_cpp.so
[7.734s] Listing '/home/safwan/krishi_cobot_ws/install/pymoveit2/local/lib/python3.10/dist-packages/pymoveit2'...
[7.734s] Compiling '/home/safwan/krishi_cobot_ws/install/pymoveit2/local/lib/python3.10/dist-packages/pymoveit2/__init__.py'...
[7.734s] Listing '/home/safwan/krishi_cobot_ws/install/pymoveit2/local/lib/python3.10/dist-packages/pymoveit2/srv'...
[7.751s] -- Up-to-date: /home/safwan/krishi_cobot_ws/install/pymoveit2/lib/libpymoveit2__rosidl_generator_py.so
[7.752s] -- Up-to-date: /home/safwan/krishi_cobot_ws/install/pymoveit2/share/pymoveit2/cmake/export_pymoveit2__rosidl_generator_cExport.cmake
[7.752s] -- Up-to-date: /home/safwan/krishi_cobot_ws/install/pymoveit2/share/pymoveit2/cmake/export_pymoveit2__rosidl_generator_cExport-noconfig.cmake
[7.753s] -- Up-to-date: /home/safwan/krishi_cobot_ws/install/pymoveit2/share/pymoveit2/cmake/export_pymoveit2__rosidl_typesupport_fastrtps_cExport.cmake
[7.754s] -- Up-to-date: /home/safwan/krishi_cobot_ws/install/pymoveit2/share/pymoveit2/cmake/export_pymoveit2__rosidl_typesupport_fastrtps_cExport-noconfig.cmake
[7.754s] -- Up-to-date: /home/safwan/krishi_cobot_ws/install/pymoveit2/share/pymoveit2/cmake/export_pymoveit2__rosidl_generator_cppExport.cmake
[7.754s] -- Up-to-date: /home/safwan/krishi_cobot_ws/install/pymoveit2/share/pymoveit2/cmake/export_pymoveit2__rosidl_typesupport_fastrtps_cppExport.cmake
[7.754s] -- Up-to-date: /home/safwan/krishi_cobot_ws/install/pymoveit2/share/pymoveit2/cmake/export_pymoveit2__rosidl_typesupport_fastrtps_cppExport-noconfig.cmake
[7.755s] -- Up-to-date: /home/safwan/krishi_cobot_ws/install/pymoveit2/share/pymoveit2/cmake/pymoveit2__rosidl_typesupport_introspection_cExport.cmake
[7.755s] -- Up-to-date: /home/safwan/krishi_cobot_ws/install/pymoveit2/share/pymoveit2/cmake/pymoveit2__rosidl_typesupport_introspection_cExport-noconfig.cmake
[7.755s] -- Up-to-date: /home/safwan/krishi_cobot_ws/install/pymoveit2/share/pymoveit2/cmake/pymoveit2__rosidl_typesupport_cExport.cmake
[7.756s] -- Up-to-date: /home/safwan/krishi_cobot_ws/install/pymoveit2/share/pymoveit2/cmake/pymoveit2__rosidl_typesupport_cExport-noconfig.cmake
[7.757s] -- Up-to-date: /home/safwan/krishi_cobot_ws/install/pymoveit2/share/pymoveit2/cmake/pymoveit2__rosidl_typesupport_introspection_cppExport.cmake
[7.757s] -- Up-to-date: /home/safwan/krishi_cobot_ws/install/pymoveit2/share/pymoveit2/cmake/pymoveit2__rosidl_typesupport_introspection_cppExport-noconfig.cmake
[7.757s] -- Up-to-date: /home/safwan/krishi_cobot_ws/install/pymoveit2/share/pymoveit2/cmake/pymoveit2__rosidl_typesupport_cppExport.cmake
[7.758s] -- Up-to-date: /home/safwan/krishi_cobot_ws/install/pymoveit2/share/pymoveit2/cmake/pymoveit2__rosidl_typesupport_cppExport-noconfig.cmake
[7.758s] -- Up-to-date: /home/safwan/krishi_cobot_ws/install/pymoveit2/share/pymoveit2/cmake/export_pymoveit2__rosidl_generator_pyExport.cmake
[7.759s] -- Up-to-date: /home/safwan/krishi_cobot_ws/install/pymoveit2/share/pymoveit2/cmake/export_pymoveit2__rosidl_generator_pyExport-noconfig.cmake
[7.765s] Invoked command in '/home/safwan/krishi_cobot_ws/build/pymoveit2' returned '0': CMAKE_PREFIX_PATH=/opt/ros/humble /usr/bin/cmake --install /home/safwan/krishi_cobot_ws/build/pymoveit2
