[0.062s] Invoking command in '/home/safwan/krishi_cobot_ws/build/ebot_description': CMAKE_PREFIX_PATH=${CMAKE_PREFIX_PATH}:/opt/ros/humble /usr/bin/cmake --build /home/safwan/krishi_cobot_ws/build/ebot_description -- -j4 -l4
[0.236s] Invoked command in '/home/safwan/krishi_cobot_ws/build/ebot_description' returned '0': CMAKE_PREFIX_PATH=${CMAKE_PREFIX_PATH}:/opt/ros/humble /usr/bin/cmake --build /home/safwan/krishi_cobot_ws/build/ebot_description -- -j4 -l4
[0.272s] Invoking command in '/home/safwan/krishi_cobot_ws/build/ebot_description': CMAKE_PREFIX_PATH=${CMAKE_PREFIX_PATH}:/opt/ros/humble /usr/bin/cmake --install /home/safwan/krishi_cobot_ws/build/ebot_description
[0.297s] -- Install configuration: ""
[0.297s] -- Execute custom install script
[0.309s] -- Up-to-date symlink: /home/safwan/krishi_cobot_ws/install/ebot_description/share/ebot_description//launch/spawn_ebot.launch.py
[0.309s] -- Up-to-date symlink: /home/safwan/krishi_cobot_ws/install/ebot_description/share/ebot_description//worlds/empty.world
[0.309s] -- Up-to-date symlink: /home/safwan/krishi_cobot_ws/install/ebot_description/share/ebot_description//models/ebot/ebot.gazebo
[0.310s] -- Up-to-date symlink: /home/safwan/krishi_cobot_ws/install/ebot_description/share/ebot_description//models/ebot/ebot_description.xacro
[0.315s] -- Up-to-date symlink: /home/safwan/krishi_cobot_ws/install/ebot_description/share/ebot_description//meshes/FUS1.STL
[0.316s] -- Up-to-date symlink: /home/safwan/krishi_cobot_ws/install/ebot_description/share/ebot_description//meshes/FUS2.STL
[0.316s] -- Up-to-date symlink: /home/safwan/krishi_cobot_ws/install/ebot_description/share/ebot_description//meshes/FUS3.STL
[0.318s] -- Up-to-date symlink: /home/safwan/krishi_cobot_ws/install/ebot_description/share/ebot_description//meshes/FUS4.STL
[0.322s] -- Up-to-date symlink: /home/safwan/krishi_cobot_ws/install/ebot_description/share/ebot_description//meshes/FWL.STL
[0.323s] -- Up-to-date symlink: /home/safwan/krishi_cobot_ws/install/ebot_description/share/ebot_description//meshes/FWR.STL
[0.323s] -- Up-to-date symlink: /home/safwan/krishi_cobot_ws/install/ebot_description/share/ebot_description//meshes/LHUS10.STL
[0.323s] -- Up-to-date symlink: /home/safwan/krishi_cobot_ws/install/ebot_description/share/ebot_description//meshes/LHUS9.STL
[0.323s] -- Up-to-date symlink: /home/safwan/krishi_cobot_ws/install/ebot_description/share/ebot_description//meshes/RHUS7.STL
[0.329s] -- Up-to-date symlink: /home/safwan/krishi_cobot_ws/install/ebot_description/share/ebot_description//meshes/RHUS9.STL
[0.329s] -- Up-to-date symlink: /home/safwan/krishi_cobot_ws/install/ebot_description/share/ebot_description//meshes/RUS5.STL
[0.330s] -- Up-to-date symlink: /home/safwan/krishi_cobot_ws/install/ebot_description/share/ebot_description//meshes/RUS6.STL
[0.330s] -- Up-to-date symlink: /home/safwan/krishi_cobot_ws/install/ebot_description/share/ebot_description//meshes/RWL.STL
[0.330s] -- Up-to-date symlink: /home/safwan/krishi_cobot_ws/install/ebot_description/share/ebot_description//meshes/RWR.STL
[0.330s] -- Up-to-date symlink: /home/safwan/krishi_cobot_ws/install/ebot_description/share/ebot_description//meshes/aruco_tag.jpg.001.jpg
[0.336s] -- Up-to-date symlink: /home/safwan/krishi_cobot_ws/install/ebot_description/share/ebot_description//meshes/chassis.dae
[0.336s] -- Up-to-date symlink: /home/safwan/krishi_cobot_ws/install/ebot_description/share/ebot_description//meshes/chassis_modified.dae
[0.337s] -- Up-to-date symlink: /home/safwan/krishi_cobot_ws/install/ebot_description/share/ebot_description//meshes/robot_base.stl
[0.338s] -- Up-to-date symlink: /home/safwan/krishi_cobot_ws/install/ebot_description/share/ebot_description//plugins/libgazebo_collision_sensor.so
[0.338s] -- Up-to-date symlink: /home/safwan/krishi_cobot_ws/install/ebot_description/share/ebot_description//plugins/libgazebo_ros_vacuum_gripper.so
[0.339s] -- Up-to-date symlink: /home/safwan/krishi_cobot_ws/install/ebot_description/share/ebot_description//config/bridge.yaml
[0.339s] -- Up-to-date symlink: /home/safwan/krishi_cobot_ws/install/ebot_description/share/ebot_description//config/controller.yaml
[0.339s] -- Symlinking: /home/safwan/krishi_cobot_ws/install/ebot_description/lib/ebot_description/pyarmor_runtime_000000/__init__.py
[0.473s] -- Symlinking: /home/safwan/krishi_cobot_ws/install/ebot_description/lib/ebot_description/pyarmor_runtime_000000/pyarmor_runtime.so
[0.497s] -- Symlinking: /home/safwan/krishi_cobot_ws/install/ebot_description/lib/ebot_description/pyarmor_runtime_000000/__init__.py
[0.546s] -- Symlinking: /home/safwan/krishi_cobot_ws/install/ebot_description/lib/ebot_description/pyarmor_runtime_000000/pyarmor_runtime.so
[0.587s] -- Up-to-date symlink: /home/safwan/krishi_cobot_ws/install/ebot_description/lib/ebot_description/payload.py
[0.588s] -- Up-to-date symlink: /home/safwan/krishi_cobot_ws/install/ebot_description/lib/ebot_description/spawner.py
[0.590s] -- Up-to-date symlink: /home/safwan/krishi_cobot_ws/install/ebot_description/share/ament_index/resource_index/package_run_dependencies/ebot_description
[0.591s] -- Up-to-date symlink: /home/safwan/krishi_cobot_ws/install/ebot_description/share/ament_index/resource_index/parent_prefix_path/ebot_description
[0.592s] -- Up-to-date symlink: /home/safwan/krishi_cobot_ws/install/ebot_description/share/ebot_description/environment/ament_prefix_path.sh
[0.592s] -- Up-to-date symlink: /home/safwan/krishi_cobot_ws/install/ebot_description/share/ebot_description/environment/ament_prefix_path.dsv
[0.593s] -- Up-to-date symlink: /home/safwan/krishi_cobot_ws/install/ebot_description/share/ebot_description/environment/path.sh
[0.596s] -- Up-to-date symlink: /home/safwan/krishi_cobot_ws/install/ebot_description/share/ebot_description/environment/path.dsv
[0.596s] -- Up-to-date symlink: /home/safwan/krishi_cobot_ws/install/ebot_description/share/ebot_description/local_setup.bash
[0.597s] -- Up-to-date symlink: /home/safwan/krishi_cobot_ws/install/ebot_description/share/ebot_description/local_setup.sh
[0.597s] -- Up-to-date symlink: /home/safwan/krishi_cobot_ws/install/ebot_description/share/ebot_description/local_setup.zsh
[0.598s] -- Up-to-date symlink: /home/safwan/krishi_cobot_ws/install/ebot_description/share/ebot_description/local_setup.dsv
[0.598s] -- Symlinking: /home/safwan/krishi_cobot_ws/install/ebot_description/share/ebot_description/package.dsv
[0.641s] -- Up-to-date symlink: /home/safwan/krishi_cobot_ws/install/ebot_description/share/ament_index/resource_index/packages/ebot_description
[0.642s] -- Up-to-date symlink: /home/safwan/krishi_cobot_ws/install/ebot_description/share/ebot_description/cmake/ebot_descriptionConfig.cmake
[0.642s] -- Up-to-date symlink: /home/safwan/krishi_cobot_ws/install/ebot_description/share/ebot_description/cmake/ebot_descriptionConfig-version.cmake
[0.642s] -- Up-to-date symlink: /home/safwan/krishi_cobot_ws/install/ebot_description/share/ebot_description/package.xml
[0.752s] Invoked command in '/home/safwan/krishi_cobot_ws/build/ebot_description' returned '0': CMAKE_PREFIX_PATH=${CMAKE_PREFIX_PATH}:/opt/ros/humble /usr/bin/cmake --install /home/safwan/krishi_cobot_ws/build/ebot_description
