[0.118s] Invoking command in '/home/safwan/krishi_cobot_ws/build/pymoveit2': CMAKE_PREFIX_PATH=/opt/ros/humble /usr/bin/cmake --build /home/safwan/krishi_cobot_ws/build/pymoveit2 -- -j4 -l4
[0.313s] [  3%] Built target pymoveit2__cpp
[0.681s] [  3%] Built target ament_cmake_python_symlink_pymoveit2
[0.757s] [ 12%] Built target pymoveit2__rosidl_typesupport_fastrtps_cpp
[0.979s] [ 22%] Built target pymoveit2__rosidl_typesupport_introspection_cpp
[1.868s] running egg_info
[1.868s] writing pymoveit2.egg-info/PKG-INFO
[1.868s] writing dependency_links to pymoveit2.egg-info/dependency_links.txt
[1.868s] writing top-level names to pymoveit2.egg-info/top_level.txt
[1.871s] reading manifest file 'pymoveit2.egg-info/SOURCES.txt'
[1.872s] writing manifest file 'pymoveit2.egg-info/SOURCES.txt'
[1.938s] [ 22%] Built target ament_cmake_python_build_pymoveit2_egg
[1.999s] [ 32%] Built target pymoveit2__rosidl_typesupport_cpp
[2.065s] [ 41%] Built target pymoveit2__rosidl_generator_c
[2.136s] [ 51%] Built target pymoveit2__rosidl_typesupport_fastrtps_c
[2.200s] [ 61%] Built target pymoveit2__rosidl_typesupport_c
[2.254s] [ 70%] Built target pymoveit2__rosidl_typesupport_introspection_c
[2.298s] [ 70%] Built target pymoveit2
[2.344s] [ 74%] Built target pymoveit2__py
[2.395s] [ 80%] Built target pymoveit2__rosidl_generator_py
[2.439s] [ 87%] Built target pymoveit2__rosidl_typesupport_fastrtps_c__pyext
[2.485s] [ 93%] Built target pymoveit2__rosidl_typesupport_c__pyext
[2.532s] [100%] Built target pymoveit2__rosidl_typesupport_introspection_c__pyext
[2.557s] Invoked command in '/home/safwan/krishi_cobot_ws/build/pymoveit2' returned '0': CMAKE_PREFIX_PATH=/opt/ros/humble /usr/bin/cmake --build /home/safwan/krishi_cobot_ws/build/pymoveit2 -- -j4 -l4
[2.560s] Invoking command in '/home/safwan/krishi_cobot_ws/build/pymoveit2': CMAKE_PREFIX_PATH=/opt/ros/humble /usr/bin/cmake --install /home/safwan/krishi_cobot_ws/build/pymoveit2
[2.576s] -- Install configuration: ""
[2.577s] -- Execute custom install script
[2.579s] -- Up-to-date symlink: /home/safwan/krishi_cobot_ws/install/pymoveit2/share/ament_index/resource_index/rosidl_interfaces/pymoveit2
[2.580s] -- Up-to-date symlink: /home/safwan/krishi_cobot_ws/install/pymoveit2/include/pymoveit2/pymoveit2/msg/rosidl_generator_c__visibility_control.h
[2.580s] -- Up-to-date symlink: /home/safwan/krishi_cobot_ws/install/pymoveit2/include/pymoveit2/pymoveit2/srv/detail/move_to_pose__functions.h
[2.581s] -- Up-to-date symlink: /home/safwan/krishi_cobot_ws/install/pymoveit2/include/pymoveit2/pymoveit2/srv/detail/move_to_pose__struct.h
[2.581s] -- Up-to-date symlink: /home/safwan/krishi_cobot_ws/install/pymoveit2/include/pymoveit2/pymoveit2/srv/detail/move_to_pose__type_support.h
[2.582s] -- Up-to-date symlink: /home/safwan/krishi_cobot_ws/install/pymoveit2/include/pymoveit2/pymoveit2/srv/move_to_pose.h
[2.583s] -- Up-to-date symlink: /home/safwan/krishi_cobot_ws/install/pymoveit2/share/pymoveit2/environment/library_path.sh
[2.584s] -- Up-to-date symlink: /home/safwan/krishi_cobot_ws/install/pymoveit2/share/pymoveit2/environment/library_path.dsv
[2.586s] -- Up-to-date symlink: /home/safwan/krishi_cobot_ws/install/pymoveit2/include/pymoveit2/pymoveit2/msg/rosidl_typesupport_fastrtps_c__visibility_control.h
[2.588s] -- Up-to-date symlink: /home/safwan/krishi_cobot_ws/install/pymoveit2/include/pymoveit2/pymoveit2/srv/detail/move_to_pose__rosidl_typesupport_fastrtps_c.h
[2.588s] -- Up-to-date symlink: /home/safwan/krishi_cobot_ws/install/pymoveit2/include/pymoveit2/pymoveit2/msg/rosidl_generator_cpp__visibility_control.hpp
[2.589s] -- Up-to-date symlink: /home/safwan/krishi_cobot_ws/install/pymoveit2/include/pymoveit2/pymoveit2/srv/detail/move_to_pose__builder.hpp
[2.589s] -- Up-to-date symlink: /home/safwan/krishi_cobot_ws/install/pymoveit2/include/pymoveit2/pymoveit2/srv/detail/move_to_pose__struct.hpp
[2.591s] -- Up-to-date symlink: /home/safwan/krishi_cobot_ws/install/pymoveit2/include/pymoveit2/pymoveit2/srv/detail/move_to_pose__traits.hpp
[2.591s] -- Up-to-date symlink: /home/safwan/krishi_cobot_ws/install/pymoveit2/include/pymoveit2/pymoveit2/srv/detail/move_to_pose__type_support.hpp
[2.592s] -- Up-to-date symlink: /home/safwan/krishi_cobot_ws/install/pymoveit2/include/pymoveit2/pymoveit2/srv/move_to_pose.hpp
[2.593s] -- Up-to-date symlink: /home/safwan/krishi_cobot_ws/install/pymoveit2/include/pymoveit2/pymoveit2/msg/rosidl_typesupport_fastrtps_cpp__visibility_control.h
[2.595s] -- Up-to-date symlink: /home/safwan/krishi_cobot_ws/install/pymoveit2/include/pymoveit2/pymoveit2/srv/detail/move_to_pose__rosidl_typesupport_fastrtps_cpp.hpp
[2.595s] -- Up-to-date symlink: /home/safwan/krishi_cobot_ws/install/pymoveit2/include/pymoveit2/pymoveit2/msg/rosidl_typesupport_introspection_c__visibility_control.h
[2.596s] -- Up-to-date symlink: /home/safwan/krishi_cobot_ws/install/pymoveit2/include/pymoveit2/pymoveit2/srv/detail/move_to_pose__rosidl_typesupport_introspection_c.h
[2.597s] -- Up-to-date symlink: /home/safwan/krishi_cobot_ws/install/pymoveit2/include/pymoveit2/pymoveit2/srv/detail/move_to_pose__rosidl_typesupport_introspection_cpp.hpp
[2.598s] -- Up-to-date symlink: /home/safwan/krishi_cobot_ws/install/pymoveit2/share/pymoveit2/environment/pythonpath.sh
[2.600s] -- Up-to-date symlink: /home/safwan/krishi_cobot_ws/install/pymoveit2/share/pymoveit2/environment/pythonpath.dsv
[2.601s] -- Up-to-date symlink: /home/safwan/krishi_cobot_ws/install/pymoveit2/local/lib/python3.10/dist-packages/pymoveit2-2.1.0-py3.10.egg-info/PKG-INFO
[2.602s] -- Up-to-date symlink: /home/safwan/krishi_cobot_ws/install/pymoveit2/local/lib/python3.10/dist-packages/pymoveit2-2.1.0-py3.10.egg-info/SOURCES.txt
[2.602s] -- Up-to-date symlink: /home/safwan/krishi_cobot_ws/install/pymoveit2/local/lib/python3.10/dist-packages/pymoveit2-2.1.0-py3.10.egg-info/dependency_links.txt
[2.603s] -- Up-to-date symlink: /home/safwan/krishi_cobot_ws/install/pymoveit2/local/lib/python3.10/dist-packages/pymoveit2-2.1.0-py3.10.egg-info/top_level.txt
[2.605s] -- Up-to-date symlink: /home/safwan/krishi_cobot_ws/install/pymoveit2/local/lib/python3.10/dist-packages/pymoveit2/__init__.py
[2.606s] -- Up-to-date symlink: /home/safwan/krishi_cobot_ws/install/pymoveit2/local/lib/python3.10/dist-packages/pymoveit2/_pymoveit2_s.ep.rosidl_typesupport_c.c
[2.606s] -- Up-to-date symlink: /home/safwan/krishi_cobot_ws/install/pymoveit2/local/lib/python3.10/dist-packages/pymoveit2/_pymoveit2_s.ep.rosidl_typesupport_fastrtps_c.c
[2.610s] -- Up-to-date symlink: /home/safwan/krishi_cobot_ws/install/pymoveit2/local/lib/python3.10/dist-packages/pymoveit2/_pymoveit2_s.ep.rosidl_typesupport_introspection_c.c
[2.612s] -- Up-to-date symlink: /home/safwan/krishi_cobot_ws/install/pymoveit2/local/lib/python3.10/dist-packages/pymoveit2/libpymoveit2__rosidl_generator_py.so
[2.613s] -- Up-to-date symlink: /home/safwan/krishi_cobot_ws/install/pymoveit2/local/lib/python3.10/dist-packages/pymoveit2/pymoveit2_s__rosidl_typesupport_c.cpython-310-x86_64-linux-gnu.so
[2.614s] -- Up-to-date symlink: /home/safwan/krishi_cobot_ws/install/pymoveit2/local/lib/python3.10/dist-packages/pymoveit2/pymoveit2_s__rosidl_typesupport_fastrtps_c.cpython-310-x86_64-linux-gnu.so
[2.615s] -- Up-to-date symlink: /home/safwan/krishi_cobot_ws/install/pymoveit2/local/lib/python3.10/dist-packages/pymoveit2/pymoveit2_s__rosidl_typesupport_introspection_c.cpython-310-x86_64-linux-gnu.so
[2.615s] -- Up-to-date symlink: /home/safwan/krishi_cobot_ws/install/pymoveit2/local/lib/python3.10/dist-packages/pymoveit2/srv/__init__.py
[2.616s] -- Up-to-date symlink: /home/safwan/krishi_cobot_ws/install/pymoveit2/local/lib/python3.10/dist-packages/pymoveit2/srv/_move_to_pose.py
[2.616s] -- Up-to-date symlink: /home/safwan/krishi_cobot_ws/install/pymoveit2/local/lib/python3.10/dist-packages/pymoveit2/srv/_move_to_pose_s.c
[2.617s] -- Up-to-date symlink: /home/safwan/krishi_cobot_ws/install/pymoveit2/local/lib/python3.10/dist-packages/pymoveit2/pymoveit2_s__rosidl_typesupport_fastrtps_c.cpython-310-x86_64-linux-gnu.so
[2.618s] -- Up-to-date symlink: /home/safwan/krishi_cobot_ws/install/pymoveit2/local/lib/python3.10/dist-packages/pymoveit2/pymoveit2_s__rosidl_typesupport_introspection_c.cpython-310-x86_64-linux-gnu.so
[2.618s] -- Up-to-date symlink: /home/safwan/krishi_cobot_ws/install/pymoveit2/local/lib/python3.10/dist-packages/pymoveit2/pymoveit2_s__rosidl_typesupport_c.cpython-310-x86_64-linux-gnu.so
[2.619s] -- Up-to-date symlink: /home/safwan/krishi_cobot_ws/install/pymoveit2/share/pymoveit2/srv/MoveToPose.idl
[2.620s] -- Up-to-date symlink: /home/safwan/krishi_cobot_ws/install/pymoveit2/share/pymoveit2/srv/MoveToPose.srv
[2.623s] -- Up-to-date symlink: /home/safwan/krishi_cobot_ws/install/pymoveit2/share/pymoveit2/srv/MoveToPose_Request.msg
[2.623s] -- Up-to-date symlink: /home/safwan/krishi_cobot_ws/install/pymoveit2/share/pymoveit2/srv/MoveToPose_Response.msg
[2.623s] -- Up-to-date symlink: /home/safwan/krishi_cobot_ws/install/pymoveit2/lib/pymoveit2/twist_servo_cal.py
[2.623s] -- Up-to-date symlink: /home/safwan/krishi_cobot_ws/install/pymoveit2/lib/pymoveit2/kdl_parser_py.py
[2.624s] -- Up-to-date symlink: /home/safwan/krishi_cobot_ws/install/pymoveit2/share/pymoveit2/ur5_arm.urdf
[2.624s] -- Up-to-date symlink: /home/safwan/krishi_cobot_ws/install/pymoveit2/share/pymoveit2/srv/MoveToPose.srv
[2.624s] -- Up-to-date symlink: /home/safwan/krishi_cobot_ws/install/pymoveit2/share/ament_index/resource_index/package_run_dependencies/pymoveit2
[2.624s] -- Up-to-date symlink: /home/safwan/krishi_cobot_ws/install/pymoveit2/share/ament_index/resource_index/parent_prefix_path/pymoveit2
[2.625s] -- Up-to-date symlink: /home/safwan/krishi_cobot_ws/install/pymoveit2/share/pymoveit2/environment/ament_prefix_path.sh
[2.625s] -- Up-to-date symlink: /home/safwan/krishi_cobot_ws/install/pymoveit2/share/pymoveit2/environment/ament_prefix_path.dsv
[2.625s] -- Up-to-date symlink: /home/safwan/krishi_cobot_ws/install/pymoveit2/share/pymoveit2/environment/path.sh
[2.625s] -- Up-to-date symlink: /home/safwan/krishi_cobot_ws/install/pymoveit2/share/pymoveit2/environment/path.dsv
[2.626s] -- Up-to-date symlink: /home/safwan/krishi_cobot_ws/install/pymoveit2/share/pymoveit2/local_setup.bash
[2.626s] -- Up-to-date symlink: /home/safwan/krishi_cobot_ws/install/pymoveit2/share/pymoveit2/local_setup.sh
[2.626s] -- Up-to-date symlink: /home/safwan/krishi_cobot_ws/install/pymoveit2/share/pymoveit2/local_setup.zsh
[2.626s] -- Up-to-date symlink: /home/safwan/krishi_cobot_ws/install/pymoveit2/share/pymoveit2/local_setup.dsv
[2.632s] -- Symlinking: /home/safwan/krishi_cobot_ws/install/pymoveit2/share/pymoveit2/package.dsv
[2.643s] -- Up-to-date symlink: /home/safwan/krishi_cobot_ws/install/pymoveit2/share/ament_index/resource_index/packages/pymoveit2
[2.644s] -- Up-to-date symlink: /home/safwan/krishi_cobot_ws/install/pymoveit2/share/pymoveit2/cmake/rosidl_cmake-extras.cmake
[2.644s] -- Up-to-date symlink: /home/safwan/krishi_cobot_ws/install/pymoveit2/share/pymoveit2/cmake/ament_cmake_export_include_directories-extras.cmake
[2.645s] -- Up-to-date symlink: /home/safwan/krishi_cobot_ws/install/pymoveit2/share/pymoveit2/cmake/ament_cmake_export_libraries-extras.cmake
[2.646s] -- Up-to-date symlink: /home/safwan/krishi_cobot_ws/install/pymoveit2/share/pymoveit2/cmake/ament_cmake_export_targets-extras.cmake
[2.646s] -- Up-to-date symlink: /home/safwan/krishi_cobot_ws/install/pymoveit2/share/pymoveit2/cmake/rosidl_cmake_export_typesupport_targets-extras.cmake
[2.647s] -- Up-to-date symlink: /home/safwan/krishi_cobot_ws/install/pymoveit2/share/pymoveit2/cmake/ament_cmake_export_dependencies-extras.cmake
[2.647s] -- Up-to-date symlink: /home/safwan/krishi_cobot_ws/install/pymoveit2/share/pymoveit2/cmake/rosidl_cmake_export_typesupport_libraries-extras.cmake
[2.648s] -- Up-to-date symlink: /home/safwan/krishi_cobot_ws/install/pymoveit2/share/pymoveit2/cmake/pymoveit2Config.cmake
[2.648s] -- Up-to-date symlink: /home/safwan/krishi_cobot_ws/install/pymoveit2/share/pymoveit2/cmake/pymoveit2Config-version.cmake
[2.648s] -- Up-to-date symlink: /home/safwan/krishi_cobot_ws/install/pymoveit2/share/pymoveit2/package.xml
[2.649s] -- Up-to-date: /home/safwan/krishi_cobot_ws/install/pymoveit2/lib/libpymoveit2__rosidl_generator_c.so
[2.650s] -- Up-to-date: /home/safwan/krishi_cobot_ws/install/pymoveit2/lib/libpymoveit2__rosidl_typesupport_fastrtps_c.so
[2.651s] -- Up-to-date: /home/safwan/krishi_cobot_ws/install/pymoveit2/lib/libpymoveit2__rosidl_typesupport_fastrtps_cpp.so
[2.653s] -- Up-to-date: /home/safwan/krishi_cobot_ws/install/pymoveit2/lib/libpymoveit2__rosidl_typesupport_introspection_c.so
[2.654s] -- Up-to-date: /home/safwan/krishi_cobot_ws/install/pymoveit2/lib/libpymoveit2__rosidl_typesupport_c.so
[2.655s] -- Up-to-date: /home/safwan/krishi_cobot_ws/install/pymoveit2/lib/libpymoveit2__rosidl_typesupport_introspection_cpp.so
[2.656s] -- Up-to-date: /home/safwan/krishi_cobot_ws/install/pymoveit2/lib/libpymoveit2__rosidl_typesupport_cpp.so
[2.732s] Listing '/home/safwan/krishi_cobot_ws/install/pymoveit2/local/lib/python3.10/dist-packages/pymoveit2'...
[2.733s] Listing '/home/safwan/krishi_cobot_ws/install/pymoveit2/local/lib/python3.10/dist-packages/pymoveit2/srv'...
[2.745s] -- Up-to-date: /home/safwan/krishi_cobot_ws/install/pymoveit2/lib/libpymoveit2__rosidl_generator_py.so
[2.745s] -- Up-to-date: /home/safwan/krishi_cobot_ws/install/pymoveit2/share/pymoveit2/cmake/export_pymoveit2__rosidl_generator_cExport.cmake
[2.745s] -- Up-to-date: /home/safwan/krishi_cobot_ws/install/pymoveit2/share/pymoveit2/cmake/export_pymoveit2__rosidl_generator_cExport-noconfig.cmake
[2.745s] -- Up-to-date: /home/safwan/krishi_cobot_ws/install/pymoveit2/share/pymoveit2/cmake/export_pymoveit2__rosidl_typesupport_fastrtps_cExport.cmake
[2.745s] -- Up-to-date: /home/safwan/krishi_cobot_ws/install/pymoveit2/share/pymoveit2/cmake/export_pymoveit2__rosidl_typesupport_fastrtps_cExport-noconfig.cmake
[2.750s] -- Up-to-date: /home/safwan/krishi_cobot_ws/install/pymoveit2/share/pymoveit2/cmake/export_pymoveit2__rosidl_generator_cppExport.cmake
[2.751s] -- Up-to-date: /home/safwan/krishi_cobot_ws/install/pymoveit2/share/pymoveit2/cmake/export_pymoveit2__rosidl_typesupport_fastrtps_cppExport.cmake
[2.751s] -- Up-to-date: /home/safwan/krishi_cobot_ws/install/pymoveit2/share/pymoveit2/cmake/export_pymoveit2__rosidl_typesupport_fastrtps_cppExport-noconfig.cmake
[2.752s] -- Up-to-date: /home/safwan/krishi_cobot_ws/install/pymoveit2/share/pymoveit2/cmake/pymoveit2__rosidl_typesupport_introspection_cExport.cmake
[2.752s] -- Up-to-date: /home/safwan/krishi_cobot_ws/install/pymoveit2/share/pymoveit2/cmake/pymoveit2__rosidl_typesupport_introspection_cExport-noconfig.cmake
[2.752s] -- Up-to-date: /home/safwan/krishi_cobot_ws/install/pymoveit2/share/pymoveit2/cmake/pymoveit2__rosidl_typesupport_cExport.cmake
[2.752s] -- Up-to-date: /home/safwan/krishi_cobot_ws/install/pymoveit2/share/pymoveit2/cmake/pymoveit2__rosidl_typesupport_cExport-noconfig.cmake
[2.752s] -- Up-to-date: /home/safwan/krishi_cobot_ws/install/pymoveit2/share/pymoveit2/cmake/pymoveit2__rosidl_typesupport_introspection_cppExport.cmake
[2.752s] -- Up-to-date: /home/safwan/krishi_cobot_ws/install/pymoveit2/share/pymoveit2/cmake/pymoveit2__rosidl_typesupport_introspection_cppExport-noconfig.cmake
[2.753s] -- Up-to-date: /home/safwan/krishi_cobot_ws/install/pymoveit2/share/pymoveit2/cmake/pymoveit2__rosidl_typesupport_cppExport.cmake
[2.753s] -- Up-to-date: /home/safwan/krishi_cobot_ws/install/pymoveit2/share/pymoveit2/cmake/pymoveit2__rosidl_typesupport_cppExport-noconfig.cmake
[2.753s] -- Up-to-date: /home/safwan/krishi_cobot_ws/install/pymoveit2/share/pymoveit2/cmake/export_pymoveit2__rosidl_generator_pyExport.cmake
[2.753s] -- Up-to-date: /home/safwan/krishi_cobot_ws/install/pymoveit2/share/pymoveit2/cmake/export_pymoveit2__rosidl_generator_pyExport-noconfig.cmake
[2.758s] Invoked command in '/home/safwan/krishi_cobot_ws/build/pymoveit2' returned '0': CMAKE_PREFIX_PATH=/opt/ros/humble /usr/bin/cmake --install /home/safwan/krishi_cobot_ws/build/pymoveit2
