[0.071s] Invoking command in '/home/safwan/krishi_cobot_ws/build/ebot_description': CMAKE_PREFIX_PATH=/opt/ros/humble /usr/bin/cmake /home/safwan/krishi_cobot_ws/src/eyrc-25-26-krishi-cobot/ebot_description -DCMAKE_INSTALL_PREFIX=/home/safwan/krishi_cobot_ws/install/ebot_description
[0.128s] -- Found ament_cmake: 1.3.12 (/opt/ros/humble/share/ament_cmake/cmake)
[0.698s] -- Override CMake install command with custom implementation using symlinks instead of copying resources
[0.749s] -- Found rclcpp: 16.0.14 (/opt/ros/humble/share/rclcpp/cmake)
[0.973s] -- Found rosidl_generator_c: 3.1.7 (/opt/ros/humble/share/rosidl_generator_c/cmake)
[0.996s] -- Found rosidl_adapter: 3.1.7 (/opt/ros/humble/share/rosidl_adapter/cmake)
[1.043s] -- Found rosidl_generator_cpp: 3.1.7 (/opt/ros/humble/share/rosidl_generator_cpp/cmake)
[1.146s] -- Using all available rosidl_typesupport_c: rosidl_typesupport_fastrtps_c;rosidl_typesupport_introspection_c
[1.226s] -- Using all available rosidl_typesupport_cpp: rosidl_typesupport_fastrtps_cpp;rosidl_typesupport_introspection_cpp
[1.434s] -- Found rmw_implementation_cmake: 6.1.2 (/opt/ros/humble/share/rmw_implementation_cmake/cmake)
[1.446s] -- Found rmw_fastrtps_cpp: 6.2.8 (/opt/ros/humble/share/rmw_fastrtps_cpp/cmake)
[1.904s] -- Using RMW implementation 'rmw_fastrtps_cpp' as default
[2.260s] -- Found rclpy: 3.3.17 (/opt/ros/humble/share/rclpy/cmake)
[2.260s] -- Found urdf: 2.6.1 (/opt/ros/humble/share/urdf/cmake)
[2.437s] -- Found xacro: 2.1.1 (/opt/ros/humble/share/xacro/cmake)
[2.438s] -- Found ament_lint_auto: 0.12.14 (/opt/ros/humble/share/ament_lint_auto/cmake)
[2.774s] -- Added test 'flake8' to check Python code syntax and style conventions
[2.781s] -- Added test 'lint_cmake' to check CMake code style
[2.784s] -- Added test 'pep257' to check Python code against some of the docstring style conventions in PEP 257
[2.811s] -- Added test 'xmllint' to check XML markup files
[2.817s] -- Configuring done
[2.854s] -- Generating done
[2.894s] -- Build files have been written to: /home/safwan/krishi_cobot_ws/build/ebot_description
[2.975s] Invoked command in '/home/safwan/krishi_cobot_ws/build/ebot_description' returned '0': CMAKE_PREFIX_PATH=/opt/ros/humble /usr/bin/cmake /home/safwan/krishi_cobot_ws/src/eyrc-25-26-krishi-cobot/ebot_description -DCMAKE_INSTALL_PREFIX=/home/safwan/krishi_cobot_ws/install/ebot_description
[2.987s] Invoking command in '/home/safwan/krishi_cobot_ws/build/ebot_description': CMAKE_PREFIX_PATH=/opt/ros/humble /usr/bin/cmake --build /home/safwan/krishi_cobot_ws/build/ebot_description -- -j4 -l4
[3.163s] Invoked command in '/home/safwan/krishi_cobot_ws/build/ebot_description' returned '0': CMAKE_PREFIX_PATH=/opt/ros/humble /usr/bin/cmake --build /home/safwan/krishi_cobot_ws/build/ebot_description -- -j4 -l4
[3.171s] Invoking command in '/home/safwan/krishi_cobot_ws/build/ebot_description': CMAKE_PREFIX_PATH=/opt/ros/humble /usr/bin/cmake --install /home/safwan/krishi_cobot_ws/build/ebot_description
[3.206s] -- Install configuration: ""
[3.206s] -- Execute custom install script
[3.207s] -- Up-to-date symlink: /home/safwan/krishi_cobot_ws/install/ebot_description/share/ebot_description//launch/spawn_ebot.launch.py
[3.209s] -- Up-to-date symlink: /home/safwan/krishi_cobot_ws/install/ebot_description/share/ebot_description//worlds/empty.world
[3.211s] -- Up-to-date symlink: /home/safwan/krishi_cobot_ws/install/ebot_description/share/ebot_description//models/ebot/ebot.gazebo
[3.213s] -- Up-to-date symlink: /home/safwan/krishi_cobot_ws/install/ebot_description/share/ebot_description//models/ebot/ebot_description.xacro
[3.214s] -- Up-to-date symlink: /home/safwan/krishi_cobot_ws/install/ebot_description/share/ebot_description//meshes/FUS1.STL
[3.217s] -- Up-to-date symlink: /home/safwan/krishi_cobot_ws/install/ebot_description/share/ebot_description//meshes/FUS2.STL
[3.218s] -- Up-to-date symlink: /home/safwan/krishi_cobot_ws/install/ebot_description/share/ebot_description//meshes/FUS3.STL
[3.220s] -- Up-to-date symlink: /home/safwan/krishi_cobot_ws/install/ebot_description/share/ebot_description//meshes/FUS4.STL
[3.221s] -- Up-to-date symlink: /home/safwan/krishi_cobot_ws/install/ebot_description/share/ebot_description//meshes/FWL.STL
[3.223s] -- Up-to-date symlink: /home/safwan/krishi_cobot_ws/install/ebot_description/share/ebot_description//meshes/FWR.STL
[3.226s] -- Up-to-date symlink: /home/safwan/krishi_cobot_ws/install/ebot_description/share/ebot_description//meshes/LHUS10.STL
[3.226s] -- Up-to-date symlink: /home/safwan/krishi_cobot_ws/install/ebot_description/share/ebot_description//meshes/LHUS9.STL
[3.228s] -- Up-to-date symlink: /home/safwan/krishi_cobot_ws/install/ebot_description/share/ebot_description//meshes/RHUS7.STL
[3.230s] -- Up-to-date symlink: /home/safwan/krishi_cobot_ws/install/ebot_description/share/ebot_description//meshes/RHUS9.STL
[3.233s] -- Up-to-date symlink: /home/safwan/krishi_cobot_ws/install/ebot_description/share/ebot_description//meshes/RUS5.STL
[3.234s] -- Up-to-date symlink: /home/safwan/krishi_cobot_ws/install/ebot_description/share/ebot_description//meshes/RUS6.STL
[3.236s] -- Up-to-date symlink: /home/safwan/krishi_cobot_ws/install/ebot_description/share/ebot_description//meshes/RWL.STL
[3.236s] -- Up-to-date symlink: /home/safwan/krishi_cobot_ws/install/ebot_description/share/ebot_description//meshes/RWR.STL
[3.236s] -- Up-to-date symlink: /home/safwan/krishi_cobot_ws/install/ebot_description/share/ebot_description//meshes/aruco_tag.jpg.001.jpg
[3.238s] -- Up-to-date symlink: /home/safwan/krishi_cobot_ws/install/ebot_description/share/ebot_description//meshes/chassis.dae
[3.239s] -- Up-to-date symlink: /home/safwan/krishi_cobot_ws/install/ebot_description/share/ebot_description//meshes/chassis_modified.dae
[3.240s] -- Up-to-date symlink: /home/safwan/krishi_cobot_ws/install/ebot_description/share/ebot_description//meshes/robot_base.stl
[3.243s] -- Up-to-date symlink: /home/safwan/krishi_cobot_ws/install/ebot_description/share/ebot_description//plugins/libgazebo_collision_sensor.so
[3.246s] -- Up-to-date symlink: /home/safwan/krishi_cobot_ws/install/ebot_description/share/ebot_description//plugins/libgazebo_ros_vacuum_gripper.so
[3.247s] -- Up-to-date symlink: /home/safwan/krishi_cobot_ws/install/ebot_description/share/ebot_description//config/bridge.yaml
[3.252s] -- Up-to-date symlink: /home/safwan/krishi_cobot_ws/install/ebot_description/share/ebot_description//config/controller.yaml
[3.253s] -- Symlinking: /home/safwan/krishi_cobot_ws/install/ebot_description/lib/ebot_description/pyarmor_runtime_000000/__init__.py
[3.295s] -- Symlinking: /home/safwan/krishi_cobot_ws/install/ebot_description/lib/ebot_description/pyarmor_runtime_000000/pyarmor_runtime.so
[3.324s] -- Symlinking: /home/safwan/krishi_cobot_ws/install/ebot_description/lib/ebot_description/pyarmor_runtime_000000/__init__.py
[3.345s] -- Symlinking: /home/safwan/krishi_cobot_ws/install/ebot_description/lib/ebot_description/pyarmor_runtime_000000/pyarmor_runtime.so
[3.396s] -- Up-to-date symlink: /home/safwan/krishi_cobot_ws/install/ebot_description/lib/ebot_description/payload.py
[3.397s] -- Up-to-date symlink: /home/safwan/krishi_cobot_ws/install/ebot_description/lib/ebot_description/spawner.py
[3.410s] -- Up-to-date symlink: /home/safwan/krishi_cobot_ws/install/ebot_description/share/ament_index/resource_index/package_run_dependencies/ebot_description
[3.411s] -- Up-to-date symlink: /home/safwan/krishi_cobot_ws/install/ebot_description/share/ament_index/resource_index/parent_prefix_path/ebot_description
[3.413s] -- Up-to-date symlink: /home/safwan/krishi_cobot_ws/install/ebot_description/share/ebot_description/environment/ament_prefix_path.sh
[3.416s] -- Up-to-date symlink: /home/safwan/krishi_cobot_ws/install/ebot_description/share/ebot_description/environment/ament_prefix_path.dsv
[3.416s] -- Up-to-date symlink: /home/safwan/krishi_cobot_ws/install/ebot_description/share/ebot_description/environment/path.sh
[3.416s] -- Up-to-date symlink: /home/safwan/krishi_cobot_ws/install/ebot_description/share/ebot_description/environment/path.dsv
[3.416s] -- Up-to-date symlink: /home/safwan/krishi_cobot_ws/install/ebot_description/share/ebot_description/local_setup.bash
[3.416s] -- Up-to-date symlink: /home/safwan/krishi_cobot_ws/install/ebot_description/share/ebot_description/local_setup.sh
[3.419s] -- Up-to-date symlink: /home/safwan/krishi_cobot_ws/install/ebot_description/share/ebot_description/local_setup.zsh
[3.419s] -- Up-to-date symlink: /home/safwan/krishi_cobot_ws/install/ebot_description/share/ebot_description/local_setup.dsv
[3.419s] -- Symlinking: /home/safwan/krishi_cobot_ws/install/ebot_description/share/ebot_description/package.dsv
[3.491s] -- Up-to-date symlink: /home/safwan/krishi_cobot_ws/install/ebot_description/share/ament_index/resource_index/packages/ebot_description
[3.496s] -- Up-to-date symlink: /home/safwan/krishi_cobot_ws/install/ebot_description/share/ebot_description/cmake/ebot_descriptionConfig.cmake
[3.497s] -- Up-to-date symlink: /home/safwan/krishi_cobot_ws/install/ebot_description/share/ebot_description/cmake/ebot_descriptionConfig-version.cmake
[3.502s] -- Up-to-date symlink: /home/safwan/krishi_cobot_ws/install/ebot_description/share/ebot_description/package.xml
[3.575s] Invoked command in '/home/safwan/krishi_cobot_ws/build/ebot_description' returned '0': CMAKE_PREFIX_PATH=/opt/ros/humble /usr/bin/cmake --install /home/safwan/krishi_cobot_ws/build/ebot_description
