[0.078s] Invoking command in '/home/safwan/krishi_cobot_ws/build/ebot_description': CMAKE_PREFIX_PATH=/opt/ros/humble /usr/bin/cmake --build /home/safwan/krishi_cobot_ws/build/ebot_description -- -j4 -l4
[0.362s] Invoked command in '/home/safwan/krishi_cobot_ws/build/ebot_description' returned '0': CMAKE_PREFIX_PATH=/opt/ros/humble /usr/bin/cmake --build /home/safwan/krishi_cobot_ws/build/ebot_description -- -j4 -l4
[0.368s] Invoking command in '/home/safwan/krishi_cobot_ws/build/ebot_description': CMAKE_PREFIX_PATH=/opt/ros/humble /usr/bin/cmake --install /home/safwan/krishi_cobot_ws/build/ebot_description
[0.558s] -- Install configuration: ""
[0.562s] -- Execute custom install script
[0.563s] -- Up-to-date symlink: /home/safwan/krishi_cobot_ws/install/ebot_description/share/ebot_description//launch/spawn_ebot.launch.py
[0.566s] -- Up-to-date symlink: /home/safwan/krishi_cobot_ws/install/ebot_description/share/ebot_description//worlds/empty.world
[0.573s] -- Up-to-date symlink: /home/safwan/krishi_cobot_ws/install/ebot_description/share/ebot_description//models/ebot/ebot.gazebo
[0.575s] -- Up-to-date symlink: /home/safwan/krishi_cobot_ws/install/ebot_description/share/ebot_description//models/ebot/ebot_description.xacro
[0.593s] -- Up-to-date symlink: /home/safwan/krishi_cobot_ws/install/ebot_description/share/ebot_description//meshes/FUS1.STL
[0.594s] -- Up-to-date symlink: /home/safwan/krishi_cobot_ws/install/ebot_description/share/ebot_description//meshes/FUS2.STL
[0.601s] -- Up-to-date symlink: /home/safwan/krishi_cobot_ws/install/ebot_description/share/ebot_description//meshes/FUS3.STL
[0.601s] -- Up-to-date symlink: /home/safwan/krishi_cobot_ws/install/ebot_description/share/ebot_description//meshes/FUS4.STL
[0.602s] -- Up-to-date symlink: /home/safwan/krishi_cobot_ws/install/ebot_description/share/ebot_description//meshes/FWL.STL
[0.602s] -- Up-to-date symlink: /home/safwan/krishi_cobot_ws/install/ebot_description/share/ebot_description//meshes/FWR.STL
[0.602s] -- Up-to-date symlink: /home/safwan/krishi_cobot_ws/install/ebot_description/share/ebot_description//meshes/LHUS10.STL
[0.602s] -- Up-to-date symlink: /home/safwan/krishi_cobot_ws/install/ebot_description/share/ebot_description//meshes/LHUS9.STL
[0.602s] -- Up-to-date symlink: /home/safwan/krishi_cobot_ws/install/ebot_description/share/ebot_description//meshes/RHUS7.STL
[0.603s] -- Up-to-date symlink: /home/safwan/krishi_cobot_ws/install/ebot_description/share/ebot_description//meshes/RHUS9.STL
[0.606s] -- Up-to-date symlink: /home/safwan/krishi_cobot_ws/install/ebot_description/share/ebot_description//meshes/RUS5.STL
[0.607s] -- Up-to-date symlink: /home/safwan/krishi_cobot_ws/install/ebot_description/share/ebot_description//meshes/RUS6.STL
[0.607s] -- Up-to-date symlink: /home/safwan/krishi_cobot_ws/install/ebot_description/share/ebot_description//meshes/RWL.STL
[0.607s] -- Up-to-date symlink: /home/safwan/krishi_cobot_ws/install/ebot_description/share/ebot_description//meshes/RWR.STL
[0.610s] -- Up-to-date symlink: /home/safwan/krishi_cobot_ws/install/ebot_description/share/ebot_description//meshes/aruco_tag.jpg.001.jpg
[0.610s] -- Up-to-date symlink: /home/safwan/krishi_cobot_ws/install/ebot_description/share/ebot_description//meshes/chassis.dae
[0.625s] -- Up-to-date symlink: /home/safwan/krishi_cobot_ws/install/ebot_description/share/ebot_description//meshes/chassis_modified.dae
[0.625s] -- Up-to-date symlink: /home/safwan/krishi_cobot_ws/install/ebot_description/share/ebot_description//meshes/robot_base.stl
[0.625s] -- Up-to-date symlink: /home/safwan/krishi_cobot_ws/install/ebot_description/share/ebot_description//plugins/libgazebo_collision_sensor.so
[0.625s] -- Up-to-date symlink: /home/safwan/krishi_cobot_ws/install/ebot_description/share/ebot_description//plugins/libgazebo_ros_vacuum_gripper.so
[0.625s] -- Up-to-date symlink: /home/safwan/krishi_cobot_ws/install/ebot_description/share/ebot_description//config/bridge.yaml
[0.626s] -- Up-to-date symlink: /home/safwan/krishi_cobot_ws/install/ebot_description/share/ebot_description//config/controller.yaml
[0.629s] -- Symlinking: /home/safwan/krishi_cobot_ws/install/ebot_description/lib/ebot_description/pyarmor_runtime_000000/__init__.py
[0.686s] -- Symlinking: /home/safwan/krishi_cobot_ws/install/ebot_description/lib/ebot_description/pyarmor_runtime_000000/pyarmor_runtime.so
[0.714s] -- Symlinking: /home/safwan/krishi_cobot_ws/install/ebot_description/lib/ebot_description/pyarmor_runtime_000000/__init__.py
[0.763s] -- Symlinking: /home/safwan/krishi_cobot_ws/install/ebot_description/lib/ebot_description/pyarmor_runtime_000000/pyarmor_runtime.so
[0.827s] -- Up-to-date symlink: /home/safwan/krishi_cobot_ws/install/ebot_description/lib/ebot_description/payload.py
[0.827s] -- Up-to-date symlink: /home/safwan/krishi_cobot_ws/install/ebot_description/lib/ebot_description/spawner.py
[0.828s] -- Up-to-date symlink: /home/safwan/krishi_cobot_ws/install/ebot_description/share/ament_index/resource_index/package_run_dependencies/ebot_description
[0.835s] -- Up-to-date symlink: /home/safwan/krishi_cobot_ws/install/ebot_description/share/ament_index/resource_index/parent_prefix_path/ebot_description
[0.836s] -- Up-to-date symlink: /home/safwan/krishi_cobot_ws/install/ebot_description/share/ebot_description/environment/ament_prefix_path.sh
[0.837s] -- Up-to-date symlink: /home/safwan/krishi_cobot_ws/install/ebot_description/share/ebot_description/environment/ament_prefix_path.dsv
[0.837s] -- Up-to-date symlink: /home/safwan/krishi_cobot_ws/install/ebot_description/share/ebot_description/environment/path.sh
[0.837s] -- Up-to-date symlink: /home/safwan/krishi_cobot_ws/install/ebot_description/share/ebot_description/environment/path.dsv
[0.847s] -- Up-to-date symlink: /home/safwan/krishi_cobot_ws/install/ebot_description/share/ebot_description/local_setup.bash
[0.847s] -- Up-to-date symlink: /home/safwan/krishi_cobot_ws/install/ebot_description/share/ebot_description/local_setup.sh
[0.849s] -- Up-to-date symlink: /home/safwan/krishi_cobot_ws/install/ebot_description/share/ebot_description/local_setup.zsh
[0.849s] -- Up-to-date symlink: /home/safwan/krishi_cobot_ws/install/ebot_description/share/ebot_description/local_setup.dsv
[0.849s] -- Symlinking: /home/safwan/krishi_cobot_ws/install/ebot_description/share/ebot_description/package.dsv
[0.937s] -- Up-to-date symlink: /home/safwan/krishi_cobot_ws/install/ebot_description/share/ament_index/resource_index/packages/ebot_description
[0.937s] -- Up-to-date symlink: /home/safwan/krishi_cobot_ws/install/ebot_description/share/ebot_description/cmake/ebot_descriptionConfig.cmake
[0.937s] -- Up-to-date symlink: /home/safwan/krishi_cobot_ws/install/ebot_description/share/ebot_description/cmake/ebot_descriptionConfig-version.cmake
[0.938s] -- Up-to-date symlink: /home/safwan/krishi_cobot_ws/install/ebot_description/share/ebot_description/package.xml
[0.947s] Invoked command in '/home/safwan/krishi_cobot_ws/build/ebot_description' returned '0': CMAKE_PREFIX_PATH=/opt/ros/humble /usr/bin/cmake --install /home/safwan/krishi_cobot_ws/build/ebot_description
