[0.082s] Invoking command in '/home/safwan/krishi_cobot_ws/build/pymoveit2': CMAKE_PREFIX_PATH=${CMAKE_PREFIX_PATH}:/opt/ros/humble /usr/bin/cmake /home/safwan/krishi_cobot_ws/src/eyrc-25-26-krishi-cobot/pymoveit2 -DAMENT_CMAKE_SYMLINK_INSTALL=1 -DCMAKE_INSTALL_PREFIX=/home/safwan/krishi_cobot_ws/install/pymoveit2
[0.464s] -- The C compiler identification is GNU 11.4.0
[0.754s] -- The CXX compiler identification is GNU 11.4.0
[0.776s] -- Detecting C compiler ABI info
[1.176s] -- Detecting C compiler ABI info - done
[1.225s] -- Check for working C compiler: /usr/bin/cc - skipped
[1.227s] -- Detecting C compile features
[1.228s] -- Detecting C compile features - done
[1.252s] -- Detecting CXX compiler ABI info
[1.621s] -- Detecting CXX compiler ABI info - done
[1.687s] -- Check for working CXX compiler: /usr/bin/c++ - skipped
[1.687s] -- Detecting CXX compile features
[1.698s] -- Detecting CXX compile features - done
[1.721s] -- Found ament_cmake: 1.3.12 (/opt/ros/humble/share/ament_cmake/cmake)
[2.771s] -- Found Python3: /usr/bin/python3 (found version "3.10.12") found components: Interpreter 
[3.306s] -- Override CMake install command with custom implementation using symlinks instead of copying resources
[3.489s] -- Found rclcpp: 16.0.14 (/opt/ros/humble/share/rclcpp/cmake)
[3.821s] -- Found rosidl_generator_c: 3.1.7 (/opt/ros/humble/share/rosidl_generator_c/cmake)
[3.844s] -- Found rosidl_adapter: 3.1.7 (/opt/ros/humble/share/rosidl_adapter/cmake)
[3.874s] -- Found rosidl_generator_cpp: 3.1.7 (/opt/ros/humble/share/rosidl_generator_cpp/cmake)
[3.945s] -- Using all available rosidl_typesupport_c: rosidl_typesupport_fastrtps_c;rosidl_typesupport_introspection_c
[4.041s] -- Using all available rosidl_typesupport_cpp: rosidl_typesupport_fastrtps_cpp;rosidl_typesupport_introspection_cpp
[4.323s] -- Found rmw_implementation_cmake: 6.1.2 (/opt/ros/humble/share/rmw_implementation_cmake/cmake)
[4.331s] -- Found rmw_fastrtps_cpp: 6.2.8 (/opt/ros/humble/share/rmw_fastrtps_cpp/cmake)
[4.814s] -- Found OpenSSL: /usr/lib/x86_64-linux-gnu/libcrypto.so (found version "3.0.2")  
[5.080s] -- Found FastRTPS: /opt/ros/humble/include  
[5.294s] -- Using RMW implementation 'rmw_fastrtps_cpp' as default
[5.376s] -- Looking for pthread.h
[5.904s] -- Looking for pthread.h - found
[5.905s] -- Performing Test CMAKE_HAVE_LIBC_PTHREAD
[6.350s] -- Performing Test CMAKE_HAVE_LIBC_PTHREAD - Success
[6.360s] -- Found Threads: TRUE  
[6.742s] -- Found sensor_msgs: 4.9.0 (/opt/ros/humble/share/sensor_msgs/cmake)
[6.852s] -- Found trajectory_msgs: 4.9.0 (/opt/ros/humble/share/trajectory_msgs/cmake)
[6.916s] -- Found kdl_parser: 2.6.4 (/opt/ros/humble/share/kdl_parser/cmake)
[6.958s] -- Found eigen3_cmake_module: 0.1.1 (/opt/ros/humble/share/eigen3_cmake_module/cmake)
[6.958s] -- Found Eigen3: TRUE (found version "3.4.0") 
[6.960s] -- Ensuring Eigen3 include directory is part of orocos-kdl CMake target
[6.977s] -- Found urdf: 2.6.1 (/opt/ros/humble/share/urdf/cmake)
[7.092s] -- Found rosidl_default_generators: 1.2.0 (/opt/ros/humble/share/rosidl_default_generators/cmake)
[8.844s] -- Found ament_cmake_ros: 0.10.0 (/opt/ros/humble/share/ament_cmake_ros/cmake)
[10.744s] -- Using all available rosidl_typesupport_c: rosidl_typesupport_fastrtps_c;rosidl_typesupport_introspection_c
[11.344s] -- Using all available rosidl_typesupport_cpp: rosidl_typesupport_fastrtps_cpp;rosidl_typesupport_introspection_cpp
[11.535s] -- Found PythonInterp: /usr/bin/python3 (found suitable version "3.10.12", minimum required is "3.6") 
[11.547s] -- Found python_cmake_module: 0.10.0 (/opt/ros/humble/share/python_cmake_module/cmake)
[11.711s] -- Found PythonLibs: /usr/lib/x86_64-linux-gnu/libpython3.10.so (found suitable version "3.10.12", minimum required is "3.5") 
[11.717s] -- Using PYTHON_EXECUTABLE: /usr/bin/python3
[11.717s] -- Using PYTHON_INCLUDE_DIRS: /usr/include/python3.10
[11.717s] -- Using PYTHON_LIBRARIES: /usr/lib/x86_64-linux-gnu/libpython3.10.so
[11.862s] -- Found PythonExtra: .so  
[12.161s] -- Configuring done
[12.268s] -- Generating done
[12.298s] -- Build files have been written to: /home/safwan/krishi_cobot_ws/build/pymoveit2
[12.348s] Invoked command in '/home/safwan/krishi_cobot_ws/build/pymoveit2' returned '0': CMAKE_PREFIX_PATH=${CMAKE_PREFIX_PATH}:/opt/ros/humble /usr/bin/cmake /home/safwan/krishi_cobot_ws/src/eyrc-25-26-krishi-cobot/pymoveit2 -DAMENT_CMAKE_SYMLINK_INSTALL=1 -DCMAKE_INSTALL_PREFIX=/home/safwan/krishi_cobot_ws/install/pymoveit2
[12.349s] Invoking command in '/home/safwan/krishi_cobot_ws/build/pymoveit2': CMAKE_PREFIX_PATH=${CMAKE_PREFIX_PATH}:/opt/ros/humble /usr/bin/cmake --build /home/safwan/krishi_cobot_ws/build/pymoveit2 -- -j4 -l4
[12.596s] [  3%] [34m[1mGenerating C++ code for ROS interfaces[0m
[14.322s] [  3%] Built target pymoveit2__cpp
[14.461s] [  3%] Built target ament_cmake_python_symlink_pymoveit2
[14.537s] [  6%] [34m[1mGenerating C++ type support for eProsima Fast-RTPS[0m
[15.744s] [  9%] [32mBuilding CXX object CMakeFiles/pymoveit2__rosidl_typesupport_fastrtps_cpp.dir/rosidl_typesupport_fastrtps_cpp/pymoveit2/srv/detail/dds_fastrtps/move_to_pose__type_support.cpp.o[0m
[17.315s] [ 12%] [32m[1mLinking CXX shared library libpymoveit2__rosidl_typesupport_fastrtps_cpp.so[0m
[17.619s] [ 12%] Built target pymoveit2__rosidl_typesupport_fastrtps_cpp
[17.648s] [ 16%] [34m[1mGenerating C++ introspection for ROS interfaces[0m
[18.748s] [ 19%] [32mBuilding CXX object CMakeFiles/pymoveit2__rosidl_typesupport_introspection_cpp.dir/rosidl_typesupport_introspection_cpp/pymoveit2/srv/detail/move_to_pose__type_support.cpp.o[0m
[20.035s] [ 22%] [32m[1mLinking CXX shared library libpymoveit2__rosidl_typesupport_introspection_cpp.so[0m
[20.285s] [ 22%] Built target pymoveit2__rosidl_typesupport_introspection_cpp
[21.291s] running egg_info
[21.293s] creating pymoveit2.egg-info
[21.293s] writing pymoveit2.egg-info/PKG-INFO
[21.294s] writing dependency_links to pymoveit2.egg-info/dependency_links.txt
[21.295s] writing top-level names to pymoveit2.egg-info/top_level.txt
[21.295s] writing manifest file 'pymoveit2.egg-info/SOURCES.txt'
[21.302s] reading manifest file 'pymoveit2.egg-info/SOURCES.txt'
[21.305s] writing manifest file 'pymoveit2.egg-info/SOURCES.txt'
[21.397s] [ 22%] Built target ament_cmake_python_build_pymoveit2_egg
[21.427s] [ 25%] [34m[1mGenerating C++ type support dispatch for ROS interfaces[0m
[22.432s] [ 29%] [32mBuilding CXX object CMakeFiles/pymoveit2__rosidl_typesupport_cpp.dir/rosidl_typesupport_cpp/pymoveit2/srv/move_to_pose__type_support.cpp.o[0m
[23.373s] [ 32%] [32m[1mLinking CXX shared library libpymoveit2__rosidl_typesupport_cpp.so[0m
[23.534s] [ 32%] Built target pymoveit2__rosidl_typesupport_cpp
[23.570s] [ 35%] [34m[1mGenerating C code for ROS interfaces[0m
[24.838s] [ 38%] [32mBuilding C object CMakeFiles/pymoveit2__rosidl_generator_c.dir/rosidl_generator_c/pymoveit2/srv/detail/move_to_pose__functions.c.o[0m
[25.058s] [ 41%] [32m[1mLinking C shared library libpymoveit2__rosidl_generator_c.so[0m
[25.183s] [ 41%] Built target pymoveit2__rosidl_generator_c
[25.215s] [ 45%] [34m[1mGenerating C type support for eProsima Fast-RTPS[0m
[26.321s] [ 48%] [32mBuilding CXX object CMakeFiles/pymoveit2__rosidl_typesupport_fastrtps_c.dir/rosidl_typesupport_fastrtps_c/pymoveit2/srv/detail/move_to_pose__type_support_c.cpp.o[0m
[27.597s] [ 51%] [32m[1mLinking CXX shared library libpymoveit2__rosidl_typesupport_fastrtps_c.so[0m
[27.896s] [ 51%] Built target pymoveit2__rosidl_typesupport_fastrtps_c
[27.924s] [ 54%] [34m[1mGenerating C type support dispatch for ROS interfaces[0m
[28.926s] [ 58%] [32mBuilding CXX object CMakeFiles/pymoveit2__rosidl_typesupport_c.dir/rosidl_typesupport_c/pymoveit2/srv/move_to_pose__type_support.cpp.o[0m
[29.026s] [ 61%] [32m[1mLinking CXX shared library libpymoveit2__rosidl_typesupport_c.so[0m
[29.151s] [ 61%] Built target pymoveit2__rosidl_typesupport_c
[29.203s] [ 64%] [34m[1mGenerating C introspection for ROS interfaces[0m
[30.277s] [ 67%] [32mBuilding C object CMakeFiles/pymoveit2__rosidl_typesupport_introspection_c.dir/rosidl_typesupport_introspection_c/pymoveit2/srv/detail/move_to_pose__type_support.c.o[0m
[30.424s] [ 70%] [32m[1mLinking C shared library libpymoveit2__rosidl_typesupport_introspection_c.so[0m
[30.525s] [ 70%] Built target pymoveit2__rosidl_typesupport_introspection_c
[30.589s] [ 70%] Built target pymoveit2
[30.649s] [ 74%] [34m[1mGenerating Python code for ROS interfaces[0m
[32.388s] [ 74%] Built target pymoveit2__py
[32.450s] [ 77%] [32mBuilding C object CMakeFiles/pymoveit2__rosidl_generator_py.dir/rosidl_generator_py/pymoveit2/srv/_move_to_pose_s.c.o[0m
[32.840s] [ 80%] [32m[1mLinking C shared library rosidl_generator_py/pymoveit2/libpymoveit2__rosidl_generator_py.so[0m
[33.017s] [ 80%] Built target pymoveit2__rosidl_generator_py
[33.086s] [ 83%] [32mBuilding C object CMakeFiles/pymoveit2__rosidl_typesupport_fastrtps_c__pyext.dir/rosidl_generator_py/pymoveit2/_pymoveit2_s.ep.rosidl_typesupport_fastrtps_c.c.o[0m
[33.451s] [ 87%] [32m[1mLinking C shared library rosidl_generator_py/pymoveit2/pymoveit2_s__rosidl_typesupport_fastrtps_c.cpython-310-x86_64-linux-gnu.so[0m
[33.567s] [ 87%] Built target pymoveit2__rosidl_typesupport_fastrtps_c__pyext
[33.629s] [ 90%] [32mBuilding C object CMakeFiles/pymoveit2__rosidl_typesupport_c__pyext.dir/rosidl_generator_py/pymoveit2/_pymoveit2_s.ep.rosidl_typesupport_c.c.o[0m
[33.968s] [ 93%] [32m[1mLinking C shared library rosidl_generator_py/pymoveit2/pymoveit2_s__rosidl_typesupport_c.cpython-310-x86_64-linux-gnu.so[0m
[34.077s] [ 93%] Built target pymoveit2__rosidl_typesupport_c__pyext
[34.171s] [ 96%] [32mBuilding C object CMakeFiles/pymoveit2__rosidl_typesupport_introspection_c__pyext.dir/rosidl_generator_py/pymoveit2/_pymoveit2_s.ep.rosidl_typesupport_introspection_c.c.o[0m
[34.529s] [100%] [32m[1mLinking C shared library rosidl_generator_py/pymoveit2/pymoveit2_s__rosidl_typesupport_introspection_c.cpython-310-x86_64-linux-gnu.so[0m
[34.640s] [100%] Built target pymoveit2__rosidl_typesupport_introspection_c__pyext
[34.676s] Invoked command in '/home/safwan/krishi_cobot_ws/build/pymoveit2' returned '0': CMAKE_PREFIX_PATH=${CMAKE_PREFIX_PATH}:/opt/ros/humble /usr/bin/cmake --build /home/safwan/krishi_cobot_ws/build/pymoveit2 -- -j4 -l4
[34.685s] Invoking command in '/home/safwan/krishi_cobot_ws/build/pymoveit2': CMAKE_PREFIX_PATH=${CMAKE_PREFIX_PATH}:/opt/ros/humble /usr/bin/cmake --install /home/safwan/krishi_cobot_ws/build/pymoveit2
[34.704s] -- Install configuration: ""
[34.706s] -- Execute custom install script
[34.708s] -- Symlinking: /home/safwan/krishi_cobot_ws/install/pymoveit2/share/ament_index/resource_index/rosidl_interfaces/pymoveit2
[34.733s] -- Symlinking: /home/safwan/krishi_cobot_ws/install/pymoveit2/include/pymoveit2/pymoveit2/msg/rosidl_generator_c__visibility_control.h
[34.756s] -- Symlinking: /home/safwan/krishi_cobot_ws/install/pymoveit2/include/pymoveit2/pymoveit2/srv/detail/move_to_pose__functions.h
[34.782s] -- Symlinking: /home/safwan/krishi_cobot_ws/install/pymoveit2/include/pymoveit2/pymoveit2/srv/detail/move_to_pose__struct.h
[34.808s] -- Symlinking: /home/safwan/krishi_cobot_ws/install/pymoveit2/include/pymoveit2/pymoveit2/srv/detail/move_to_pose__type_support.h
[34.843s] -- Symlinking: /home/safwan/krishi_cobot_ws/install/pymoveit2/include/pymoveit2/pymoveit2/srv/move_to_pose.h
[34.902s] -- Symlinking: /home/safwan/krishi_cobot_ws/install/pymoveit2/share/pymoveit2/environment/library_path.sh
[34.930s] -- Symlinking: /home/safwan/krishi_cobot_ws/install/pymoveit2/share/pymoveit2/environment/library_path.dsv
[34.965s] -- Symlinking: /home/safwan/krishi_cobot_ws/install/pymoveit2/include/pymoveit2/pymoveit2/msg/rosidl_typesupport_fastrtps_c__visibility_control.h
[34.994s] -- Symlinking: /home/safwan/krishi_cobot_ws/install/pymoveit2/include/pymoveit2/pymoveit2/srv/detail/move_to_pose__rosidl_typesupport_fastrtps_c.h
[35.025s] -- Symlinking: /home/safwan/krishi_cobot_ws/install/pymoveit2/include/pymoveit2/pymoveit2/msg/rosidl_generator_cpp__visibility_control.hpp
[35.053s] -- Symlinking: /home/safwan/krishi_cobot_ws/install/pymoveit2/include/pymoveit2/pymoveit2/srv/detail/move_to_pose__builder.hpp
[35.079s] -- Symlinking: /home/safwan/krishi_cobot_ws/install/pymoveit2/include/pymoveit2/pymoveit2/srv/detail/move_to_pose__struct.hpp
[35.104s] -- Symlinking: /home/safwan/krishi_cobot_ws/install/pymoveit2/include/pymoveit2/pymoveit2/srv/detail/move_to_pose__traits.hpp
[35.130s] -- Symlinking: /home/safwan/krishi_cobot_ws/install/pymoveit2/include/pymoveit2/pymoveit2/srv/detail/move_to_pose__type_support.hpp
[35.152s] -- Symlinking: /home/safwan/krishi_cobot_ws/install/pymoveit2/include/pymoveit2/pymoveit2/srv/move_to_pose.hpp
[35.179s] -- Symlinking: /home/safwan/krishi_cobot_ws/install/pymoveit2/include/pymoveit2/pymoveit2/msg/rosidl_typesupport_fastrtps_cpp__visibility_control.h
[35.209s] -- Symlinking: /home/safwan/krishi_cobot_ws/install/pymoveit2/include/pymoveit2/pymoveit2/srv/detail/move_to_pose__rosidl_typesupport_fastrtps_cpp.hpp
[35.247s] -- Symlinking: /home/safwan/krishi_cobot_ws/install/pymoveit2/include/pymoveit2/pymoveit2/msg/rosidl_typesupport_introspection_c__visibility_control.h
[35.301s] -- Symlinking: /home/safwan/krishi_cobot_ws/install/pymoveit2/include/pymoveit2/pymoveit2/srv/detail/move_to_pose__rosidl_typesupport_introspection_c.h
[35.329s] -- Symlinking: /home/safwan/krishi_cobot_ws/install/pymoveit2/include/pymoveit2/pymoveit2/srv/detail/move_to_pose__rosidl_typesupport_introspection_cpp.hpp
[35.358s] -- Symlinking: /home/safwan/krishi_cobot_ws/install/pymoveit2/share/pymoveit2/environment/pythonpath.sh
[35.387s] -- Symlinking: /home/safwan/krishi_cobot_ws/install/pymoveit2/share/pymoveit2/environment/pythonpath.dsv
[35.416s] -- Symlinking: /home/safwan/krishi_cobot_ws/install/pymoveit2/local/lib/python3.10/dist-packages/pymoveit2-2.1.0-py3.10.egg-info/PKG-INFO
[35.441s] -- Symlinking: /home/safwan/krishi_cobot_ws/install/pymoveit2/local/lib/python3.10/dist-packages/pymoveit2-2.1.0-py3.10.egg-info/SOURCES.txt
[35.467s] -- Symlinking: /home/safwan/krishi_cobot_ws/install/pymoveit2/local/lib/python3.10/dist-packages/pymoveit2-2.1.0-py3.10.egg-info/dependency_links.txt
[35.497s] -- Symlinking: /home/safwan/krishi_cobot_ws/install/pymoveit2/local/lib/python3.10/dist-packages/pymoveit2-2.1.0-py3.10.egg-info/top_level.txt
[35.524s] -- Symlinking: /home/safwan/krishi_cobot_ws/install/pymoveit2/local/lib/python3.10/dist-packages/pymoveit2/__init__.py
[35.550s] -- Symlinking: /home/safwan/krishi_cobot_ws/install/pymoveit2/local/lib/python3.10/dist-packages/pymoveit2/_pymoveit2_s.ep.rosidl_typesupport_c.c
[35.571s] -- Symlinking: /home/safwan/krishi_cobot_ws/install/pymoveit2/local/lib/python3.10/dist-packages/pymoveit2/_pymoveit2_s.ep.rosidl_typesupport_fastrtps_c.c
[35.606s] -- Symlinking: /home/safwan/krishi_cobot_ws/install/pymoveit2/local/lib/python3.10/dist-packages/pymoveit2/_pymoveit2_s.ep.rosidl_typesupport_introspection_c.c
[35.638s] -- Symlinking: /home/safwan/krishi_cobot_ws/install/pymoveit2/local/lib/python3.10/dist-packages/pymoveit2/libpymoveit2__rosidl_generator_py.so
[35.684s] -- Symlinking: /home/safwan/krishi_cobot_ws/install/pymoveit2/local/lib/python3.10/dist-packages/pymoveit2/pymoveit2_s__rosidl_typesupport_c.cpython-310-x86_64-linux-gnu.so
[35.716s] -- Symlinking: /home/safwan/krishi_cobot_ws/install/pymoveit2/local/lib/python3.10/dist-packages/pymoveit2/pymoveit2_s__rosidl_typesupport_fastrtps_c.cpython-310-x86_64-linux-gnu.so
[35.741s] -- Symlinking: /home/safwan/krishi_cobot_ws/install/pymoveit2/local/lib/python3.10/dist-packages/pymoveit2/pymoveit2_s__rosidl_typesupport_introspection_c.cpython-310-x86_64-linux-gnu.so
[35.772s] -- Symlinking: /home/safwan/krishi_cobot_ws/install/pymoveit2/local/lib/python3.10/dist-packages/pymoveit2/srv/__init__.py
[35.800s] -- Symlinking: /home/safwan/krishi_cobot_ws/install/pymoveit2/local/lib/python3.10/dist-packages/pymoveit2/srv/_move_to_pose.py
[35.827s] -- Symlinking: /home/safwan/krishi_cobot_ws/install/pymoveit2/local/lib/python3.10/dist-packages/pymoveit2/srv/_move_to_pose_s.c
[35.853s] -- Up-to-date symlink: /home/safwan/krishi_cobot_ws/install/pymoveit2/local/lib/python3.10/dist-packages/pymoveit2/pymoveit2_s__rosidl_typesupport_fastrtps_c.cpython-310-x86_64-linux-gnu.so
[35.854s] -- Up-to-date symlink: /home/safwan/krishi_cobot_ws/install/pymoveit2/local/lib/python3.10/dist-packages/pymoveit2/pymoveit2_s__rosidl_typesupport_introspection_c.cpython-310-x86_64-linux-gnu.so
[35.856s] -- Up-to-date symlink: /home/safwan/krishi_cobot_ws/install/pymoveit2/local/lib/python3.10/dist-packages/pymoveit2/pymoveit2_s__rosidl_typesupport_c.cpython-310-x86_64-linux-gnu.so
[35.856s] -- Symlinking: /home/safwan/krishi_cobot_ws/install/pymoveit2/share/pymoveit2/srv/MoveToPose.idl
[35.881s] -- Symlinking: /home/safwan/krishi_cobot_ws/install/pymoveit2/share/pymoveit2/srv/MoveToPose.srv
[35.907s] -- Symlinking: /home/safwan/krishi_cobot_ws/install/pymoveit2/share/pymoveit2/srv/MoveToPose_Request.msg
[35.930s] -- Symlinking: /home/safwan/krishi_cobot_ws/install/pymoveit2/share/pymoveit2/srv/MoveToPose_Response.msg
[35.955s] -- Symlinking: /home/safwan/krishi_cobot_ws/install/pymoveit2/lib/pymoveit2/twist_servo_cal.py
[35.985s] -- Symlinking: /home/safwan/krishi_cobot_ws/install/pymoveit2/lib/pymoveit2/kdl_parser_py.py
[36.018s] -- Symlinking: /home/safwan/krishi_cobot_ws/install/pymoveit2/share/pymoveit2/ur5_arm.urdf
[36.082s] -- Up-to-date symlink: /home/safwan/krishi_cobot_ws/install/pymoveit2/share/pymoveit2/srv/MoveToPose.srv
[36.082s] -- Symlinking: /home/safwan/krishi_cobot_ws/install/pymoveit2/share/ament_index/resource_index/package_run_dependencies/pymoveit2
[36.121s] -- Symlinking: /home/safwan/krishi_cobot_ws/install/pymoveit2/share/ament_index/resource_index/parent_prefix_path/pymoveit2
[36.149s] -- Symlinking: /home/safwan/krishi_cobot_ws/install/pymoveit2/share/pymoveit2/environment/ament_prefix_path.sh
[36.182s] -- Symlinking: /home/safwan/krishi_cobot_ws/install/pymoveit2/share/pymoveit2/environment/ament_prefix_path.dsv
[36.210s] -- Symlinking: /home/safwan/krishi_cobot_ws/install/pymoveit2/share/pymoveit2/environment/path.sh
[36.236s] -- Symlinking: /home/safwan/krishi_cobot_ws/install/pymoveit2/share/pymoveit2/environment/path.dsv
[36.263s] -- Symlinking: /home/safwan/krishi_cobot_ws/install/pymoveit2/share/pymoveit2/local_setup.bash
[36.286s] -- Symlinking: /home/safwan/krishi_cobot_ws/install/pymoveit2/share/pymoveit2/local_setup.sh
[36.312s] -- Symlinking: /home/safwan/krishi_cobot_ws/install/pymoveit2/share/pymoveit2/local_setup.zsh
[36.338s] -- Symlinking: /home/safwan/krishi_cobot_ws/install/pymoveit2/share/pymoveit2/local_setup.dsv
[36.362s] -- Symlinking: /home/safwan/krishi_cobot_ws/install/pymoveit2/share/pymoveit2/package.dsv
[36.395s] -- Symlinking: /home/safwan/krishi_cobot_ws/install/pymoveit2/share/ament_index/resource_index/packages/pymoveit2
[36.451s] -- Symlinking: /home/safwan/krishi_cobot_ws/install/pymoveit2/share/pymoveit2/cmake/rosidl_cmake-extras.cmake
[36.481s] -- Symlinking: /home/safwan/krishi_cobot_ws/install/pymoveit2/share/pymoveit2/cmake/ament_cmake_export_include_directories-extras.cmake
[36.510s] -- Symlinking: /home/safwan/krishi_cobot_ws/install/pymoveit2/share/pymoveit2/cmake/ament_cmake_export_libraries-extras.cmake
[36.538s] -- Symlinking: /home/safwan/krishi_cobot_ws/install/pymoveit2/share/pymoveit2/cmake/ament_cmake_export_targets-extras.cmake
[36.563s] -- Symlinking: /home/safwan/krishi_cobot_ws/install/pymoveit2/share/pymoveit2/cmake/rosidl_cmake_export_typesupport_targets-extras.cmake
[36.590s] -- Symlinking: /home/safwan/krishi_cobot_ws/install/pymoveit2/share/pymoveit2/cmake/ament_cmake_export_dependencies-extras.cmake
[36.620s] -- Symlinking: /home/safwan/krishi_cobot_ws/install/pymoveit2/share/pymoveit2/cmake/rosidl_cmake_export_typesupport_libraries-extras.cmake
[36.646s] -- Symlinking: /home/safwan/krishi_cobot_ws/install/pymoveit2/share/pymoveit2/cmake/pymoveit2Config.cmake
[36.673s] -- Symlinking: /home/safwan/krishi_cobot_ws/install/pymoveit2/share/pymoveit2/cmake/pymoveit2Config-version.cmake
[36.698s] -- Symlinking: /home/safwan/krishi_cobot_ws/install/pymoveit2/share/pymoveit2/package.xml
[36.724s] -- Installing: /home/safwan/krishi_cobot_ws/install/pymoveit2/lib/libpymoveit2__rosidl_generator_c.so
[36.725s] -- Set runtime path of "/home/safwan/krishi_cobot_ws/install/pymoveit2/lib/libpymoveit2__rosidl_generator_c.so" to ""
[36.726s] -- Installing: /home/safwan/krishi_cobot_ws/install/pymoveit2/lib/libpymoveit2__rosidl_typesupport_fastrtps_c.so
[36.727s] -- Set runtime path of "/home/safwan/krishi_cobot_ws/install/pymoveit2/lib/libpymoveit2__rosidl_typesupport_fastrtps_c.so" to ""
[36.727s] -- Installing: /home/safwan/krishi_cobot_ws/install/pymoveit2/lib/libpymoveit2__rosidl_typesupport_fastrtps_cpp.so
[36.729s] -- Set runtime path of "/home/safwan/krishi_cobot_ws/install/pymoveit2/lib/libpymoveit2__rosidl_typesupport_fastrtps_cpp.so" to ""
[36.729s] -- Installing: /home/safwan/krishi_cobot_ws/install/pymoveit2/lib/libpymoveit2__rosidl_typesupport_introspection_c.so
[36.730s] -- Set runtime path of "/home/safwan/krishi_cobot_ws/install/pymoveit2/lib/libpymoveit2__rosidl_typesupport_introspection_c.so" to ""
[36.730s] -- Installing: /home/safwan/krishi_cobot_ws/install/pymoveit2/lib/libpymoveit2__rosidl_typesupport_c.so
[36.731s] -- Set runtime path of "/home/safwan/krishi_cobot_ws/install/pymoveit2/lib/libpymoveit2__rosidl_typesupport_c.so" to ""
[36.732s] -- Installing: /home/safwan/krishi_cobot_ws/install/pymoveit2/lib/libpymoveit2__rosidl_typesupport_introspection_cpp.so
[36.733s] -- Set runtime path of "/home/safwan/krishi_cobot_ws/install/pymoveit2/lib/libpymoveit2__rosidl_typesupport_introspection_cpp.so" to ""
[36.733s] -- Installing: /home/safwan/krishi_cobot_ws/install/pymoveit2/lib/libpymoveit2__rosidl_typesupport_cpp.so
[36.734s] -- Set runtime path of "/home/safwan/krishi_cobot_ws/install/pymoveit2/lib/libpymoveit2__rosidl_typesupport_cpp.so" to ""
[36.897s] Listing '/home/safwan/krishi_cobot_ws/install/pymoveit2/local/lib/python3.10/dist-packages/pymoveit2'...
[36.897s] Compiling '/home/safwan/krishi_cobot_ws/install/pymoveit2/local/lib/python3.10/dist-packages/pymoveit2/__init__.py'...
[36.898s] Listing '/home/safwan/krishi_cobot_ws/install/pymoveit2/local/lib/python3.10/dist-packages/pymoveit2/srv'...
[36.898s] Compiling '/home/safwan/krishi_cobot_ws/install/pymoveit2/local/lib/python3.10/dist-packages/pymoveit2/srv/__init__.py'...
[36.898s] Compiling '/home/safwan/krishi_cobot_ws/install/pymoveit2/local/lib/python3.10/dist-packages/pymoveit2/srv/_move_to_pose.py'...
[36.906s] -- Installing: /home/safwan/krishi_cobot_ws/install/pymoveit2/lib/libpymoveit2__rosidl_generator_py.so
[36.908s] -- Set runtime path of "/home/safwan/krishi_cobot_ws/install/pymoveit2/lib/libpymoveit2__rosidl_generator_py.so" to ""
[36.909s] -- Installing: /home/safwan/krishi_cobot_ws/install/pymoveit2/share/pymoveit2/cmake/export_pymoveit2__rosidl_generator_cExport.cmake
[36.909s] -- Installing: /home/safwan/krishi_cobot_ws/install/pymoveit2/share/pymoveit2/cmake/export_pymoveit2__rosidl_generator_cExport-noconfig.cmake
[36.910s] -- Installing: /home/safwan/krishi_cobot_ws/install/pymoveit2/share/pymoveit2/cmake/export_pymoveit2__rosidl_typesupport_fastrtps_cExport.cmake
[36.910s] -- Installing: /home/safwan/krishi_cobot_ws/install/pymoveit2/share/pymoveit2/cmake/export_pymoveit2__rosidl_typesupport_fastrtps_cExport-noconfig.cmake
[36.910s] -- Installing: /home/safwan/krishi_cobot_ws/install/pymoveit2/share/pymoveit2/cmake/export_pymoveit2__rosidl_generator_cppExport.cmake
[36.911s] -- Installing: /home/safwan/krishi_cobot_ws/install/pymoveit2/share/pymoveit2/cmake/export_pymoveit2__rosidl_typesupport_fastrtps_cppExport.cmake
[36.911s] -- Installing: /home/safwan/krishi_cobot_ws/install/pymoveit2/share/pymoveit2/cmake/export_pymoveit2__rosidl_typesupport_fastrtps_cppExport-noconfig.cmake
[36.912s] -- Installing: /home/safwan/krishi_cobot_ws/install/pymoveit2/share/pymoveit2/cmake/pymoveit2__rosidl_typesupport_introspection_cExport.cmake
[36.912s] -- Installing: /home/safwan/krishi_cobot_ws/install/pymoveit2/share/pymoveit2/cmake/pymoveit2__rosidl_typesupport_introspection_cExport-noconfig.cmake
[36.912s] -- Installing: /home/safwan/krishi_cobot_ws/install/pymoveit2/share/pymoveit2/cmake/pymoveit2__rosidl_typesupport_cExport.cmake
[36.913s] -- Installing: /home/safwan/krishi_cobot_ws/install/pymoveit2/share/pymoveit2/cmake/pymoveit2__rosidl_typesupport_cExport-noconfig.cmake
[36.914s] -- Installing: /home/safwan/krishi_cobot_ws/install/pymoveit2/share/pymoveit2/cmake/pymoveit2__rosidl_typesupport_introspection_cppExport.cmake
[36.915s] -- Installing: /home/safwan/krishi_cobot_ws/install/pymoveit2/share/pymoveit2/cmake/pymoveit2__rosidl_typesupport_introspection_cppExport-noconfig.cmake
[36.916s] -- Installing: /home/safwan/krishi_cobot_ws/install/pymoveit2/share/pymoveit2/cmake/pymoveit2__rosidl_typesupport_cppExport.cmake
[36.917s] -- Installing: /home/safwan/krishi_cobot_ws/install/pymoveit2/share/pymoveit2/cmake/pymoveit2__rosidl_typesupport_cppExport-noconfig.cmake
[36.917s] -- Installing: /home/safwan/krishi_cobot_ws/install/pymoveit2/share/pymoveit2/cmake/export_pymoveit2__rosidl_generator_pyExport.cmake
[36.917s] -- Installing: /home/safwan/krishi_cobot_ws/install/pymoveit2/share/pymoveit2/cmake/export_pymoveit2__rosidl_generator_pyExport-noconfig.cmake
[36.924s] Invoked command in '/home/safwan/krishi_cobot_ws/build/pymoveit2' returned '0': CMAKE_PREFIX_PATH=${CMAKE_PREFIX_PATH}:/opt/ros/humble /usr/bin/cmake --install /home/safwan/krishi_cobot_ws/build/pymoveit2
