[0.073s] Invoking command in '/home/safwan/krishi_cobot_ws/build/eyantra_warehouse': CMAKE_PREFIX_PATH=/opt/ros/humble /usr/bin/cmake /home/safwan/krishi_cobot_ws/src/eyrc-25-26-krishi-cobot/eyantra_warehouse -DCMAKE_INSTALL_PREFIX=/home/safwan/krishi_cobot_ws/install/eyantra_warehouse
[0.166s] -- Found ament_cmake: 1.3.12 (/opt/ros/humble/share/ament_cmake/cmake)
[0.591s] -- Override CMake install command with custom implementation using symlinks instead of copying resources
[0.644s] -- Found ament_lint_auto: 0.12.14 (/opt/ros/humble/share/ament_lint_auto/cmake)
[0.960s] -- Configuring done
[0.980s] -- Generating done
[0.991s] -- Build files have been written to: /home/safwan/krishi_cobot_ws/build/eyantra_warehouse
[1.011s] Invoked command in '/home/safwan/krishi_cobot_ws/build/eyantra_warehouse' returned '0': CMAKE_PREFIX_PATH=/opt/ros/humble /usr/bin/cmake /home/safwan/krishi_cobot_ws/src/eyrc-25-26-krishi-cobot/eyantra_warehouse -DCMAKE_INSTALL_PREFIX=/home/safwan/krishi_cobot_ws/install/eyantra_warehouse
[1.029s] Invoking command in '/home/safwan/krishi_cobot_ws/build/eyantra_warehouse': CMAKE_PREFIX_PATH=/opt/ros/humble /usr/bin/cmake --build /home/safwan/krishi_cobot_ws/build/eyantra_warehouse -- -j4 -l4
[1.291s] Invoked command in '/home/safwan/krishi_cobot_ws/build/eyantra_warehouse' returned '0': CMAKE_PREFIX_PATH=/opt/ros/humble /usr/bin/cmake --build /home/safwan/krishi_cobot_ws/build/eyantra_warehouse -- -j4 -l4
[1.350s] Invoking command in '/home/safwan/krishi_cobot_ws/build/eyantra_warehouse': CMAKE_PREFIX_PATH=/opt/ros/humble /usr/bin/cmake --install /home/safwan/krishi_cobot_ws/build/eyantra_warehouse
[1.369s] -- Install configuration: ""
[1.371s] -- Execute custom install script
[1.374s] -- Up-to-date symlink: /home/safwan/krishi_cobot_ws/install/eyantra_warehouse/share/eyantra_warehouse//launch/task0.launch.py
[1.375s] -- Up-to-date symlink: /home/safwan/krishi_cobot_ws/install/eyantra_warehouse/share/eyantra_warehouse//launch/task1.launch.py
[1.377s] -- Up-to-date symlink: /home/safwan/krishi_cobot_ws/install/eyantra_warehouse/share/eyantra_warehouse//launch/task1_bonus.launch.py
[1.377s] -- Up-to-date symlink: /home/safwan/krishi_cobot_ws/install/eyantra_warehouse/share/eyantra_warehouse//worlds/eyantra_warehouse_task0.world
[1.380s] -- Up-to-date symlink: /home/safwan/krishi_cobot_ws/install/eyantra_warehouse/share/eyantra_warehouse//worlds/eyantra_warehouse_task1.world
[1.381s] -- Up-to-date symlink: /home/safwan/krishi_cobot_ws/install/eyantra_warehouse/share/eyantra_warehouse//worlds/eyantra_warehouse_task1_bonus.world
[1.387s] -- Up-to-date symlink: /home/safwan/krishi_cobot_ws/install/eyantra_warehouse/share/eyantra_warehouse//models/TrashBin/meshes/TrashBin.mtl
[1.398s] -- Up-to-date symlink: /home/safwan/krishi_cobot_ws/install/eyantra_warehouse/share/eyantra_warehouse//models/TrashBin/meshes/TrashBin.obj
[1.399s] -- Up-to-date symlink: /home/safwan/krishi_cobot_ws/install/eyantra_warehouse/share/eyantra_warehouse//models/TrashBin/meshes/TrashBin_Diffuse.png
[1.399s] -- Up-to-date symlink: /home/safwan/krishi_cobot_ws/install/eyantra_warehouse/share/eyantra_warehouse//models/TrashBin/model.config
[1.399s] -- Up-to-date symlink: /home/safwan/krishi_cobot_ws/install/eyantra_warehouse/share/eyantra_warehouse//models/TrashBin/model.sdf
[1.399s] -- Up-to-date symlink: /home/safwan/krishi_cobot_ws/install/eyantra_warehouse/share/eyantra_warehouse//models/TrashBin/thumbnails/1.png
[1.399s] -- Up-to-date symlink: /home/safwan/krishi_cobot_ws/install/eyantra_warehouse/share/eyantra_warehouse//models/TrashBin/thumbnails/2.png
[1.399s] -- Up-to-date symlink: /home/safwan/krishi_cobot_ws/install/eyantra_warehouse/share/eyantra_warehouse//models/TrashBin/thumbnails/3.png
[1.400s] -- Up-to-date symlink: /home/safwan/krishi_cobot_ws/install/eyantra_warehouse/share/eyantra_warehouse//models/TrashBin/thumbnails/4.png
[1.400s] -- Up-to-date symlink: /home/safwan/krishi_cobot_ws/install/eyantra_warehouse/share/eyantra_warehouse//models/TrashBin/thumbnails/5.png
[1.400s] -- Up-to-date symlink: /home/safwan/krishi_cobot_ws/install/eyantra_warehouse/share/eyantra_warehouse//models/arm_base/meshes/arm_base_default.dae
[1.400s] -- Up-to-date symlink: /home/safwan/krishi_cobot_ws/install/eyantra_warehouse/share/eyantra_warehouse//models/arm_base/model.config
[1.400s] -- Up-to-date symlink: /home/safwan/krishi_cobot_ws/install/eyantra_warehouse/share/eyantra_warehouse//models/arm_base/model.sdf
[1.400s] -- Up-to-date symlink: /home/safwan/krishi_cobot_ws/install/eyantra_warehouse/share/eyantra_warehouse//models/bad_fruit/meshes/bad_fruit.mtl
[1.404s] -- Up-to-date symlink: /home/safwan/krishi_cobot_ws/install/eyantra_warehouse/share/eyantra_warehouse//models/bad_fruit/meshes/bad_fruit.obj
[1.405s] -- Up-to-date symlink: /home/safwan/krishi_cobot_ws/install/eyantra_warehouse/share/eyantra_warehouse//models/bad_fruit/model.config
[1.410s] -- Up-to-date symlink: /home/safwan/krishi_cobot_ws/install/eyantra_warehouse/share/eyantra_warehouse//models/bad_fruit/model.sdf
[1.411s] -- Up-to-date symlink: /home/safwan/krishi_cobot_ws/install/eyantra_warehouse/share/eyantra_warehouse//models/conveyor_belt/meshes/conveyor_belt.dae
[1.413s] -- Up-to-date symlink: /home/safwan/krishi_cobot_ws/install/eyantra_warehouse/share/eyantra_warehouse//models/conveyor_belt/meshes/conveyor_belt.stl
[1.415s] -- Up-to-date symlink: /home/safwan/krishi_cobot_ws/install/eyantra_warehouse/share/eyantra_warehouse//models/conveyor_belt/model.config
[1.415s] -- Up-to-date symlink: /home/safwan/krishi_cobot_ws/install/eyantra_warehouse/share/eyantra_warehouse//models/conveyor_belt/model.sdf
[1.416s] -- Up-to-date symlink: /home/safwan/krishi_cobot_ws/install/eyantra_warehouse/share/eyantra_warehouse//models/dock_shape/meshes/dock_shape.dae
[1.416s] -- Up-to-date symlink: /home/safwan/krishi_cobot_ws/install/eyantra_warehouse/share/eyantra_warehouse//models/dock_shape/meshes/dock_shape.mtl
[1.417s] -- Up-to-date symlink: /home/safwan/krishi_cobot_ws/install/eyantra_warehouse/share/eyantra_warehouse//models/dock_shape/meshes/dock_shape.obj
[1.417s] -- Up-to-date symlink: /home/safwan/krishi_cobot_ws/install/eyantra_warehouse/share/eyantra_warehouse//models/dock_shape/model.config
[1.417s] -- Up-to-date symlink: /home/safwan/krishi_cobot_ws/install/eyantra_warehouse/share/eyantra_warehouse//models/dock_shape/model.sdf
[1.417s] -- Up-to-date symlink: /home/safwan/krishi_cobot_ws/install/eyantra_warehouse/share/eyantra_warehouse//models/fertiliser_can/meshes/Fertiliser.dae
[1.417s] -- Up-to-date symlink: /home/safwan/krishi_cobot_ws/install/eyantra_warehouse/share/eyantra_warehouse//models/fertiliser_can/meshes/aruco_tag.jpg
[1.417s] -- Up-to-date symlink: /home/safwan/krishi_cobot_ws/install/eyantra_warehouse/share/eyantra_warehouse//models/fertiliser_can/model.config
[1.418s] -- Up-to-date symlink: /home/safwan/krishi_cobot_ws/install/eyantra_warehouse/share/eyantra_warehouse//models/fertiliser_can/model.sdf
[1.418s] -- Up-to-date symlink: /home/safwan/krishi_cobot_ws/install/eyantra_warehouse/share/eyantra_warehouse//models/fruit_tray/meshes/Fruit_Tray.dae
[1.418s] -- Up-to-date symlink: /home/safwan/krishi_cobot_ws/install/eyantra_warehouse/share/eyantra_warehouse//models/fruit_tray/meshes/greenhouse_wooden_floor.png.001.png
[1.418s] -- Up-to-date symlink: /home/safwan/krishi_cobot_ws/install/eyantra_warehouse/share/eyantra_warehouse//models/fruit_tray/model.config
[1.419s] -- Up-to-date symlink: /home/safwan/krishi_cobot_ws/install/eyantra_warehouse/share/eyantra_warehouse//models/fruit_tray/model.sdf
[1.420s] -- Up-to-date symlink: /home/safwan/krishi_cobot_ws/install/eyantra_warehouse/share/eyantra_warehouse//models/good_fruit/meshes/good_fruit.mtl
[1.422s] -- Up-to-date symlink: /home/safwan/krishi_cobot_ws/install/eyantra_warehouse/share/eyantra_warehouse//models/good_fruit/meshes/good_fruit.obj
[1.422s] -- Up-to-date symlink: /home/safwan/krishi_cobot_ws/install/eyantra_warehouse/share/eyantra_warehouse//models/good_fruit/model.config
[1.425s] -- Up-to-date symlink: /home/safwan/krishi_cobot_ws/install/eyantra_warehouse/share/eyantra_warehouse//models/good_fruit/model.sdf
[1.426s] -- Up-to-date symlink: /home/safwan/krishi_cobot_ws/install/eyantra_warehouse/share/eyantra_warehouse//models/ground_plane/model.config
[1.428s] -- Up-to-date symlink: /home/safwan/krishi_cobot_ws/install/eyantra_warehouse/share/eyantra_warehouse//models/ground_plane/model.sdf
[1.429s] -- Up-to-date symlink: /home/safwan/krishi_cobot_ws/install/eyantra_warehouse/share/eyantra_warehouse//models/longer_conveyor_belt/meshes/longer_conveyor_belt.dae
[1.431s] -- Up-to-date symlink: /home/safwan/krishi_cobot_ws/install/eyantra_warehouse/share/eyantra_warehouse//models/longer_conveyor_belt/model.config
[1.432s] -- Up-to-date symlink: /home/safwan/krishi_cobot_ws/install/eyantra_warehouse/share/eyantra_warehouse//models/longer_conveyor_belt/model.sdf
[1.432s] -- Up-to-date symlink: /home/safwan/krishi_cobot_ws/install/eyantra_warehouse/share/eyantra_warehouse//models/plant_red_yellow_bell_peppers_trough/meshes/KB_plant_red_yellow_bell_pepper.dae
[1.432s] -- Up-to-date symlink: /home/safwan/krishi_cobot_ws/install/eyantra_warehouse/share/eyantra_warehouse//models/plant_red_yellow_bell_peppers_trough/meshes/leaf.jpg
[1.432s] -- Up-to-date symlink: /home/safwan/krishi_cobot_ws/install/eyantra_warehouse/share/eyantra_warehouse//models/plant_red_yellow_bell_peppers_trough/meshes/soil-texture-png-3.png
[1.432s] -- Up-to-date symlink: /home/safwan/krishi_cobot_ws/install/eyantra_warehouse/share/eyantra_warehouse//models/plant_red_yellow_bell_peppers_trough/model.config
[1.432s] -- Up-to-date symlink: /home/safwan/krishi_cobot_ws/install/eyantra_warehouse/share/eyantra_warehouse//models/plant_red_yellow_bell_peppers_trough/model.sdf
[1.434s] -- Up-to-date symlink: /home/safwan/krishi_cobot_ws/install/eyantra_warehouse/share/eyantra_warehouse//models/rack/meshes/brushedsteel4.jpg
[1.435s] -- Up-to-date symlink: /home/safwan/krishi_cobot_ws/install/eyantra_warehouse/share/eyantra_warehouse//models/rack/meshes/brushedsteel_bg.jpg
[1.435s] -- Up-to-date symlink: /home/safwan/krishi_cobot_ws/install/eyantra_warehouse/share/eyantra_warehouse//models/rack/meshes/rack.dae
[1.435s] -- Up-to-date symlink: /home/safwan/krishi_cobot_ws/install/eyantra_warehouse/share/eyantra_warehouse//models/rack/meshes/rack.stl
[1.438s] -- Up-to-date symlink: /home/safwan/krishi_cobot_ws/install/eyantra_warehouse/share/eyantra_warehouse//models/rack/model.config
[1.440s] -- Up-to-date symlink: /home/safwan/krishi_cobot_ws/install/eyantra_warehouse/share/eyantra_warehouse//models/rack/model.sdf
[1.440s] -- Up-to-date symlink: /home/safwan/krishi_cobot_ws/install/eyantra_warehouse/share/eyantra_warehouse//models/square_shape/meshes/square_shape.mtl
[1.443s] -- Up-to-date symlink: /home/safwan/krishi_cobot_ws/install/eyantra_warehouse/share/eyantra_warehouse//models/square_shape/meshes/square_shape.obj
[1.447s] -- Up-to-date symlink: /home/safwan/krishi_cobot_ws/install/eyantra_warehouse/share/eyantra_warehouse//models/square_shape/model.config
[1.448s] -- Up-to-date symlink: /home/safwan/krishi_cobot_ws/install/eyantra_warehouse/share/eyantra_warehouse//models/square_shape/model.sdf
[1.448s] -- Up-to-date symlink: /home/safwan/krishi_cobot_ws/install/eyantra_warehouse/share/eyantra_warehouse//models/triangle_shape/meshes/triangle_shape.mtl
[1.448s] -- Up-to-date symlink: /home/safwan/krishi_cobot_ws/install/eyantra_warehouse/share/eyantra_warehouse//models/triangle_shape/meshes/triangle_shape.obj
[1.449s] -- Up-to-date symlink: /home/safwan/krishi_cobot_ws/install/eyantra_warehouse/share/eyantra_warehouse//models/triangle_shape/model.config
[1.449s] -- Up-to-date symlink: /home/safwan/krishi_cobot_ws/install/eyantra_warehouse/share/eyantra_warehouse//models/triangle_shape/model.sdf
[1.450s] -- Up-to-date symlink: /home/safwan/krishi_cobot_ws/install/eyantra_warehouse/share/eyantra_warehouse//models/trough/meshes/brick.mtl
[1.451s] -- Up-to-date symlink: /home/safwan/krishi_cobot_ws/install/eyantra_warehouse/share/eyantra_warehouse//models/trough/meshes/brick.obj
[1.451s] -- Up-to-date symlink: /home/safwan/krishi_cobot_ws/install/eyantra_warehouse/share/eyantra_warehouse//models/trough/meshes/leaf.jpg
[1.451s] -- Up-to-date symlink: /home/safwan/krishi_cobot_ws/install/eyantra_warehouse/share/eyantra_warehouse//models/trough/meshes/leaf.jpg.002.jpg
[1.452s] -- Up-to-date symlink: /home/safwan/krishi_cobot_ws/install/eyantra_warehouse/share/eyantra_warehouse//models/trough/meshes/leaf.jpg.002.jpg.001.jpg
[1.453s] -- Up-to-date symlink: /home/safwan/krishi_cobot_ws/install/eyantra_warehouse/share/eyantra_warehouse//models/trough/meshes/leaf.jpg.004.jpg
[1.453s] -- Up-to-date symlink: /home/safwan/krishi_cobot_ws/install/eyantra_warehouse/share/eyantra_warehouse//models/trough/meshes/soil-texture-png-3.png
[1.453s] -- Up-to-date symlink: /home/safwan/krishi_cobot_ws/install/eyantra_warehouse/share/eyantra_warehouse//models/trough/meshes/trough.dae
[1.455s] -- Up-to-date symlink: /home/safwan/krishi_cobot_ws/install/eyantra_warehouse/share/eyantra_warehouse//models/trough/meshes/truf.mtl
[1.455s] -- Up-to-date symlink: /home/safwan/krishi_cobot_ws/install/eyantra_warehouse/share/eyantra_warehouse//models/trough/meshes/truf.obj
[1.455s] -- Up-to-date symlink: /home/safwan/krishi_cobot_ws/install/eyantra_warehouse/share/eyantra_warehouse//models/trough/meshes/truf_brick.mtl
[1.455s] -- Up-to-date symlink: /home/safwan/krishi_cobot_ws/install/eyantra_warehouse/share/eyantra_warehouse//models/trough/meshes/truf_brick.obj
[1.455s] -- Up-to-date symlink: /home/safwan/krishi_cobot_ws/install/eyantra_warehouse/share/eyantra_warehouse//models/trough/meshes/truf_brick_cone.dae
[1.456s] -- Up-to-date symlink: /home/safwan/krishi_cobot_ws/install/eyantra_warehouse/share/eyantra_warehouse//models/trough/meshes/truf_brick_cone.dae.bck
[1.456s] -- Up-to-date symlink: /home/safwan/krishi_cobot_ws/install/eyantra_warehouse/share/eyantra_warehouse//models/trough/meshes/truf_brick_cone.mtl
[1.457s] -- Up-to-date symlink: /home/safwan/krishi_cobot_ws/install/eyantra_warehouse/share/eyantra_warehouse//models/trough/meshes/truf_brick_cone.obj
[1.457s] -- Up-to-date symlink: /home/safwan/krishi_cobot_ws/install/eyantra_warehouse/share/eyantra_warehouse//models/trough/model.config
[1.458s] -- Up-to-date symlink: /home/safwan/krishi_cobot_ws/install/eyantra_warehouse/share/eyantra_warehouse//models/trough/model.sdf
[1.458s] -- Up-to-date symlink: /home/safwan/krishi_cobot_ws/install/eyantra_warehouse/share/eyantra_warehouse//models/warehouse_boundary/backup/LAWN.jpg
[1.459s] -- Up-to-date symlink: /home/safwan/krishi_cobot_ws/install/eyantra_warehouse/share/eyantra_warehouse//models/warehouse_boundary/backup/SolarPanelsPolycrystallineTypeBFramedClean001_COL_3K.jpg.001.jpg
[1.459s] -- Up-to-date symlink: /home/safwan/krishi_cobot_ws/install/eyantra_warehouse/share/eyantra_warehouse//models/warehouse_boundary/backup/SolarPanelsPolycrystallineTypeBFramedClean001_COL_3K.jpg.002.jpg
[1.460s] -- Up-to-date symlink: /home/safwan/krishi_cobot_ws/install/eyantra_warehouse/share/eyantra_warehouse//models/warehouse_boundary/backup/SolarPanelsPolycrystallineTypeBFramedClean001_COL_3K.jpg.003.jpg
[1.462s] -- Up-to-date symlink: /home/safwan/krishi_cobot_ws/install/eyantra_warehouse/share/eyantra_warehouse//models/warehouse_boundary/backup/SolarPanelsPolycrystallineTypeBFramedClean001_COL_3K.jpg.004.jp.jpg
[1.463s] -- Up-to-date symlink: /home/safwan/krishi_cobot_ws/install/eyantra_warehouse/share/eyantra_warehouse//models/warehouse_boundary/backup/SolarPanelsPolycrystallineTypeBFramedClean001_COL_3K.jpg.004.jpg
[1.463s] -- Up-to-date symlink: /home/safwan/krishi_cobot_ws/install/eyantra_warehouse/share/eyantra_warehouse//models/warehouse_boundary/backup/SolarPanelsPolycrystallineTypeBFramedClean001_COL_3K.jpg.005.jpg
[1.463s] -- Up-to-date symlink: /home/safwan/krishi_cobot_ws/install/eyantra_warehouse/share/eyantra_warehouse//models/warehouse_boundary/backup/SolarPanelsPolycrystallineTypeBFramedClean001_COL_3K.jpg.006.jpg
[1.464s] -- Up-to-date symlink: /home/safwan/krishi_cobot_ws/install/eyantra_warehouse/share/eyantra_warehouse//models/warehouse_boundary/backup/SolarPanelsPolycrystallineTypeBFramedClean001_COL_3K.jpg.007.jpg
[1.464s] -- Up-to-date symlink: /home/safwan/krishi_cobot_ws/install/eyantra_warehouse/share/eyantra_warehouse//models/warehouse_boundary/backup/SolarPanelsPolycrystallineTypeBFramedClean001_COL_3K.jpg.008.jpg
[1.465s] -- Up-to-date symlink: /home/safwan/krishi_cobot_ws/install/eyantra_warehouse/share/eyantra_warehouse//models/warehouse_boundary/backup/SolarPanelsPolycrystallineTypeBFramedClean001_COL_3K.jpg.009.jpg
[1.465s] -- Up-to-date symlink: /home/safwan/krishi_cobot_ws/install/eyantra_warehouse/share/eyantra_warehouse//models/warehouse_boundary/backup/SolarPanelsPolycrystallineTypeBFramedClean001_COL_3K.jpg.010.jpg
[1.465s] -- Up-to-date symlink: /home/safwan/krishi_cobot_ws/install/eyantra_warehouse/share/eyantra_warehouse//models/warehouse_boundary/backup/SolarPanelsPolycrystallineTypeBFramedClean001_COL_3K.jpg.011.jpg
[1.465s] -- Up-to-date symlink: /home/safwan/krishi_cobot_ws/install/eyantra_warehouse/share/eyantra_warehouse//models/warehouse_boundary/backup/SolarPanelsPolycrystallineTypeBFramedClean001_COL_3K.jpg.012.jpg
[1.465s] -- Up-to-date symlink: /home/safwan/krishi_cobot_ws/install/eyantra_warehouse/share/eyantra_warehouse//models/warehouse_boundary/backup/SolarPanelsPolycrystallineTypeBFramedClean001_COL_3K.jpg.013.jpg
[1.465s] -- Up-to-date symlink: /home/safwan/krishi_cobot_ws/install/eyantra_warehouse/share/eyantra_warehouse//models/warehouse_boundary/backup/SolarPanelsPolycrystallineTypeBFramedClean001_COL_3K.jpg.014.jpg
[1.466s] -- Up-to-date symlink: /home/safwan/krishi_cobot_ws/install/eyantra_warehouse/share/eyantra_warehouse//models/warehouse_boundary/backup/SolarPanelsPolycrystallineTypeBFramedClean001_COL_3K.jpg.015.jpg
[1.466s] -- Up-to-date symlink: /home/safwan/krishi_cobot_ws/install/eyantra_warehouse/share/eyantra_warehouse//models/warehouse_boundary/backup/SolarPanelsPolycrystallineTypeBFramedClean001_COL_3K.jpg.016.jpg
[1.466s] -- Up-to-date symlink: /home/safwan/krishi_cobot_ws/install/eyantra_warehouse/share/eyantra_warehouse//models/warehouse_boundary/backup/SolarPanelsPolycrystallineTypeBFramedClean001_COL_3K.jpg.017.jpg
[1.466s] -- Up-to-date symlink: /home/safwan/krishi_cobot_ws/install/eyantra_warehouse/share/eyantra_warehouse//models/warehouse_boundary/backup/SolarPanelsPolycrystallineTypeBFramedClean001_COL_3K.jpg.018.jpg
[1.467s] -- Up-to-date symlink: /home/safwan/krishi_cobot_ws/install/eyantra_warehouse/share/eyantra_warehouse//models/warehouse_boundary/backup/SolarPanelsPolycrystallineTypeBFramedClean001_COL_3K.jpg.019.jpg
[1.467s] -- Up-to-date symlink: /home/safwan/krishi_cobot_ws/install/eyantra_warehouse/share/eyantra_warehouse//models/warehouse_boundary/backup/SolarPanelsPolycrystallineTypeBFramedClean001_COL_3K.jpg.020.jpg
[1.467s] -- Up-to-date symlink: /home/safwan/krishi_cobot_ws/install/eyantra_warehouse/share/eyantra_warehouse//models/warehouse_boundary/backup/SolarPanelsPolycrystallineTypeBFramedClean001_COL_3K.jpg.021.jpg
[1.468s] -- Up-to-date symlink: /home/safwan/krishi_cobot_ws/install/eyantra_warehouse/share/eyantra_warehouse//models/warehouse_boundary/backup/SolarPanelsPolycrystallineTypeBFramedClean001_COL_3K.jpg.022.jpg
[1.470s] -- Up-to-date symlink: /home/safwan/krishi_cobot_ws/install/eyantra_warehouse/share/eyantra_warehouse//models/warehouse_boundary/backup/SolarPanelsPolycrystallineTypeBFramedClean001_COL_3K.jpg.023.jpg
[1.472s] -- Up-to-date symlink: /home/safwan/krishi_cobot_ws/install/eyantra_warehouse/share/eyantra_warehouse//models/warehouse_boundary/backup/SolarPanelsPolycrystallineTypeBFramedClean001_COL_3K.jpg.024.jpg
[1.472s] -- Up-to-date symlink: /home/safwan/krishi_cobot_ws/install/eyantra_warehouse/share/eyantra_warehouse//models/warehouse_boundary/backup/SolarPanelsPolycrystallineTypeBFramedClean001_COL_3K.jpg.025.jpg
[1.472s] -- Up-to-date symlink: /home/safwan/krishi_cobot_ws/install/eyantra_warehouse/share/eyantra_warehouse//models/warehouse_boundary/backup/SolarPanelsPolycrystallineTypeBFramedClean001_COL_3K.jpg.026.jpg
[1.472s] -- Up-to-date symlink: /home/safwan/krishi_cobot_ws/install/eyantra_warehouse/share/eyantra_warehouse//models/warehouse_boundary/backup/SolarPanelsPolycrystallineTypeBFramedClean001_COL_3K.jpg.027.jpg
[1.472s] -- Up-to-date symlink: /home/safwan/krishi_cobot_ws/install/eyantra_warehouse/share/eyantra_warehouse//models/warehouse_boundary/backup/SolarPanelsPolycrystallineTypeBFramedClean001_COL_3K.jpg.028.jpg
[1.472s] -- Up-to-date symlink: /home/safwan/krishi_cobot_ws/install/eyantra_warehouse/share/eyantra_warehouse//models/warehouse_boundary/backup/SolarPanelsPolycrystallineTypeBFramedClean001_COL_3K.jpg.029.jpg
[1.473s] -- Up-to-date symlink: /home/safwan/krishi_cobot_ws/install/eyantra_warehouse/share/eyantra_warehouse//models/warehouse_boundary/backup/SolarPanelsPolycrystallineTypeBFramedClean001_COL_3K.jpg.030.jpg
[1.482s] -- Up-to-date symlink: /home/safwan/krishi_cobot_ws/install/eyantra_warehouse/share/eyantra_warehouse//models/warehouse_boundary/backup/bernd-dittrich-mapUehHSHYU-unsplash.jpg
[1.483s] -- Up-to-date symlink: /home/safwan/krishi_cobot_ws/install/eyantra_warehouse/share/eyantra_warehouse//models/warehouse_boundary/backup/branch-texture-png.png
[1.483s] -- Up-to-date symlink: /home/safwan/krishi_cobot_ws/install/eyantra_warehouse/share/eyantra_warehouse//models/warehouse_boundary/backup/greenhouse_wooden_floor.png
[1.483s] -- Up-to-date symlink: /home/safwan/krishi_cobot_ws/install/eyantra_warehouse/share/eyantra_warehouse//models/warehouse_boundary/backup/ground.jpg
[1.483s] -- Up-to-date symlink: /home/safwan/krishi_cobot_ws/install/eyantra_warehouse/share/eyantra_warehouse//models/warehouse_boundary/backup/miha-rekar-LIel8q1XQsE-unsplash.jpg
[1.483s] -- Up-to-date symlink: /home/safwan/krishi_cobot_ws/install/eyantra_warehouse/share/eyantra_warehouse//models/warehouse_boundary/backup/miha-rekar-LIel8q1XQsE-unsplash.jpg.001.jpg
[1.483s] -- Up-to-date symlink: /home/safwan/krishi_cobot_ws/install/eyantra_warehouse/share/eyantra_warehouse//models/warehouse_boundary/backup/tilebark.jpg
[1.483s] -- Up-to-date symlink: /home/safwan/krishi_cobot_ws/install/eyantra_warehouse/share/eyantra_warehouse//models/warehouse_boundary/backup/warehouse_boundary.dae
[1.484s] -- Up-to-date symlink: /home/safwan/krishi_cobot_ws/install/eyantra_warehouse/share/eyantra_warehouse//models/warehouse_boundary/backup/warehouse_boundary_glass_cover.dae
[1.484s] -- Up-to-date symlink: /home/safwan/krishi_cobot_ws/install/eyantra_warehouse/share/eyantra_warehouse//models/warehouse_boundary/backup/warehouse_boundary_glass_cover_modified.dae
[1.484s] -- Up-to-date symlink: /home/safwan/krishi_cobot_ws/install/eyantra_warehouse/share/eyantra_warehouse//models/warehouse_boundary/backup/warehouse_boundary_modified.dae
[1.484s] -- Up-to-date symlink: /home/safwan/krishi_cobot_ws/install/eyantra_warehouse/share/eyantra_warehouse//models/warehouse_boundary/backup/warehouse_floor.jpg
[1.484s] -- Up-to-date symlink: /home/safwan/krishi_cobot_ws/install/eyantra_warehouse/share/eyantra_warehouse//models/warehouse_boundary/backup/warningTape.png
[1.485s] -- Up-to-date symlink: /home/safwan/krishi_cobot_ws/install/eyantra_warehouse/share/eyantra_warehouse//models/warehouse_boundary/meshes/SolarPanelsPolycrystallineTypeBFramedClean001_COL_3K.jpg.030.j.jpg
[1.486s] -- Up-to-date symlink: /home/safwan/krishi_cobot_ws/install/eyantra_warehouse/share/eyantra_warehouse//models/warehouse_boundary/meshes/bernd-dittrich-mapUehHSHYU-unsplash.jpg
[1.486s] -- Up-to-date symlink: /home/safwan/krishi_cobot_ws/install/eyantra_warehouse/share/eyantra_warehouse//models/warehouse_boundary/meshes/greenhouse_wooden_floor.png.001.png
[1.486s] -- Up-to-date symlink: /home/safwan/krishi_cobot_ws/install/eyantra_warehouse/share/eyantra_warehouse//models/warehouse_boundary/meshes/ground.jpg.001.jpg
[1.486s] -- Up-to-date symlink: /home/safwan/krishi_cobot_ws/install/eyantra_warehouse/share/eyantra_warehouse//models/warehouse_boundary/meshes/miha-rekar-LIel8q1XQsE-unsplash.jpg
[1.486s] -- Up-to-date symlink: /home/safwan/krishi_cobot_ws/install/eyantra_warehouse/share/eyantra_warehouse//models/warehouse_boundary/meshes/warehouse_boundary.dae
[1.487s] -- Up-to-date symlink: /home/safwan/krishi_cobot_ws/install/eyantra_warehouse/share/eyantra_warehouse//models/warehouse_boundary/meshes/warehouse_boundary_glass_cover.dae
[1.487s] -- Up-to-date symlink: /home/safwan/krishi_cobot_ws/install/eyantra_warehouse/share/eyantra_warehouse//models/warehouse_boundary/meshes/warehouse_boundary_glass_cover_modified.dae
[1.487s] -- Up-to-date symlink: /home/safwan/krishi_cobot_ws/install/eyantra_warehouse/share/eyantra_warehouse//models/warehouse_boundary/meshes/warehouse_boundary_modified.dae
[1.487s] -- Up-to-date symlink: /home/safwan/krishi_cobot_ws/install/eyantra_warehouse/share/eyantra_warehouse//models/warehouse_boundary/meshes/warningTape.png
[1.487s] -- Up-to-date symlink: /home/safwan/krishi_cobot_ws/install/eyantra_warehouse/share/eyantra_warehouse//models/warehouse_boundary/model.config
[1.487s] -- Up-to-date symlink: /home/safwan/krishi_cobot_ws/install/eyantra_warehouse/share/eyantra_warehouse//models/warehouse_boundary/model.sdf
[1.487s] -- Up-to-date symlink: /home/safwan/krishi_cobot_ws/install/eyantra_warehouse/share/eyantra_warehouse//models/warehouse_divider/meshes/LAWN.jpg
[1.490s] -- Up-to-date symlink: /home/safwan/krishi_cobot_ws/install/eyantra_warehouse/share/eyantra_warehouse//models/warehouse_divider/meshes/warehouse_divider.dae
[1.491s] -- Up-to-date symlink: /home/safwan/krishi_cobot_ws/install/eyantra_warehouse/share/eyantra_warehouse//models/warehouse_divider/model.config
[1.491s] -- Up-to-date symlink: /home/safwan/krishi_cobot_ws/install/eyantra_warehouse/share/eyantra_warehouse//models/warehouse_divider/model.sdf
[1.491s] -- Up-to-date symlink: /home/safwan/krishi_cobot_ws/install/eyantra_warehouse/share/eyantra_warehouse//models/water_tank/water_tank.mtl
[1.491s] -- Up-to-date symlink: /home/safwan/krishi_cobot_ws/install/eyantra_warehouse/share/eyantra_warehouse//models/water_tank/water_tank.obj
[1.492s] -- Up-to-date symlink: /home/safwan/krishi_cobot_ws/install/eyantra_warehouse/share/eyantra_warehouse//models/window/model.config
[1.492s] -- Up-to-date symlink: /home/safwan/krishi_cobot_ws/install/eyantra_warehouse/share/eyantra_warehouse//models/window/model.sdf
[1.492s] -- Up-to-date symlink: /home/safwan/krishi_cobot_ws/install/eyantra_warehouse/share/eyantra_warehouse//config/SkyX_Moon.fragment
[1.492s] -- Up-to-date symlink: /home/safwan/krishi_cobot_ws/install/eyantra_warehouse/share/eyantra_warehouse//config/SkyX_Moon.png
[1.492s] -- Up-to-date symlink: /home/safwan/krishi_cobot_ws/install/eyantra_warehouse/share/eyantra_warehouse//config/package_link.json
[1.495s] -- Up-to-date symlink: /home/safwan/krishi_cobot_ws/install/eyantra_warehouse/share/eyantra_warehouse//plugins/libSampleSystem.so
[1.496s] -- Up-to-date symlink: /home/safwan/krishi_cobot_ws/install/eyantra_warehouse/share/ament_index/resource_index/package_run_dependencies/eyantra_warehouse
[1.496s] -- Up-to-date symlink: /home/safwan/krishi_cobot_ws/install/eyantra_warehouse/share/ament_index/resource_index/parent_prefix_path/eyantra_warehouse
[1.497s] -- Up-to-date symlink: /home/safwan/krishi_cobot_ws/install/eyantra_warehouse/share/eyantra_warehouse/environment/ament_prefix_path.sh
[1.497s] -- Up-to-date symlink: /home/safwan/krishi_cobot_ws/install/eyantra_warehouse/share/eyantra_warehouse/environment/ament_prefix_path.dsv
[1.498s] -- Up-to-date symlink: /home/safwan/krishi_cobot_ws/install/eyantra_warehouse/share/eyantra_warehouse/environment/path.sh
[1.498s] -- Up-to-date symlink: /home/safwan/krishi_cobot_ws/install/eyantra_warehouse/share/eyantra_warehouse/environment/path.dsv
[1.498s] -- Up-to-date symlink: /home/safwan/krishi_cobot_ws/install/eyantra_warehouse/share/eyantra_warehouse/local_setup.bash
[1.499s] -- Up-to-date symlink: /home/safwan/krishi_cobot_ws/install/eyantra_warehouse/share/eyantra_warehouse/local_setup.sh
[1.500s] -- Up-to-date symlink: /home/safwan/krishi_cobot_ws/install/eyantra_warehouse/share/eyantra_warehouse/local_setup.zsh
[1.500s] -- Up-to-date symlink: /home/safwan/krishi_cobot_ws/install/eyantra_warehouse/share/eyantra_warehouse/local_setup.dsv
[1.500s] -- Symlinking: /home/safwan/krishi_cobot_ws/install/eyantra_warehouse/share/eyantra_warehouse/package.dsv
[1.506s] -- Up-to-date symlink: /home/safwan/krishi_cobot_ws/install/eyantra_warehouse/share/ament_index/resource_index/packages/eyantra_warehouse
[1.506s] -- Up-to-date symlink: /home/safwan/krishi_cobot_ws/install/eyantra_warehouse/share/eyantra_warehouse/cmake/eyantra_warehouseConfig.cmake
[1.511s] -- Up-to-date symlink: /home/safwan/krishi_cobot_ws/install/eyantra_warehouse/share/eyantra_warehouse/cmake/eyantra_warehouseConfig-version.cmake
[1.512s] -- Up-to-date symlink: /home/safwan/krishi_cobot_ws/install/eyantra_warehouse/share/eyantra_warehouse/package.xml
[1.513s] Invoked command in '/home/safwan/krishi_cobot_ws/build/eyantra_warehouse' returned '0': CMAKE_PREFIX_PATH=/opt/ros/humble /usr/bin/cmake --install /home/safwan/krishi_cobot_ws/build/eyantra_warehouse
